{
  "stats": {
    "suites": 3,
    "tests": 15,
    "passes": 9,
    "pending": 0,
    "failures": 6,
    "start": "2022-07-15T17:03:36.075Z",
    "end": "2022-07-15T17:04:39.838Z",
    "duration": 63763,
    "testsRegistered": 15,
    "passPercent": 60,
    "pendingPercent": 0,
    "other": 0,
    "hasOther": false,
    "skipped": 0,
    "hasSkipped": false
  },
  "results": [
    {
      "uuid": "024b33a8-d412-44ab-bdc5-519599377e79",
      "title": "",
      "fullFile": "cypress/integration/07-09-header_spec.js",
      "file": "cypress/integration/07-09-header_spec.js",
      "beforeHooks": [],
      "afterHooks": [],
      "tests": [],
      "suites": [
        {
          "uuid": "6d34d40c-9fc5-4dcf-816c-bffcd21f3409",
          "title": "7 - Implemente o header de acordo com a necessidade de cada tela",
          "fullFile": "",
          "file": "",
          "beforeHooks": [],
          "afterHooks": [],
          "tests": [
            {
              "title": "Rota \"/\": não possui header",
              "fullTitle": "7 - Implemente o header de acordo com a necessidade de cada tela Rota \"/\": não possui header",
              "timedOut": null,
              "duration": 291,
              "state": "passed",
              "speed": "fast",
              "pass": true,
              "fail": false,
              "pending": false,
              "context": null,
              "code": "cy.visit('http://localhost:3000/');\nhasNoHeader();",
              "err": {},
              "uuid": "e937853a-6906-4179-babe-39f2693e467d",
              "parentUUID": "6d34d40c-9fc5-4dcf-816c-bffcd21f3409",
              "isHook": false,
              "skipped": false
            },
            {
              "title": "Rota \"/foods\": possui o header com o título \"Foods\" e os ícones de perfil e pesquisa",
              "fullTitle": "7 - Implemente o header de acordo com a necessidade de cada tela Rota \"/foods\": possui o header com o título \"Foods\" e os ícones de perfil e pesquisa",
              "timedOut": null,
              "duration": 187,
              "state": "passed",
              "speed": "fast",
              "pass": true,
              "fail": false,
              "pending": false,
              "context": null,
              "code": "cy.visit('http://localhost:3000/foods');\nhasHeader('Foods');",
              "err": {},
              "uuid": "cceb155f-d3c9-41fe-935e-3bd07edf550f",
              "parentUUID": "6d34d40c-9fc5-4dcf-816c-bffcd21f3409",
              "isHook": false,
              "skipped": false
            },
            {
              "title": "Rota \"/drinks\": possui o header com o título \"Drinks\" e os ícones de perfil e pesquisa",
              "fullTitle": "7 - Implemente o header de acordo com a necessidade de cada tela Rota \"/drinks\": possui o header com o título \"Drinks\" e os ícones de perfil e pesquisa",
              "timedOut": null,
              "duration": 10101,
              "state": "failed",
              "speed": null,
              "pass": false,
              "fail": true,
              "pending": false,
              "context": null,
              "code": "cy.visit('http://localhost:3000/drinks');\nhasHeader('Drinks');",
              "err": {
                "message": "AssertionError: Timed out retrying after 10000ms: Expected to find element: `[data-testid=\"profile-top-btn\"]`, but never found it.",
                "estack": "AssertionError: Timed out retrying after 10000ms: Expected to find element: `[data-testid=\"profile-top-btn\"]`, but never found it.\n    at hasHeader (http://localhost:3000/__cypress/tests?p=cypress/integration/07-09-header_spec.js:112:47)\n    at Context.eval (http://localhost:3000/__cypress/tests?p=cypress/integration/07-09-header_spec.js:132:5)",
                "diff": null
              },
              "uuid": "366c7c2e-82c5-4402-a06c-0e1d31da6fe7",
              "parentUUID": "6d34d40c-9fc5-4dcf-816c-bffcd21f3409",
              "isHook": false,
              "skipped": false
            },
            {
              "title": "Rota \"foods/{id-da-receita}\": não possui header",
              "fullTitle": "7 - Implemente o header de acordo com a necessidade de cada tela Rota \"foods/{id-da-receita}\": não possui header",
              "timedOut": null,
              "duration": 10126,
              "state": "failed",
              "speed": null,
              "pass": false,
              "fail": true,
              "pending": false,
              "context": null,
              "code": "cy.visit('http://localhost:3000/foods/52771');\nhasNoHeader();",
              "err": {
                "message": "AssertionError: Timed out retrying after 10000ms: Expected <img> not to exist in the DOM, but it was continuously found.",
                "estack": "AssertionError: Timed out retrying after 10000ms: Expected <img> not to exist in the DOM, but it was continuously found.\n    at hasNoHeader (http://localhost:3000/__cypress/tests?p=cypress/integration/07-09-header_spec.js:106:47)\n    at Context.eval (http://localhost:3000/__cypress/tests?p=cypress/integration/07-09-header_spec.js:136:5)",
                "diff": null
              },
              "uuid": "be0fd44d-4735-481c-bfb5-7d014e2e83e1",
              "parentUUID": "6d34d40c-9fc5-4dcf-816c-bffcd21f3409",
              "isHook": false,
              "skipped": false
            },
            {
              "title": "Rota \"drinks/{id-da-receita}\": não possui header",
              "fullTitle": "7 - Implemente o header de acordo com a necessidade de cada tela Rota \"drinks/{id-da-receita}\": não possui header",
              "timedOut": null,
              "duration": 158,
              "state": "passed",
              "speed": "fast",
              "pass": true,
              "fail": false,
              "pending": false,
              "context": null,
              "code": "cy.visit('http://localhost:3000/drinks/178319');\nhasNoHeader();",
              "err": {},
              "uuid": "ee7e4427-837f-4e2a-b097-c83d0dda7fa5",
              "parentUUID": "6d34d40c-9fc5-4dcf-816c-bffcd21f3409",
              "isHook": false,
              "skipped": false
            },
            {
              "title": "Rota \"/foods/{id-da-receita}/in-progress\": não possui header",
              "fullTitle": "7 - Implemente o header de acordo com a necessidade de cada tela Rota \"/foods/{id-da-receita}/in-progress\": não possui header",
              "timedOut": null,
              "duration": 10150,
              "state": "failed",
              "speed": null,
              "pass": false,
              "fail": true,
              "pending": false,
              "context": null,
              "code": "cy.visit('http://localhost:3000/foods/52771/in-progress');\nhasNoHeader();",
              "err": {
                "message": "AssertionError: Timed out retrying after 10000ms: Expected <img> not to exist in the DOM, but it was continuously found.",
                "estack": "AssertionError: Timed out retrying after 10000ms: Expected <img> not to exist in the DOM, but it was continuously found.\n    at hasNoHeader (http://localhost:3000/__cypress/tests?p=cypress/integration/07-09-header_spec.js:106:47)\n    at Context.eval (http://localhost:3000/__cypress/tests?p=cypress/integration/07-09-header_spec.js:144:5)",
                "diff": null
              },
              "uuid": "e823e6bf-f8ab-41e6-8f6b-baa6018634f7",
              "parentUUID": "6d34d40c-9fc5-4dcf-816c-bffcd21f3409",
              "isHook": false,
              "skipped": false
            },
            {
              "title": "Rota \"/drinks/{id-da-receita}/in-progress\": não possui header",
              "fullTitle": "7 - Implemente o header de acordo com a necessidade de cada tela Rota \"/drinks/{id-da-receita}/in-progress\": não possui header",
              "timedOut": null,
              "duration": 111,
              "state": "passed",
              "speed": "fast",
              "pass": true,
              "fail": false,
              "pending": false,
              "context": null,
              "code": "cy.visit('http://localhost:3000/drinks/178319/in-progress');\nhasNoHeader();",
              "err": {},
              "uuid": "08fc1dff-f3a3-45f8-b13d-fc682006d0e3",
              "parentUUID": "6d34d40c-9fc5-4dcf-816c-bffcd21f3409",
              "isHook": false,
              "skipped": false
            },
            {
              "title": "Rota \"/profile\": possui o header com o título \"Profile\" e o ícone de perfil, mas sem o ícone de pesquisa",
              "fullTitle": "7 - Implemente o header de acordo com a necessidade de cada tela Rota \"/profile\": possui o header com o título \"Profile\" e o ícone de perfil, mas sem o ícone de pesquisa",
              "timedOut": null,
              "duration": 10110,
              "state": "failed",
              "speed": null,
              "pass": false,
              "fail": true,
              "pending": false,
              "context": null,
              "code": "cy.visit('http://localhost:3000/profile');\nhasHeader('Profile', false);",
              "err": {
                "message": "AssertionError: Timed out retrying after 10000ms: Expected <img> not to exist in the DOM, but it was continuously found.",
                "estack": "AssertionError: Timed out retrying after 10000ms: Expected <img> not to exist in the DOM, but it was continuously found.\n    at hasHeader (http://localhost:3000/__cypress/tests?p=cypress/integration/07-09-header_spec.js:118:48)\n    at Context.eval (http://localhost:3000/__cypress/tests?p=cypress/integration/07-09-header_spec.js:152:5)",
                "diff": null
              },
              "uuid": "ae0d1d43-016c-4211-b859-97d85d48f2b6",
              "parentUUID": "6d34d40c-9fc5-4dcf-816c-bffcd21f3409",
              "isHook": false,
              "skipped": false
            },
            {
              "title": "Rota \"/done-recipes\": possui o header com o título \"Done Recipes\" e o ícone de perfil, mas sem o ícone de pesquisa",
              "fullTitle": "7 - Implemente o header de acordo com a necessidade de cada tela Rota \"/done-recipes\": possui o header com o título \"Done Recipes\" e o ícone de perfil, mas sem o ícone de pesquisa",
              "timedOut": null,
              "duration": 10101,
              "state": "failed",
              "speed": null,
              "pass": false,
              "fail": true,
              "pending": false,
              "context": null,
              "code": "cy.visit('http://localhost:3000/done-recipes');\nhasHeader('Done Recipes', false);",
              "err": {
                "message": "AssertionError: Timed out retrying after 10000ms: Expected to find element: `[data-testid=\"profile-top-btn\"]`, but never found it.",
                "estack": "AssertionError: Timed out retrying after 10000ms: Expected to find element: `[data-testid=\"profile-top-btn\"]`, but never found it.\n    at hasHeader (http://localhost:3000/__cypress/tests?p=cypress/integration/07-09-header_spec.js:112:47)\n    at Context.eval (http://localhost:3000/__cypress/tests?p=cypress/integration/07-09-header_spec.js:156:5)",
                "diff": null
              },
              "uuid": "07dc9d70-56a4-45ce-aed3-4fff87c6e356",
              "parentUUID": "6d34d40c-9fc5-4dcf-816c-bffcd21f3409",
              "isHook": false,
              "skipped": false
            },
            {
              "title": "Rota \"/favorite-recipes\": possui o header com o título \"Favorite Recipes\" e o ícone de perfil, mas sem o ícone de pesquisa",
              "fullTitle": "7 - Implemente o header de acordo com a necessidade de cada tela Rota \"/favorite-recipes\": possui o header com o título \"Favorite Recipes\" e o ícone de perfil, mas sem o ícone de pesquisa",
              "timedOut": null,
              "duration": 10133,
              "state": "failed",
              "speed": null,
              "pass": false,
              "fail": true,
              "pending": false,
              "context": null,
              "code": "cy.visit('http://localhost:3000/favorite-recipes');\nhasHeader('Favorite Recipes', false);",
              "err": {
                "message": "AssertionError: Timed out retrying after 10000ms: Expected to find element: `[data-testid=\"profile-top-btn\"]`, but never found it.",
                "estack": "AssertionError: Timed out retrying after 10000ms: Expected to find element: `[data-testid=\"profile-top-btn\"]`, but never found it.\n    at hasHeader (http://localhost:3000/__cypress/tests?p=cypress/integration/07-09-header_spec.js:112:47)\n    at Context.eval (http://localhost:3000/__cypress/tests?p=cypress/integration/07-09-header_spec.js:160:5)",
                "diff": null
              },
              "uuid": "311113f9-9b36-47ec-802b-4fb1e2094661",
              "parentUUID": "6d34d40c-9fc5-4dcf-816c-bffcd21f3409",
              "isHook": false,
              "skipped": false
            }
          ],
          "suites": [],
          "passes": [
            "e937853a-6906-4179-babe-39f2693e467d",
            "cceb155f-d3c9-41fe-935e-3bd07edf550f",
            "ee7e4427-837f-4e2a-b097-c83d0dda7fa5",
            "08fc1dff-f3a3-45f8-b13d-fc682006d0e3"
          ],
          "failures": [
            "366c7c2e-82c5-4402-a06c-0e1d31da6fe7",
            "be0fd44d-4735-481c-bfb5-7d014e2e83e1",
            "e823e6bf-f8ab-41e6-8f6b-baa6018634f7",
            "ae0d1d43-016c-4211-b859-97d85d48f2b6",
            "07dc9d70-56a4-45ce-aed3-4fff87c6e356",
            "311113f9-9b36-47ec-802b-4fb1e2094661"
          ],
          "pending": [],
          "skipped": [],
          "duration": 61468,
          "root": false,
          "rootEmpty": false,
          "_timeout": 2000
        },
        {
          "uuid": "5cdecb1d-41ca-49b9-9905-858ed10c27b2",
          "title": "8 - Redirecione a pessoa usuária para a tela de perfil ao clicar no botão de perfil",
          "fullFile": "",
          "file": "",
          "beforeHooks": [],
          "afterHooks": [],
          "tests": [
            {
              "title": "A mudança de tela ocorre corretamente",
              "fullTitle": "8 - Redirecione a pessoa usuária para a tela de perfil ao clicar no botão de perfil A mudança de tela ocorre corretamente",
              "timedOut": null,
              "duration": 342,
              "state": "passed",
              "speed": "fast",
              "pass": true,
              "fail": false,
              "pending": false,
              "context": null,
              "code": "cy.visit('http://localhost:3000/foods');\ncy.get('[data-testid=\"page-title\"]').contains('Foods');\ncy.get('[data-testid=\"profile-top-btn\"]').click();\ncy.get('[data-testid=\"page-title\"]').contains('Profile');\ncy.location().should(loc => expect(loc.pathname).to.eq('/profile'));",
              "err": {},
              "uuid": "907616d8-b822-4649-8113-38b0e5c80cce",
              "parentUUID": "5cdecb1d-41ca-49b9-9905-858ed10c27b2",
              "isHook": false,
              "skipped": false
            },
            {
              "title": "Verifica a cobertura de 45% do Componente Header",
              "fullTitle": "8 - Redirecione a pessoa usuária para a tela de perfil ao clicar no botão de perfil Verifica a cobertura de 45% do Componente Header",
              "timedOut": null,
              "duration": 67,
              "state": "passed",
              "speed": "fast",
              "pass": true,
              "fail": false,
              "pending": false,
              "context": null,
              "code": "cy.task('getCoverage', getId()).its('Header.functions.pct').should('be.gte', 45.00);\ncy.task('getCoverage', getId()).its('Header.lines.pct').should('be.gte', 45.00);\ncy.task('getCoverage', getId()).its('Header.branches.pct').should('be.gte', 45.00);",
              "err": {},
              "uuid": "57567e43-94b0-4eb2-8231-6a0a7d4c8f49",
              "parentUUID": "5cdecb1d-41ca-49b9-9905-858ed10c27b2",
              "isHook": false,
              "skipped": false
            }
          ],
          "suites": [],
          "passes": [
            "907616d8-b822-4649-8113-38b0e5c80cce",
            "57567e43-94b0-4eb2-8231-6a0a7d4c8f49"
          ],
          "failures": [],
          "pending": [],
          "skipped": [],
          "duration": 409,
          "root": false,
          "rootEmpty": false,
          "_timeout": 2000
        },
        {
          "uuid": "c0703196-6e0b-4a35-bb32-9a75f160b59b",
          "title": "9 - Desenvolva o botão de busca que, ao ser clicado, a barra de busca deve aparecer. O mesmo serve para escondê-la",
          "fullFile": "",
          "file": "",
          "beforeHooks": [],
          "afterHooks": [],
          "tests": [
            {
              "title": "Ao clicar no botão de busca pela primeira vez a barra de busca aparece",
              "fullTitle": "9 - Desenvolva o botão de busca que, ao ser clicado, a barra de busca deve aparecer. O mesmo serve para escondê-la Ao clicar no botão de busca pela primeira vez a barra de busca aparece",
              "timedOut": null,
              "duration": 231,
              "state": "passed",
              "speed": "fast",
              "pass": true,
              "fail": false,
              "pending": false,
              "context": null,
              "code": "cy.visit('http://localhost:3000/foods');\ncy.get('[data-testid=\"search-input\"]').should('not.exist');\ncy.get('[data-testid=\"search-top-btn\"]').click();\ncy.get('[data-testid=\"search-input\"]');",
              "err": {},
              "uuid": "9bb3c22a-4d8c-4716-bd4d-645acbbf3dc8",
              "parentUUID": "c0703196-6e0b-4a35-bb32-9a75f160b59b",
              "isHook": false,
              "skipped": false
            },
            {
              "title": "Ao clicar no botão de busca pela segunda vez a barra de busca desaparece",
              "fullTitle": "9 - Desenvolva o botão de busca que, ao ser clicado, a barra de busca deve aparecer. O mesmo serve para escondê-la Ao clicar no botão de busca pela segunda vez a barra de busca desaparece",
              "timedOut": null,
              "duration": 316,
              "state": "passed",
              "speed": "fast",
              "pass": true,
              "fail": false,
              "pending": false,
              "context": null,
              "code": "cy.visit('http://localhost:3000/foods');\ncy.get('[data-testid=\"search-top-btn\"]').click();\ncy.get('[data-testid=\"search-input\"]');\ncy.get('[data-testid=\"search-top-btn\"]').click();\ncy.get('[data-testid=\"search-input\"]').should('not.exist');",
              "err": {},
              "uuid": "7ca108ed-e693-4113-bd8f-21f5d7c7e9fb",
              "parentUUID": "c0703196-6e0b-4a35-bb32-9a75f160b59b",
              "isHook": false,
              "skipped": false
            },
            {
              "title": "Verifica a cobertura de 90% do Componente Header",
              "fullTitle": "9 - Desenvolva o botão de busca que, ao ser clicado, a barra de busca deve aparecer. O mesmo serve para escondê-la Verifica a cobertura de 90% do Componente Header",
              "timedOut": null,
              "duration": 118,
              "state": "passed",
              "speed": "fast",
              "pass": true,
              "fail": false,
              "pending": false,
              "context": null,
              "code": "cy.task('getCoverage', getId()).its('Header.functions.pct').should('be.gte', 90.00);\ncy.task('getCoverage', getId()).its('Header.lines.pct').should('be.gte', 90.00);\ncy.task('getCoverage', getId()).its('Header.branches.pct').should('be.gte', 90.00);",
              "err": {},
              "uuid": "07e72174-96e4-41e1-81fa-d116c474d875",
              "parentUUID": "c0703196-6e0b-4a35-bb32-9a75f160b59b",
              "isHook": false,
              "skipped": false
            }
          ],
          "suites": [],
          "passes": [
            "9bb3c22a-4d8c-4716-bd4d-645acbbf3dc8",
            "7ca108ed-e693-4113-bd8f-21f5d7c7e9fb",
            "07e72174-96e4-41e1-81fa-d116c474d875"
          ],
          "failures": [],
          "pending": [],
          "skipped": [],
          "duration": 665,
          "root": false,
          "rootEmpty": false,
          "_timeout": 2000
        }
      ],
      "passes": [],
      "failures": [],
      "pending": [],
      "skipped": [],
      "duration": 0,
      "root": true,
      "rootEmpty": true,
      "_timeout": 2000
    }
  ],
  "meta": {
    "mocha": {
      "version": "7.0.1"
    },
    "mochawesome": {
      "options": {
        "quiet": false,
        "reportFilename": "mochawesome",
        "saveHtml": false,
        "saveJson": true,
        "consoleReporter": "spec",
        "useInlineDiffs": false,
        "code": true
      },
      "version": "6.3.1"
    },
    "marge": {
      "options": {
        "id": "default",
        "reportDir": "cypress/reports",
        "overwrite": false,
        "html": false,
        "json": true
      },
      "version": "5.2.0"
    }
  }
}