{
  "stats": {
    "suites": 3,
    "tests": 15,
    "passes": 9,
    "pending": 0,
    "failures": 6,
    "start": "2022-07-15T14:39:48.883Z",
    "end": "2022-07-15T14:40:52.427Z",
    "duration": 63544,
    "testsRegistered": 15,
    "passPercent": 60,
    "pendingPercent": 0,
    "other": 0,
    "hasOther": false,
    "skipped": 0,
    "hasSkipped": false
  },
  "results": [
    {
      "uuid": "d2ea46c5-1cd7-40a4-9be9-3ae5c88f4b76",
      "title": "",
      "fullFile": "cypress/integration/07-09-header_spec.js",
      "file": "cypress/integration/07-09-header_spec.js",
      "beforeHooks": [],
      "afterHooks": [],
      "tests": [],
      "suites": [
        {
          "uuid": "e205a269-537a-4a05-b7c9-12b774dcc583",
          "title": "7 - Implemente o header de acordo com a necessidade de cada tela",
          "fullFile": "",
          "file": "",
          "beforeHooks": [],
          "afterHooks": [],
          "tests": [
            {
              "title": "Rota \"/\": não possui header",
              "fullTitle": "7 - Implemente o header de acordo com a necessidade de cada tela Rota \"/\": não possui header",
              "timedOut": null,
              "duration": 292,
              "state": "passed",
              "speed": "fast",
              "pass": true,
              "fail": false,
              "pending": false,
              "context": null,
              "code": "cy.visit('http://localhost:3000/');\nhasNoHeader();",
              "err": {},
              "uuid": "c5ef30a1-f191-42d1-88bd-b1562ee09b49",
              "parentUUID": "e205a269-537a-4a05-b7c9-12b774dcc583",
              "isHook": false,
              "skipped": false
            },
            {
              "title": "Rota \"/foods\": possui o header com o título \"Foods\" e os ícones de perfil e pesquisa",
              "fullTitle": "7 - Implemente o header de acordo com a necessidade de cada tela Rota \"/foods\": possui o header com o título \"Foods\" e os ícones de perfil e pesquisa",
              "timedOut": null,
              "duration": 198,
              "state": "passed",
              "speed": "fast",
              "pass": true,
              "fail": false,
              "pending": false,
              "context": null,
              "code": "cy.visit('http://localhost:3000/foods');\nhasHeader('Foods');",
              "err": {},
              "uuid": "cd9d1763-345c-413a-85da-13ae1b223396",
              "parentUUID": "e205a269-537a-4a05-b7c9-12b774dcc583",
              "isHook": false,
              "skipped": false
            },
            {
              "title": "Rota \"/drinks\": possui o header com o título \"Drinks\" e os ícones de perfil e pesquisa",
              "fullTitle": "7 - Implemente o header de acordo com a necessidade de cada tela Rota \"/drinks\": possui o header com o título \"Drinks\" e os ícones de perfil e pesquisa",
              "timedOut": null,
              "duration": 10102,
              "state": "failed",
              "speed": null,
              "pass": false,
              "fail": true,
              "pending": false,
              "context": null,
              "code": "cy.visit('http://localhost:3000/drinks');\nhasHeader('Drinks');",
              "err": {
                "message": "AssertionError: Timed out retrying after 10000ms: Expected to find element: `[data-testid=\"profile-top-btn\"]`, but never found it.",
                "estack": "AssertionError: Timed out retrying after 10000ms: Expected to find element: `[data-testid=\"profile-top-btn\"]`, but never found it.\n    at hasHeader (http://localhost:3000/__cypress/tests?p=cypress/integration/07-09-header_spec.js:112:47)\n    at Context.eval (http://localhost:3000/__cypress/tests?p=cypress/integration/07-09-header_spec.js:132:5)",
                "diff": null
              },
              "uuid": "46e2d529-7c6e-48fc-835d-19d69e88b88a",
              "parentUUID": "e205a269-537a-4a05-b7c9-12b774dcc583",
              "isHook": false,
              "skipped": false
            },
            {
              "title": "Rota \"foods/{id-da-receita}\": não possui header",
              "fullTitle": "7 - Implemente o header de acordo com a necessidade de cada tela Rota \"foods/{id-da-receita}\": não possui header",
              "timedOut": null,
              "duration": 10099,
              "state": "failed",
              "speed": null,
              "pass": false,
              "fail": true,
              "pending": false,
              "context": null,
              "code": "cy.visit('http://localhost:3000/foods/52771');\nhasNoHeader();",
              "err": {
                "message": "AssertionError: Timed out retrying after 10000ms: Expected <img> not to exist in the DOM, but it was continuously found.",
                "estack": "AssertionError: Timed out retrying after 10000ms: Expected <img> not to exist in the DOM, but it was continuously found.\n    at hasNoHeader (http://localhost:3000/__cypress/tests?p=cypress/integration/07-09-header_spec.js:106:47)\n    at Context.eval (http://localhost:3000/__cypress/tests?p=cypress/integration/07-09-header_spec.js:136:5)",
                "diff": null
              },
              "uuid": "9ccbab1f-146d-4579-8131-f1439eca3b0d",
              "parentUUID": "e205a269-537a-4a05-b7c9-12b774dcc583",
              "isHook": false,
              "skipped": false
            },
            {
              "title": "Rota \"drinks/{id-da-receita}\": não possui header",
              "fullTitle": "7 - Implemente o header de acordo com a necessidade de cada tela Rota \"drinks/{id-da-receita}\": não possui header",
              "timedOut": null,
              "duration": 170,
              "state": "passed",
              "speed": "fast",
              "pass": true,
              "fail": false,
              "pending": false,
              "context": null,
              "code": "cy.visit('http://localhost:3000/drinks/178319');\nhasNoHeader();",
              "err": {},
              "uuid": "07f1f9e0-6b3a-468a-9eb2-7f7286da6ed3",
              "parentUUID": "e205a269-537a-4a05-b7c9-12b774dcc583",
              "isHook": false,
              "skipped": false
            },
            {
              "title": "Rota \"/foods/{id-da-receita}/in-progress\": não possui header",
              "fullTitle": "7 - Implemente o header de acordo com a necessidade de cada tela Rota \"/foods/{id-da-receita}/in-progress\": não possui header",
              "timedOut": null,
              "duration": 10106,
              "state": "failed",
              "speed": null,
              "pass": false,
              "fail": true,
              "pending": false,
              "context": null,
              "code": "cy.visit('http://localhost:3000/foods/52771/in-progress');\nhasNoHeader();",
              "err": {
                "message": "AssertionError: Timed out retrying after 10000ms: Expected <img> not to exist in the DOM, but it was continuously found.",
                "estack": "AssertionError: Timed out retrying after 10000ms: Expected <img> not to exist in the DOM, but it was continuously found.\n    at hasNoHeader (http://localhost:3000/__cypress/tests?p=cypress/integration/07-09-header_spec.js:106:47)\n    at Context.eval (http://localhost:3000/__cypress/tests?p=cypress/integration/07-09-header_spec.js:144:5)",
                "diff": null
              },
              "uuid": "7d964aab-60d8-4b5d-bf7d-d03a8f139c99",
              "parentUUID": "e205a269-537a-4a05-b7c9-12b774dcc583",
              "isHook": false,
              "skipped": false
            },
            {
              "title": "Rota \"/drinks/{id-da-receita}/in-progress\": não possui header",
              "fullTitle": "7 - Implemente o header de acordo com a necessidade de cada tela Rota \"/drinks/{id-da-receita}/in-progress\": não possui header",
              "timedOut": null,
              "duration": 121,
              "state": "passed",
              "speed": "fast",
              "pass": true,
              "fail": false,
              "pending": false,
              "context": null,
              "code": "cy.visit('http://localhost:3000/drinks/178319/in-progress');\nhasNoHeader();",
              "err": {},
              "uuid": "4403d8ff-86ef-4a05-af10-ea07e82f698a",
              "parentUUID": "e205a269-537a-4a05-b7c9-12b774dcc583",
              "isHook": false,
              "skipped": false
            },
            {
              "title": "Rota \"/profile\": possui o header com o título \"Profile\" e o ícone de perfil, mas sem o ícone de pesquisa",
              "fullTitle": "7 - Implemente o header de acordo com a necessidade de cada tela Rota \"/profile\": possui o header com o título \"Profile\" e o ícone de perfil, mas sem o ícone de pesquisa",
              "timedOut": null,
              "duration": 10120,
              "state": "failed",
              "speed": null,
              "pass": false,
              "fail": true,
              "pending": false,
              "context": null,
              "code": "cy.visit('http://localhost:3000/profile');\nhasHeader('Profile', false);",
              "err": {
                "message": "AssertionError: Timed out retrying after 10000ms: Expected <img> not to exist in the DOM, but it was continuously found.",
                "estack": "AssertionError: Timed out retrying after 10000ms: Expected <img> not to exist in the DOM, but it was continuously found.\n    at hasHeader (http://localhost:3000/__cypress/tests?p=cypress/integration/07-09-header_spec.js:118:48)\n    at Context.eval (http://localhost:3000/__cypress/tests?p=cypress/integration/07-09-header_spec.js:152:5)",
                "diff": null
              },
              "uuid": "7cbf5c89-9bf8-4857-a45e-030926f6ad9c",
              "parentUUID": "e205a269-537a-4a05-b7c9-12b774dcc583",
              "isHook": false,
              "skipped": false
            },
            {
              "title": "Rota \"/done-recipes\": possui o header com o título \"Done Recipes\" e o ícone de perfil, mas sem o ícone de pesquisa",
              "fullTitle": "7 - Implemente o header de acordo com a necessidade de cada tela Rota \"/done-recipes\": possui o header com o título \"Done Recipes\" e o ícone de perfil, mas sem o ícone de pesquisa",
              "timedOut": null,
              "duration": 10105,
              "state": "failed",
              "speed": null,
              "pass": false,
              "fail": true,
              "pending": false,
              "context": null,
              "code": "cy.visit('http://localhost:3000/done-recipes');\nhasHeader('Done Recipes', false);",
              "err": {
                "message": "AssertionError: Timed out retrying after 10000ms: Expected to find element: `[data-testid=\"profile-top-btn\"]`, but never found it.",
                "estack": "AssertionError: Timed out retrying after 10000ms: Expected to find element: `[data-testid=\"profile-top-btn\"]`, but never found it.\n    at hasHeader (http://localhost:3000/__cypress/tests?p=cypress/integration/07-09-header_spec.js:112:47)\n    at Context.eval (http://localhost:3000/__cypress/tests?p=cypress/integration/07-09-header_spec.js:156:5)",
                "diff": null
              },
              "uuid": "936a8e59-9410-4672-a1ce-3a5333b0e75e",
              "parentUUID": "e205a269-537a-4a05-b7c9-12b774dcc583",
              "isHook": false,
              "skipped": false
            },
            {
              "title": "Rota \"/favorite-recipes\": possui o header com o título \"Favorite Recipes\" e o ícone de perfil, mas sem o ícone de pesquisa",
              "fullTitle": "7 - Implemente o header de acordo com a necessidade de cada tela Rota \"/favorite-recipes\": possui o header com o título \"Favorite Recipes\" e o ícone de perfil, mas sem o ícone de pesquisa",
              "timedOut": null,
              "duration": 10121,
              "state": "failed",
              "speed": null,
              "pass": false,
              "fail": true,
              "pending": false,
              "context": null,
              "code": "cy.visit('http://localhost:3000/favorite-recipes');\nhasHeader('Favorite Recipes', false);",
              "err": {
                "message": "AssertionError: Timed out retrying after 10000ms: Expected to find element: `[data-testid=\"profile-top-btn\"]`, but never found it.",
                "estack": "AssertionError: Timed out retrying after 10000ms: Expected to find element: `[data-testid=\"profile-top-btn\"]`, but never found it.\n    at hasHeader (http://localhost:3000/__cypress/tests?p=cypress/integration/07-09-header_spec.js:112:47)\n    at Context.eval (http://localhost:3000/__cypress/tests?p=cypress/integration/07-09-header_spec.js:160:5)",
                "diff": null
              },
              "uuid": "b14fa9bb-134e-46ed-b925-7882be6ee0a3",
              "parentUUID": "e205a269-537a-4a05-b7c9-12b774dcc583",
              "isHook": false,
              "skipped": false
            }
          ],
          "suites": [],
          "passes": [
            "c5ef30a1-f191-42d1-88bd-b1562ee09b49",
            "cd9d1763-345c-413a-85da-13ae1b223396",
            "07f1f9e0-6b3a-468a-9eb2-7f7286da6ed3",
            "4403d8ff-86ef-4a05-af10-ea07e82f698a"
          ],
          "failures": [
            "46e2d529-7c6e-48fc-835d-19d69e88b88a",
            "9ccbab1f-146d-4579-8131-f1439eca3b0d",
            "7d964aab-60d8-4b5d-bf7d-d03a8f139c99",
            "7cbf5c89-9bf8-4857-a45e-030926f6ad9c",
            "936a8e59-9410-4672-a1ce-3a5333b0e75e",
            "b14fa9bb-134e-46ed-b925-7882be6ee0a3"
          ],
          "pending": [],
          "skipped": [],
          "duration": 61434,
          "root": false,
          "rootEmpty": false,
          "_timeout": 2000
        },
        {
          "uuid": "08b2cf66-2219-40c8-b31e-f123778d9886",
          "title": "8 - Redirecione a pessoa usuária para a tela de perfil ao clicar no botão de perfil",
          "fullFile": "",
          "file": "",
          "beforeHooks": [],
          "afterHooks": [],
          "tests": [
            {
              "title": "A mudança de tela ocorre corretamente",
              "fullTitle": "8 - Redirecione a pessoa usuária para a tela de perfil ao clicar no botão de perfil A mudança de tela ocorre corretamente",
              "timedOut": null,
              "duration": 228,
              "state": "passed",
              "speed": "fast",
              "pass": true,
              "fail": false,
              "pending": false,
              "context": null,
              "code": "cy.visit('http://localhost:3000/foods');\ncy.get('[data-testid=\"page-title\"]').contains('Foods');\ncy.get('[data-testid=\"profile-top-btn\"]').click();\ncy.get('[data-testid=\"page-title\"]').contains('Profile');\ncy.location().should(loc => expect(loc.pathname).to.eq('/profile'));",
              "err": {},
              "uuid": "9fc094d7-3de1-45e1-b2f7-f3ecff364d32",
              "parentUUID": "08b2cf66-2219-40c8-b31e-f123778d9886",
              "isHook": false,
              "skipped": false
            },
            {
              "title": "Verifica a cobertura de 45% do Componente Header",
              "fullTitle": "8 - Redirecione a pessoa usuária para a tela de perfil ao clicar no botão de perfil Verifica a cobertura de 45% do Componente Header",
              "timedOut": null,
              "duration": 54,
              "state": "passed",
              "speed": "fast",
              "pass": true,
              "fail": false,
              "pending": false,
              "context": null,
              "code": "cy.task('getCoverage', getId()).its('Header.functions.pct').should('be.gte', 45.00);\ncy.task('getCoverage', getId()).its('Header.lines.pct').should('be.gte', 45.00);\ncy.task('getCoverage', getId()).its('Header.branches.pct').should('be.gte', 45.00);",
              "err": {},
              "uuid": "f7ae04b6-6987-4a48-81cf-6a9e64e35441",
              "parentUUID": "08b2cf66-2219-40c8-b31e-f123778d9886",
              "isHook": false,
              "skipped": false
            }
          ],
          "suites": [],
          "passes": [
            "9fc094d7-3de1-45e1-b2f7-f3ecff364d32",
            "f7ae04b6-6987-4a48-81cf-6a9e64e35441"
          ],
          "failures": [],
          "pending": [],
          "skipped": [],
          "duration": 282,
          "root": false,
          "rootEmpty": false,
          "_timeout": 2000
        },
        {
          "uuid": "0b9c46f1-1f1a-461b-b9b8-09e2cd3ee87e",
          "title": "9 - Desenvolva o botão de busca que, ao ser clicado, a barra de busca deve aparecer. O mesmo serve para escondê-la",
          "fullFile": "",
          "file": "",
          "beforeHooks": [],
          "afterHooks": [],
          "tests": [
            {
              "title": "Ao clicar no botão de busca pela primeira vez a barra de busca aparece",
              "fullTitle": "9 - Desenvolva o botão de busca que, ao ser clicado, a barra de busca deve aparecer. O mesmo serve para escondê-la Ao clicar no botão de busca pela primeira vez a barra de busca aparece",
              "timedOut": null,
              "duration": 209,
              "state": "passed",
              "speed": "fast",
              "pass": true,
              "fail": false,
              "pending": false,
              "context": null,
              "code": "cy.visit('http://localhost:3000/foods');\ncy.get('[data-testid=\"search-input\"]').should('not.exist');\ncy.get('[data-testid=\"search-top-btn\"]').click();\ncy.get('[data-testid=\"search-input\"]');",
              "err": {},
              "uuid": "d42b902b-dac1-43fb-a335-5999d78cb816",
              "parentUUID": "0b9c46f1-1f1a-461b-b9b8-09e2cd3ee87e",
              "isHook": false,
              "skipped": false
            },
            {
              "title": "Ao clicar no botão de busca pela segunda vez a barra de busca desaparece",
              "fullTitle": "9 - Desenvolva o botão de busca que, ao ser clicado, a barra de busca deve aparecer. O mesmo serve para escondê-la Ao clicar no botão de busca pela segunda vez a barra de busca desaparece",
              "timedOut": null,
              "duration": 352,
              "state": "passed",
              "speed": "fast",
              "pass": true,
              "fail": false,
              "pending": false,
              "context": null,
              "code": "cy.visit('http://localhost:3000/foods');\ncy.get('[data-testid=\"search-top-btn\"]').click();\ncy.get('[data-testid=\"search-input\"]');\ncy.get('[data-testid=\"search-top-btn\"]').click();\ncy.get('[data-testid=\"search-input\"]').should('not.exist');",
              "err": {},
              "uuid": "21d0e0ef-f212-4f63-aa9e-c83e786e3d89",
              "parentUUID": "0b9c46f1-1f1a-461b-b9b8-09e2cd3ee87e",
              "isHook": false,
              "skipped": false
            },
            {
              "title": "Verifica a cobertura de 90% do Componente Header",
              "fullTitle": "9 - Desenvolva o botão de busca que, ao ser clicado, a barra de busca deve aparecer. O mesmo serve para escondê-la Verifica a cobertura de 90% do Componente Header",
              "timedOut": null,
              "duration": 129,
              "state": "passed",
              "speed": "fast",
              "pass": true,
              "fail": false,
              "pending": false,
              "context": null,
              "code": "cy.task('getCoverage', getId()).its('Header.functions.pct').should('be.gte', 90.00);\ncy.task('getCoverage', getId()).its('Header.lines.pct').should('be.gte', 90.00);\ncy.task('getCoverage', getId()).its('Header.branches.pct').should('be.gte', 90.00);",
              "err": {},
              "uuid": "fcd17e18-c40c-4cf9-ae9f-00a87a1ce63a",
              "parentUUID": "0b9c46f1-1f1a-461b-b9b8-09e2cd3ee87e",
              "isHook": false,
              "skipped": false
            }
          ],
          "suites": [],
          "passes": [
            "d42b902b-dac1-43fb-a335-5999d78cb816",
            "21d0e0ef-f212-4f63-aa9e-c83e786e3d89",
            "fcd17e18-c40c-4cf9-ae9f-00a87a1ce63a"
          ],
          "failures": [],
          "pending": [],
          "skipped": [],
          "duration": 690,
          "root": false,
          "rootEmpty": false,
          "_timeout": 2000
        }
      ],
      "passes": [],
      "failures": [],
      "pending": [],
      "skipped": [],
      "duration": 0,
      "root": true,
      "rootEmpty": true,
      "_timeout": 2000
    }
  ],
  "meta": {
    "mocha": {
      "version": "7.0.1"
    },
    "mochawesome": {
      "options": {
        "quiet": false,
        "reportFilename": "mochawesome",
        "saveHtml": false,
        "saveJson": true,
        "consoleReporter": "spec",
        "useInlineDiffs": false,
        "code": true
      },
      "version": "6.3.1"
    },
    "marge": {
      "options": {
        "id": "default",
        "reportDir": "cypress/reports",
        "overwrite": false,
        "html": false,
        "json": true
      },
      "version": "5.2.0"
    }
  }
}