{
  "stats": {
    "suites": 1,
    "tests": 1,
    "passes": 0,
    "pending": 0,
    "failures": 1,
    "start": "2022-07-15T19:37:23.115Z",
    "end": "2022-07-15T19:37:41.228Z",
    "duration": 18113,
    "testsRegistered": 1,
    "passPercent": 0,
    "pendingPercent": 0,
    "other": 0,
    "hasOther": false,
    "skipped": 0,
    "hasSkipped": false
  },
  "results": [
    {
      "uuid": "9fc78d70-4d53-4a04-b0ea-462918de2235",
      "title": "",
      "fullFile": "cypress/integration/01-coverage_spec.js",
      "file": "cypress/integration/01-coverage_spec.js",
      "beforeHooks": [],
      "afterHooks": [],
      "tests": [],
      "suites": [
        {
          "uuid": "f1acf2da-7ec5-4f21-a192-09509ba5eba8",
          "title": "1 - Desenvolva os testes unitários de maneira que a cobertura seja de, no mínimo, 90%",
          "fullFile": "",
          "file": "",
          "beforeHooks": [],
          "afterHooks": [],
          "tests": [
            {
              "title": "Verifica a cobertura de 90% da aplicação total",
              "fullTitle": "1 - Desenvolva os testes unitários de maneira que a cobertura seja de, no mínimo, 90% Verifica a cobertura de 90% da aplicação total",
              "timedOut": null,
              "duration": 18017,
              "state": "failed",
              "speed": null,
              "pass": false,
              "fail": true,
              "pending": false,
              "context": null,
              "code": "cy.task('getCoverage', getId()).its('total.branches.pct').should('be.gte', 90.00);",
              "err": {
                "message": "AssertionError: Timed out retrying after 10000ms: expected 77.5 to be at least 90",
                "estack": "AssertionError: Timed out retrying after 10000ms: expected 77.5 to be at least 90\n    at Context.eval (http://localhost:34979/__cypress/tests?p=cypress/integration/01-coverage_spec.js:106:63)",
                "diff": "- 77.5\n+ 90\n"
              },
              "uuid": "ef15d6d9-c7a4-409a-b186-afed8051d0d8",
              "parentUUID": "f1acf2da-7ec5-4f21-a192-09509ba5eba8",
              "isHook": false,
              "skipped": false
            }
          ],
          "suites": [],
          "passes": [],
          "failures": [
            "ef15d6d9-c7a4-409a-b186-afed8051d0d8"
          ],
          "pending": [],
          "skipped": [],
          "duration": 18017,
          "root": false,
          "rootEmpty": false,
          "_timeout": 2000
        }
      ],
      "passes": [],
      "failures": [],
      "pending": [],
      "skipped": [],
      "duration": 0,
      "root": true,
      "rootEmpty": true,
      "_timeout": 2000
    }
  ],
  "meta": {
    "mocha": {
      "version": "7.0.1"
    },
    "mochawesome": {
      "options": {
        "quiet": false,
        "reportFilename": "mochawesome",
        "saveHtml": false,
        "saveJson": true,
        "consoleReporter": "spec",
        "useInlineDiffs": false,
        "code": true
      },
      "version": "6.3.1"
    },
    "marge": {
      "options": {
        "id": "default",
        "reportDir": "cypress/reports",
        "overwrite": false,
        "html": false,
        "json": true
      },
      "version": "5.2.0"
    }
  }
}