{
  "stats": {
    "suites": 3,
    "tests": 15,
    "passes": 8,
    "pending": 0,
    "failures": 7,
    "start": "2022-07-15T19:40:24.358Z",
    "end": "2022-07-15T19:41:40.474Z",
    "duration": 76116,
    "testsRegistered": 15,
    "passPercent": 53.333333333333336,
    "pendingPercent": 0,
    "other": 0,
    "hasOther": false,
    "skipped": 0,
    "hasSkipped": false
  },
  "results": [
    {
      "uuid": "eac62e04-236a-45fd-a4ae-ea4b0b45776f",
      "title": "",
      "fullFile": "cypress/integration/07-09-header_spec.js",
      "file": "cypress/integration/07-09-header_spec.js",
      "beforeHooks": [],
      "afterHooks": [],
      "tests": [],
      "suites": [
        {
          "uuid": "3a0218f2-91fe-4653-ab26-2c78931b0e1f",
          "title": "7 - Implemente o header de acordo com a necessidade de cada tela",
          "fullFile": "",
          "file": "",
          "beforeHooks": [],
          "afterHooks": [],
          "tests": [
            {
              "title": "Rota \"/\": não possui header",
              "fullTitle": "7 - Implemente o header de acordo com a necessidade de cada tela Rota \"/\": não possui header",
              "timedOut": null,
              "duration": 542,
              "state": "passed",
              "speed": "fast",
              "pass": true,
              "fail": false,
              "pending": false,
              "context": null,
              "code": "cy.visit('http://localhost:3000/');\nhasNoHeader();",
              "err": {},
              "uuid": "cc9d9c66-7fc0-4e0e-a21d-5cbb7517cbaf",
              "parentUUID": "3a0218f2-91fe-4653-ab26-2c78931b0e1f",
              "isHook": false,
              "skipped": false
            },
            {
              "title": "Rota \"/foods\": possui o header com o título \"Foods\" e os ícones de perfil e pesquisa",
              "fullTitle": "7 - Implemente o header de acordo com a necessidade de cada tela Rota \"/foods\": possui o header com o título \"Foods\" e os ícones de perfil e pesquisa",
              "timedOut": null,
              "duration": 378,
              "state": "passed",
              "speed": "fast",
              "pass": true,
              "fail": false,
              "pending": false,
              "context": null,
              "code": "cy.visit('http://localhost:3000/foods');\nhasHeader('Foods');",
              "err": {},
              "uuid": "289048f9-54af-496a-b575-b75559e8f83c",
              "parentUUID": "3a0218f2-91fe-4653-ab26-2c78931b0e1f",
              "isHook": false,
              "skipped": false
            },
            {
              "title": "Rota \"/drinks\": possui o header com o título \"Drinks\" e os ícones de perfil e pesquisa",
              "fullTitle": "7 - Implemente o header de acordo com a necessidade de cada tela Rota \"/drinks\": possui o header com o título \"Drinks\" e os ícones de perfil e pesquisa",
              "timedOut": null,
              "duration": 261,
              "state": "passed",
              "speed": "fast",
              "pass": true,
              "fail": false,
              "pending": false,
              "context": null,
              "code": "cy.visit('http://localhost:3000/drinks');\nhasHeader('Drinks');",
              "err": {},
              "uuid": "2f3f0e92-6dc9-4a69-b862-38b038dc2f11",
              "parentUUID": "3a0218f2-91fe-4653-ab26-2c78931b0e1f",
              "isHook": false,
              "skipped": false
            },
            {
              "title": "Rota \"foods/{id-da-receita}\": não possui header",
              "fullTitle": "7 - Implemente o header de acordo com a necessidade de cada tela Rota \"foods/{id-da-receita}\": não possui header",
              "timedOut": null,
              "duration": 10292,
              "state": "failed",
              "speed": null,
              "pass": false,
              "fail": true,
              "pending": false,
              "context": null,
              "code": "cy.visit('http://localhost:3000/foods/52771');\nhasNoHeader();",
              "err": {
                "message": "AssertionError: Timed out retrying after 10000ms: Expected <img> not to exist in the DOM, but it was continuously found.",
                "estack": "AssertionError: Timed out retrying after 10000ms: Expected <img> not to exist in the DOM, but it was continuously found.\n    at hasNoHeader (http://localhost:3000/__cypress/tests?p=cypress/integration/07-09-header_spec.js:106:47)\n    at Context.eval (http://localhost:3000/__cypress/tests?p=cypress/integration/07-09-header_spec.js:136:5)",
                "diff": null
              },
              "uuid": "ac105c66-0b50-4566-8ff7-dc394f463ad1",
              "parentUUID": "3a0218f2-91fe-4653-ab26-2c78931b0e1f",
              "isHook": false,
              "skipped": false
            },
            {
              "title": "Rota \"drinks/{id-da-receita}\": não possui header",
              "fullTitle": "7 - Implemente o header de acordo com a necessidade de cada tela Rota \"drinks/{id-da-receita}\": não possui header",
              "timedOut": null,
              "duration": 10243,
              "state": "failed",
              "speed": null,
              "pass": false,
              "fail": true,
              "pending": false,
              "context": null,
              "code": "cy.visit('http://localhost:3000/drinks/178319');\nhasNoHeader();",
              "err": {
                "message": "AssertionError: Timed out retrying after 10000ms: Expected <img> not to exist in the DOM, but it was continuously found.",
                "estack": "AssertionError: Timed out retrying after 10000ms: Expected <img> not to exist in the DOM, but it was continuously found.\n    at hasNoHeader (http://localhost:3000/__cypress/tests?p=cypress/integration/07-09-header_spec.js:106:47)\n    at Context.eval (http://localhost:3000/__cypress/tests?p=cypress/integration/07-09-header_spec.js:140:5)",
                "diff": null
              },
              "uuid": "bee1fb64-3bcc-4c58-8908-d75f2346bab7",
              "parentUUID": "3a0218f2-91fe-4653-ab26-2c78931b0e1f",
              "isHook": false,
              "skipped": false
            },
            {
              "title": "Rota \"/foods/{id-da-receita}/in-progress\": não possui header",
              "fullTitle": "7 - Implemente o header de acordo com a necessidade de cada tela Rota \"/foods/{id-da-receita}/in-progress\": não possui header",
              "timedOut": null,
              "duration": 10339,
              "state": "failed",
              "speed": null,
              "pass": false,
              "fail": true,
              "pending": false,
              "context": null,
              "code": "cy.visit('http://localhost:3000/foods/52771/in-progress');\nhasNoHeader();",
              "err": {
                "message": "AssertionError: Timed out retrying after 10000ms: Expected <img> not to exist in the DOM, but it was continuously found.",
                "estack": "AssertionError: Timed out retrying after 10000ms: Expected <img> not to exist in the DOM, but it was continuously found.\n    at hasNoHeader (http://localhost:3000/__cypress/tests?p=cypress/integration/07-09-header_spec.js:106:47)\n    at Context.eval (http://localhost:3000/__cypress/tests?p=cypress/integration/07-09-header_spec.js:144:5)",
                "diff": null
              },
              "uuid": "9800e371-2bca-4419-a445-e71c21a21f58",
              "parentUUID": "3a0218f2-91fe-4653-ab26-2c78931b0e1f",
              "isHook": false,
              "skipped": false
            },
            {
              "title": "Rota \"/drinks/{id-da-receita}/in-progress\": não possui header",
              "fullTitle": "7 - Implemente o header de acordo com a necessidade de cada tela Rota \"/drinks/{id-da-receita}/in-progress\": não possui header",
              "timedOut": null,
              "duration": 10276,
              "state": "failed",
              "speed": null,
              "pass": false,
              "fail": true,
              "pending": false,
              "context": null,
              "code": "cy.visit('http://localhost:3000/drinks/178319/in-progress');\nhasNoHeader();",
              "err": {
                "message": "AssertionError: Timed out retrying after 10000ms: Expected <img> not to exist in the DOM, but it was continuously found.",
                "estack": "AssertionError: Timed out retrying after 10000ms: Expected <img> not to exist in the DOM, but it was continuously found.\n    at hasNoHeader (http://localhost:3000/__cypress/tests?p=cypress/integration/07-09-header_spec.js:106:47)\n    at Context.eval (http://localhost:3000/__cypress/tests?p=cypress/integration/07-09-header_spec.js:148:5)",
                "diff": null
              },
              "uuid": "65a2527c-c3d6-4641-aece-982179d50099",
              "parentUUID": "3a0218f2-91fe-4653-ab26-2c78931b0e1f",
              "isHook": false,
              "skipped": false
            },
            {
              "title": "Rota \"/profile\": possui o header com o título \"Profile\" e o ícone de perfil, mas sem o ícone de pesquisa",
              "fullTitle": "7 - Implemente o header de acordo com a necessidade de cada tela Rota \"/profile\": possui o header com o título \"Profile\" e o ícone de perfil, mas sem o ícone de pesquisa",
              "timedOut": null,
              "duration": 10214,
              "state": "failed",
              "speed": null,
              "pass": false,
              "fail": true,
              "pending": false,
              "context": null,
              "code": "cy.visit('http://localhost:3000/profile');\nhasHeader('Profile', false);",
              "err": {
                "message": "AssertionError: Timed out retrying after 10000ms: Expected <img> not to exist in the DOM, but it was continuously found.",
                "estack": "AssertionError: Timed out retrying after 10000ms: Expected <img> not to exist in the DOM, but it was continuously found.\n    at hasHeader (http://localhost:3000/__cypress/tests?p=cypress/integration/07-09-header_spec.js:118:48)\n    at Context.eval (http://localhost:3000/__cypress/tests?p=cypress/integration/07-09-header_spec.js:152:5)",
                "diff": null
              },
              "uuid": "87d32197-8b33-4c17-b123-7e77497ba460",
              "parentUUID": "3a0218f2-91fe-4653-ab26-2c78931b0e1f",
              "isHook": false,
              "skipped": false
            },
            {
              "title": "Rota \"/done-recipes\": possui o header com o título \"Done Recipes\" e o ícone de perfil, mas sem o ícone de pesquisa",
              "fullTitle": "7 - Implemente o header de acordo com a necessidade de cada tela Rota \"/done-recipes\": possui o header com o título \"Done Recipes\" e o ícone de perfil, mas sem o ícone de pesquisa",
              "timedOut": null,
              "duration": 10255,
              "state": "failed",
              "speed": null,
              "pass": false,
              "fail": true,
              "pending": false,
              "context": null,
              "code": "cy.visit('http://localhost:3000/done-recipes');\nhasHeader('Done Recipes', false);",
              "err": {
                "message": "AssertionError: Timed out retrying after 10000ms: Expected to find element: `[data-testid=\"profile-top-btn\"]`, but never found it.",
                "estack": "AssertionError: Timed out retrying after 10000ms: Expected to find element: `[data-testid=\"profile-top-btn\"]`, but never found it.\n    at hasHeader (http://localhost:3000/__cypress/tests?p=cypress/integration/07-09-header_spec.js:112:47)\n    at Context.eval (http://localhost:3000/__cypress/tests?p=cypress/integration/07-09-header_spec.js:156:5)",
                "diff": null
              },
              "uuid": "21c2606d-287f-48c7-892a-3c53bd1f32ef",
              "parentUUID": "3a0218f2-91fe-4653-ab26-2c78931b0e1f",
              "isHook": false,
              "skipped": false
            },
            {
              "title": "Rota \"/favorite-recipes\": possui o header com o título \"Favorite Recipes\" e o ícone de perfil, mas sem o ícone de pesquisa",
              "fullTitle": "7 - Implemente o header de acordo com a necessidade de cada tela Rota \"/favorite-recipes\": possui o header com o título \"Favorite Recipes\" e o ícone de perfil, mas sem o ícone de pesquisa",
              "timedOut": null,
              "duration": 10269,
              "state": "failed",
              "speed": null,
              "pass": false,
              "fail": true,
              "pending": false,
              "context": null,
              "code": "cy.visit('http://localhost:3000/favorite-recipes');\nhasHeader('Favorite Recipes', false);",
              "err": {
                "message": "AssertionError: Timed out retrying after 10000ms: Expected to find element: `[data-testid=\"profile-top-btn\"]`, but never found it.",
                "estack": "AssertionError: Timed out retrying after 10000ms: Expected to find element: `[data-testid=\"profile-top-btn\"]`, but never found it.\n    at hasHeader (http://localhost:3000/__cypress/tests?p=cypress/integration/07-09-header_spec.js:112:47)\n    at Context.eval (http://localhost:3000/__cypress/tests?p=cypress/integration/07-09-header_spec.js:160:5)",
                "diff": null
              },
              "uuid": "2c508664-cdb0-4595-8fae-3ef93efea8a1",
              "parentUUID": "3a0218f2-91fe-4653-ab26-2c78931b0e1f",
              "isHook": false,
              "skipped": false
            }
          ],
          "suites": [],
          "passes": [
            "cc9d9c66-7fc0-4e0e-a21d-5cbb7517cbaf",
            "289048f9-54af-496a-b575-b75559e8f83c",
            "2f3f0e92-6dc9-4a69-b862-38b038dc2f11"
          ],
          "failures": [
            "ac105c66-0b50-4566-8ff7-dc394f463ad1",
            "bee1fb64-3bcc-4c58-8908-d75f2346bab7",
            "9800e371-2bca-4419-a445-e71c21a21f58",
            "65a2527c-c3d6-4641-aece-982179d50099",
            "87d32197-8b33-4c17-b123-7e77497ba460",
            "21c2606d-287f-48c7-892a-3c53bd1f32ef",
            "2c508664-cdb0-4595-8fae-3ef93efea8a1"
          ],
          "pending": [],
          "skipped": [],
          "duration": 73069,
          "root": false,
          "rootEmpty": false,
          "_timeout": 2000
        },
        {
          "uuid": "ddebabe3-16f1-4e50-8b31-be1d169b83ce",
          "title": "8 - Redirecione a pessoa usuária para a tela de perfil ao clicar no botão de perfil",
          "fullFile": "",
          "file": "",
          "beforeHooks": [],
          "afterHooks": [],
          "tests": [
            {
              "title": "A mudança de tela ocorre corretamente",
              "fullTitle": "8 - Redirecione a pessoa usuária para a tela de perfil ao clicar no botão de perfil A mudança de tela ocorre corretamente",
              "timedOut": null,
              "duration": 406,
              "state": "passed",
              "speed": "fast",
              "pass": true,
              "fail": false,
              "pending": false,
              "context": null,
              "code": "cy.visit('http://localhost:3000/foods');\ncy.get('[data-testid=\"page-title\"]').contains('Foods');\ncy.get('[data-testid=\"profile-top-btn\"]').click();\ncy.get('[data-testid=\"page-title\"]').contains('Profile');\ncy.location().should(loc => expect(loc.pathname).to.eq('/profile'));",
              "err": {},
              "uuid": "744f6602-9df3-4c77-bc99-6667af63e137",
              "parentUUID": "ddebabe3-16f1-4e50-8b31-be1d169b83ce",
              "isHook": false,
              "skipped": false
            },
            {
              "title": "Verifica a cobertura de 45% do Componente Header",
              "fullTitle": "8 - Redirecione a pessoa usuária para a tela de perfil ao clicar no botão de perfil Verifica a cobertura de 45% do Componente Header",
              "timedOut": null,
              "duration": 72,
              "state": "passed",
              "speed": "fast",
              "pass": true,
              "fail": false,
              "pending": false,
              "context": null,
              "code": "cy.task('getCoverage', getId()).its('Header.functions.pct').should('be.gte', 45.00);\ncy.task('getCoverage', getId()).its('Header.lines.pct').should('be.gte', 45.00);\ncy.task('getCoverage', getId()).its('Header.branches.pct').should('be.gte', 45.00);",
              "err": {},
              "uuid": "9adf1035-1820-4481-8883-a0b705915d34",
              "parentUUID": "ddebabe3-16f1-4e50-8b31-be1d169b83ce",
              "isHook": false,
              "skipped": false
            }
          ],
          "suites": [],
          "passes": [
            "744f6602-9df3-4c77-bc99-6667af63e137",
            "9adf1035-1820-4481-8883-a0b705915d34"
          ],
          "failures": [],
          "pending": [],
          "skipped": [],
          "duration": 478,
          "root": false,
          "rootEmpty": false,
          "_timeout": 2000
        },
        {
          "uuid": "43cc4cae-120d-4974-a523-38ca77beecaf",
          "title": "9 - Desenvolva o botão de busca que, ao ser clicado, a barra de busca deve aparecer. O mesmo serve para escondê-la",
          "fullFile": "",
          "file": "",
          "beforeHooks": [],
          "afterHooks": [],
          "tests": [
            {
              "title": "Ao clicar no botão de busca pela primeira vez a barra de busca aparece",
              "fullTitle": "9 - Desenvolva o botão de busca que, ao ser clicado, a barra de busca deve aparecer. O mesmo serve para escondê-la Ao clicar no botão de busca pela primeira vez a barra de busca aparece",
              "timedOut": null,
              "duration": 346,
              "state": "passed",
              "speed": "fast",
              "pass": true,
              "fail": false,
              "pending": false,
              "context": null,
              "code": "cy.visit('http://localhost:3000/foods');\ncy.get('[data-testid=\"search-input\"]').should('not.exist');\ncy.get('[data-testid=\"search-top-btn\"]').click();\ncy.get('[data-testid=\"search-input\"]');",
              "err": {},
              "uuid": "d4b7f203-b544-4144-821a-9326daa0b4b7",
              "parentUUID": "43cc4cae-120d-4974-a523-38ca77beecaf",
              "isHook": false,
              "skipped": false
            },
            {
              "title": "Ao clicar no botão de busca pela segunda vez a barra de busca desaparece",
              "fullTitle": "9 - Desenvolva o botão de busca que, ao ser clicado, a barra de busca deve aparecer. O mesmo serve para escondê-la Ao clicar no botão de busca pela segunda vez a barra de busca desaparece",
              "timedOut": null,
              "duration": 409,
              "state": "passed",
              "speed": "fast",
              "pass": true,
              "fail": false,
              "pending": false,
              "context": null,
              "code": "cy.visit('http://localhost:3000/foods');\ncy.get('[data-testid=\"search-top-btn\"]').click();\ncy.get('[data-testid=\"search-input\"]');\ncy.get('[data-testid=\"search-top-btn\"]').click();\ncy.get('[data-testid=\"search-input\"]').should('not.exist');",
              "err": {},
              "uuid": "71f49544-a52a-402b-ac92-6be94114f62d",
              "parentUUID": "43cc4cae-120d-4974-a523-38ca77beecaf",
              "isHook": false,
              "skipped": false
            },
            {
              "title": "Verifica a cobertura de 90% do Componente Header",
              "fullTitle": "9 - Desenvolva o botão de busca que, ao ser clicado, a barra de busca deve aparecer. O mesmo serve para escondê-la Verifica a cobertura de 90% do Componente Header",
              "timedOut": null,
              "duration": 57,
              "state": "passed",
              "speed": "fast",
              "pass": true,
              "fail": false,
              "pending": false,
              "context": null,
              "code": "cy.task('getCoverage', getId()).its('Header.functions.pct').should('be.gte', 90.00);\ncy.task('getCoverage', getId()).its('Header.lines.pct').should('be.gte', 90.00);\ncy.task('getCoverage', getId()).its('Header.branches.pct').should('be.gte', 90.00);",
              "err": {},
              "uuid": "681fe3c9-56e5-4b57-a24d-3fff8cd7d56d",
              "parentUUID": "43cc4cae-120d-4974-a523-38ca77beecaf",
              "isHook": false,
              "skipped": false
            }
          ],
          "suites": [],
          "passes": [
            "d4b7f203-b544-4144-821a-9326daa0b4b7",
            "71f49544-a52a-402b-ac92-6be94114f62d",
            "681fe3c9-56e5-4b57-a24d-3fff8cd7d56d"
          ],
          "failures": [],
          "pending": [],
          "skipped": [],
          "duration": 812,
          "root": false,
          "rootEmpty": false,
          "_timeout": 2000
        }
      ],
      "passes": [],
      "failures": [],
      "pending": [],
      "skipped": [],
      "duration": 0,
      "root": true,
      "rootEmpty": true,
      "_timeout": 2000
    }
  ],
  "meta": {
    "mocha": {
      "version": "7.0.1"
    },
    "mochawesome": {
      "options": {
        "quiet": false,
        "reportFilename": "mochawesome",
        "saveHtml": false,
        "saveJson": true,
        "consoleReporter": "spec",
        "useInlineDiffs": false,
        "code": true
      },
      "version": "6.3.1"
    },
    "marge": {
      "options": {
        "id": "default",
        "reportDir": "cypress/reports",
        "overwrite": false,
        "html": false,
        "json": true
      },
      "version": "5.2.0"
    }
  }
}