{
  "stats": {
    "suites": 3,
    "tests": 15,
    "passes": 9,
    "pending": 0,
    "failures": 6,
    "start": "2022-07-15T13:31:49.206Z",
    "end": "2022-07-15T13:32:52.717Z",
    "duration": 63511,
    "testsRegistered": 15,
    "passPercent": 60,
    "pendingPercent": 0,
    "other": 0,
    "hasOther": false,
    "skipped": 0,
    "hasSkipped": false
  },
  "results": [
    {
      "uuid": "ba272728-0c1f-4ca1-b13e-0df3840c0f44",
      "title": "",
      "fullFile": "cypress/integration/07-09-header_spec.js",
      "file": "cypress/integration/07-09-header_spec.js",
      "beforeHooks": [],
      "afterHooks": [],
      "tests": [],
      "suites": [
        {
          "uuid": "d278dc96-e61c-45d1-b486-d7e94e1e1e1e",
          "title": "7 - Implemente o header de acordo com a necessidade de cada tela",
          "fullFile": "",
          "file": "",
          "beforeHooks": [],
          "afterHooks": [],
          "tests": [
            {
              "title": "Rota \"/\": não possui header",
              "fullTitle": "7 - Implemente o header de acordo com a necessidade de cada tela Rota \"/\": não possui header",
              "timedOut": null,
              "duration": 355,
              "state": "passed",
              "speed": "fast",
              "pass": true,
              "fail": false,
              "pending": false,
              "context": null,
              "code": "cy.visit('http://localhost:3000/');\nhasNoHeader();",
              "err": {},
              "uuid": "4012f112-4eae-445c-ac78-ba1defd26b06",
              "parentUUID": "d278dc96-e61c-45d1-b486-d7e94e1e1e1e",
              "isHook": false,
              "skipped": false
            },
            {
              "title": "Rota \"/foods\": possui o header com o título \"Foods\" e os ícones de perfil e pesquisa",
              "fullTitle": "7 - Implemente o header de acordo com a necessidade de cada tela Rota \"/foods\": possui o header com o título \"Foods\" e os ícones de perfil e pesquisa",
              "timedOut": null,
              "duration": 137,
              "state": "passed",
              "speed": "fast",
              "pass": true,
              "fail": false,
              "pending": false,
              "context": null,
              "code": "cy.visit('http://localhost:3000/foods');\nhasHeader('Foods');",
              "err": {},
              "uuid": "58afd585-dde5-45c5-b9f1-0561341d2111",
              "parentUUID": "d278dc96-e61c-45d1-b486-d7e94e1e1e1e",
              "isHook": false,
              "skipped": false
            },
            {
              "title": "Rota \"/drinks\": possui o header com o título \"Drinks\" e os ícones de perfil e pesquisa",
              "fullTitle": "7 - Implemente o header de acordo com a necessidade de cada tela Rota \"/drinks\": possui o header com o título \"Drinks\" e os ícones de perfil e pesquisa",
              "timedOut": null,
              "duration": 10089,
              "state": "failed",
              "speed": null,
              "pass": false,
              "fail": true,
              "pending": false,
              "context": null,
              "code": "cy.visit('http://localhost:3000/drinks');\nhasHeader('Drinks');",
              "err": {
                "message": "AssertionError: Timed out retrying after 10000ms: Expected to find element: `[data-testid=\"profile-top-btn\"]`, but never found it.",
                "estack": "AssertionError: Timed out retrying after 10000ms: Expected to find element: `[data-testid=\"profile-top-btn\"]`, but never found it.\n    at hasHeader (http://localhost:3000/__cypress/tests?p=cypress/integration/07-09-header_spec.js:112:47)\n    at Context.eval (http://localhost:3000/__cypress/tests?p=cypress/integration/07-09-header_spec.js:132:5)",
                "diff": null
              },
              "uuid": "11acbfcf-6a10-43a9-bcd5-320614de5ac1",
              "parentUUID": "d278dc96-e61c-45d1-b486-d7e94e1e1e1e",
              "isHook": false,
              "skipped": false
            },
            {
              "title": "Rota \"foods/{id-da-receita}\": não possui header",
              "fullTitle": "7 - Implemente o header de acordo com a necessidade de cada tela Rota \"foods/{id-da-receita}\": não possui header",
              "timedOut": null,
              "duration": 10165,
              "state": "failed",
              "speed": null,
              "pass": false,
              "fail": true,
              "pending": false,
              "context": null,
              "code": "cy.visit('http://localhost:3000/foods/52771');\nhasNoHeader();",
              "err": {
                "message": "AssertionError: Timed out retrying after 10000ms: Expected <img> not to exist in the DOM, but it was continuously found.",
                "estack": "AssertionError: Timed out retrying after 10000ms: Expected <img> not to exist in the DOM, but it was continuously found.\n    at hasNoHeader (http://localhost:3000/__cypress/tests?p=cypress/integration/07-09-header_spec.js:106:47)\n    at Context.eval (http://localhost:3000/__cypress/tests?p=cypress/integration/07-09-header_spec.js:136:5)",
                "diff": null
              },
              "uuid": "7157730b-de8b-4033-ae47-404f0699036c",
              "parentUUID": "d278dc96-e61c-45d1-b486-d7e94e1e1e1e",
              "isHook": false,
              "skipped": false
            },
            {
              "title": "Rota \"drinks/{id-da-receita}\": não possui header",
              "fullTitle": "7 - Implemente o header de acordo com a necessidade de cada tela Rota \"drinks/{id-da-receita}\": não possui header",
              "timedOut": null,
              "duration": 105,
              "state": "passed",
              "speed": "fast",
              "pass": true,
              "fail": false,
              "pending": false,
              "context": null,
              "code": "cy.visit('http://localhost:3000/drinks/178319');\nhasNoHeader();",
              "err": {},
              "uuid": "b3ae2340-0ec9-47ff-9a96-0c101a64934f",
              "parentUUID": "d278dc96-e61c-45d1-b486-d7e94e1e1e1e",
              "isHook": false,
              "skipped": false
            },
            {
              "title": "Rota \"/foods/{id-da-receita}/in-progress\": não possui header",
              "fullTitle": "7 - Implemente o header de acordo com a necessidade de cada tela Rota \"/foods/{id-da-receita}/in-progress\": não possui header",
              "timedOut": null,
              "duration": 10104,
              "state": "failed",
              "speed": null,
              "pass": false,
              "fail": true,
              "pending": false,
              "context": null,
              "code": "cy.visit('http://localhost:3000/foods/52771/in-progress');\nhasNoHeader();",
              "err": {
                "message": "AssertionError: Timed out retrying after 10000ms: Expected <img> not to exist in the DOM, but it was continuously found.",
                "estack": "AssertionError: Timed out retrying after 10000ms: Expected <img> not to exist in the DOM, but it was continuously found.\n    at hasNoHeader (http://localhost:3000/__cypress/tests?p=cypress/integration/07-09-header_spec.js:106:47)\n    at Context.eval (http://localhost:3000/__cypress/tests?p=cypress/integration/07-09-header_spec.js:144:5)",
                "diff": null
              },
              "uuid": "3494e31a-9a8a-496f-ba5d-fb52a179b2de",
              "parentUUID": "d278dc96-e61c-45d1-b486-d7e94e1e1e1e",
              "isHook": false,
              "skipped": false
            },
            {
              "title": "Rota \"/drinks/{id-da-receita}/in-progress\": não possui header",
              "fullTitle": "7 - Implemente o header de acordo com a necessidade de cada tela Rota \"/drinks/{id-da-receita}/in-progress\": não possui header",
              "timedOut": null,
              "duration": 160,
              "state": "passed",
              "speed": "fast",
              "pass": true,
              "fail": false,
              "pending": false,
              "context": null,
              "code": "cy.visit('http://localhost:3000/drinks/178319/in-progress');\nhasNoHeader();",
              "err": {},
              "uuid": "29cc2734-1a5d-4535-a52f-6f32a20f89cf",
              "parentUUID": "d278dc96-e61c-45d1-b486-d7e94e1e1e1e",
              "isHook": false,
              "skipped": false
            },
            {
              "title": "Rota \"/profile\": possui o header com o título \"Profile\" e o ícone de perfil, mas sem o ícone de pesquisa",
              "fullTitle": "7 - Implemente o header de acordo com a necessidade de cada tela Rota \"/profile\": possui o header com o título \"Profile\" e o ícone de perfil, mas sem o ícone de pesquisa",
              "timedOut": null,
              "duration": 10120,
              "state": "failed",
              "speed": null,
              "pass": false,
              "fail": true,
              "pending": false,
              "context": null,
              "code": "cy.visit('http://localhost:3000/profile');\nhasHeader('Profile', false);",
              "err": {
                "message": "AssertionError: Timed out retrying after 10000ms: Expected <img> not to exist in the DOM, but it was continuously found.",
                "estack": "AssertionError: Timed out retrying after 10000ms: Expected <img> not to exist in the DOM, but it was continuously found.\n    at hasHeader (http://localhost:3000/__cypress/tests?p=cypress/integration/07-09-header_spec.js:118:48)\n    at Context.eval (http://localhost:3000/__cypress/tests?p=cypress/integration/07-09-header_spec.js:152:5)",
                "diff": null
              },
              "uuid": "d16154e2-183c-45aa-a524-35152667aa51",
              "parentUUID": "d278dc96-e61c-45d1-b486-d7e94e1e1e1e",
              "isHook": false,
              "skipped": false
            },
            {
              "title": "Rota \"/done-recipes\": possui o header com o título \"Done Recipes\" e o ícone de perfil, mas sem o ícone de pesquisa",
              "fullTitle": "7 - Implemente o header de acordo com a necessidade de cada tela Rota \"/done-recipes\": possui o header com o título \"Done Recipes\" e o ícone de perfil, mas sem o ícone de pesquisa",
              "timedOut": null,
              "duration": 10119,
              "state": "failed",
              "speed": null,
              "pass": false,
              "fail": true,
              "pending": false,
              "context": null,
              "code": "cy.visit('http://localhost:3000/done-recipes');\nhasHeader('Done Recipes', false);",
              "err": {
                "message": "AssertionError: Timed out retrying after 10000ms: Expected to find element: `[data-testid=\"profile-top-btn\"]`, but never found it.",
                "estack": "AssertionError: Timed out retrying after 10000ms: Expected to find element: `[data-testid=\"profile-top-btn\"]`, but never found it.\n    at hasHeader (http://localhost:3000/__cypress/tests?p=cypress/integration/07-09-header_spec.js:112:47)\n    at Context.eval (http://localhost:3000/__cypress/tests?p=cypress/integration/07-09-header_spec.js:156:5)",
                "diff": null
              },
              "uuid": "d87ac5b9-bb28-4872-adf3-fc65f0ae3275",
              "parentUUID": "d278dc96-e61c-45d1-b486-d7e94e1e1e1e",
              "isHook": false,
              "skipped": false
            },
            {
              "title": "Rota \"/favorite-recipes\": possui o header com o título \"Favorite Recipes\" e o ícone de perfil, mas sem o ícone de pesquisa",
              "fullTitle": "7 - Implemente o header de acordo com a necessidade de cada tela Rota \"/favorite-recipes\": possui o header com o título \"Favorite Recipes\" e o ícone de perfil, mas sem o ícone de pesquisa",
              "timedOut": null,
              "duration": 10092,
              "state": "failed",
              "speed": null,
              "pass": false,
              "fail": true,
              "pending": false,
              "context": null,
              "code": "cy.visit('http://localhost:3000/favorite-recipes');\nhasHeader('Favorite Recipes', false);",
              "err": {
                "message": "AssertionError: Timed out retrying after 10000ms: Expected to find element: `[data-testid=\"profile-top-btn\"]`, but never found it.",
                "estack": "AssertionError: Timed out retrying after 10000ms: Expected to find element: `[data-testid=\"profile-top-btn\"]`, but never found it.\n    at hasHeader (http://localhost:3000/__cypress/tests?p=cypress/integration/07-09-header_spec.js:112:47)\n    at Context.eval (http://localhost:3000/__cypress/tests?p=cypress/integration/07-09-header_spec.js:160:5)",
                "diff": null
              },
              "uuid": "18ce30ca-b733-4d09-bba2-5f7182217752",
              "parentUUID": "d278dc96-e61c-45d1-b486-d7e94e1e1e1e",
              "isHook": false,
              "skipped": false
            }
          ],
          "suites": [],
          "passes": [
            "4012f112-4eae-445c-ac78-ba1defd26b06",
            "58afd585-dde5-45c5-b9f1-0561341d2111",
            "b3ae2340-0ec9-47ff-9a96-0c101a64934f",
            "29cc2734-1a5d-4535-a52f-6f32a20f89cf"
          ],
          "failures": [
            "11acbfcf-6a10-43a9-bcd5-320614de5ac1",
            "7157730b-de8b-4033-ae47-404f0699036c",
            "3494e31a-9a8a-496f-ba5d-fb52a179b2de",
            "d16154e2-183c-45aa-a524-35152667aa51",
            "d87ac5b9-bb28-4872-adf3-fc65f0ae3275",
            "18ce30ca-b733-4d09-bba2-5f7182217752"
          ],
          "pending": [],
          "skipped": [],
          "duration": 61446,
          "root": false,
          "rootEmpty": false,
          "_timeout": 2000
        },
        {
          "uuid": "c40140dc-d643-4f1d-a65b-f7172dbf7486",
          "title": "8 - Redirecione a pessoa usuária para a tela de perfil ao clicar no botão de perfil",
          "fullFile": "",
          "file": "",
          "beforeHooks": [],
          "afterHooks": [],
          "tests": [
            {
              "title": "A mudança de tela ocorre corretamente",
              "fullTitle": "8 - Redirecione a pessoa usuária para a tela de perfil ao clicar no botão de perfil A mudança de tela ocorre corretamente",
              "timedOut": null,
              "duration": 305,
              "state": "passed",
              "speed": "fast",
              "pass": true,
              "fail": false,
              "pending": false,
              "context": null,
              "code": "cy.visit('http://localhost:3000/foods');\ncy.get('[data-testid=\"page-title\"]').contains('Foods');\ncy.get('[data-testid=\"profile-top-btn\"]').click();\ncy.get('[data-testid=\"page-title\"]').contains('Profile');\ncy.location().should(loc => expect(loc.pathname).to.eq('/profile'));",
              "err": {},
              "uuid": "60033db1-48c0-48f0-9fc5-772747b638fb",
              "parentUUID": "c40140dc-d643-4f1d-a65b-f7172dbf7486",
              "isHook": false,
              "skipped": false
            },
            {
              "title": "Verifica a cobertura de 45% do Componente Header",
              "fullTitle": "8 - Redirecione a pessoa usuária para a tela de perfil ao clicar no botão de perfil Verifica a cobertura de 45% do Componente Header",
              "timedOut": null,
              "duration": 79,
              "state": "passed",
              "speed": "fast",
              "pass": true,
              "fail": false,
              "pending": false,
              "context": null,
              "code": "cy.task('getCoverage', getId()).its('Header.functions.pct').should('be.gte', 45.00);\ncy.task('getCoverage', getId()).its('Header.lines.pct').should('be.gte', 45.00);\ncy.task('getCoverage', getId()).its('Header.branches.pct').should('be.gte', 45.00);",
              "err": {},
              "uuid": "72773cc6-454c-4e89-8e16-c3ead1814568",
              "parentUUID": "c40140dc-d643-4f1d-a65b-f7172dbf7486",
              "isHook": false,
              "skipped": false
            }
          ],
          "suites": [],
          "passes": [
            "60033db1-48c0-48f0-9fc5-772747b638fb",
            "72773cc6-454c-4e89-8e16-c3ead1814568"
          ],
          "failures": [],
          "pending": [],
          "skipped": [],
          "duration": 384,
          "root": false,
          "rootEmpty": false,
          "_timeout": 2000
        },
        {
          "uuid": "c1195e2a-309e-40d8-ae8d-c46f2a8b3538",
          "title": "9 - Desenvolva o botão de busca que, ao ser clicado, a barra de busca deve aparecer. O mesmo serve para escondê-la",
          "fullFile": "",
          "file": "",
          "beforeHooks": [],
          "afterHooks": [],
          "tests": [
            {
              "title": "Ao clicar no botão de busca pela primeira vez a barra de busca aparece",
              "fullTitle": "9 - Desenvolva o botão de busca que, ao ser clicado, a barra de busca deve aparecer. O mesmo serve para escondê-la Ao clicar no botão de busca pela primeira vez a barra de busca aparece",
              "timedOut": null,
              "duration": 213,
              "state": "passed",
              "speed": "fast",
              "pass": true,
              "fail": false,
              "pending": false,
              "context": null,
              "code": "cy.visit('http://localhost:3000/foods');\ncy.get('[data-testid=\"search-input\"]').should('not.exist');\ncy.get('[data-testid=\"search-top-btn\"]').click();\ncy.get('[data-testid=\"search-input\"]');",
              "err": {},
              "uuid": "371abe2d-c6f6-425f-836e-a1743b4d90fb",
              "parentUUID": "c1195e2a-309e-40d8-ae8d-c46f2a8b3538",
              "isHook": false,
              "skipped": false
            },
            {
              "title": "Ao clicar no botão de busca pela segunda vez a barra de busca desaparece",
              "fullTitle": "9 - Desenvolva o botão de busca que, ao ser clicado, a barra de busca deve aparecer. O mesmo serve para escondê-la Ao clicar no botão de busca pela segunda vez a barra de busca desaparece",
              "timedOut": null,
              "duration": 278,
              "state": "passed",
              "speed": "fast",
              "pass": true,
              "fail": false,
              "pending": false,
              "context": null,
              "code": "cy.visit('http://localhost:3000/foods');\ncy.get('[data-testid=\"search-top-btn\"]').click();\ncy.get('[data-testid=\"search-input\"]');\ncy.get('[data-testid=\"search-top-btn\"]').click();\ncy.get('[data-testid=\"search-input\"]').should('not.exist');",
              "err": {},
              "uuid": "4c83e7d1-eb9d-44a0-b4a2-d570b4f47750",
              "parentUUID": "c1195e2a-309e-40d8-ae8d-c46f2a8b3538",
              "isHook": false,
              "skipped": false
            },
            {
              "title": "Verifica a cobertura de 90% do Componente Header",
              "fullTitle": "9 - Desenvolva o botão de busca que, ao ser clicado, a barra de busca deve aparecer. O mesmo serve para escondê-la Verifica a cobertura de 90% do Componente Header",
              "timedOut": null,
              "duration": 74,
              "state": "passed",
              "speed": "fast",
              "pass": true,
              "fail": false,
              "pending": false,
              "context": null,
              "code": "cy.task('getCoverage', getId()).its('Header.functions.pct').should('be.gte', 90.00);\ncy.task('getCoverage', getId()).its('Header.lines.pct').should('be.gte', 90.00);\ncy.task('getCoverage', getId()).its('Header.branches.pct').should('be.gte', 90.00);",
              "err": {},
              "uuid": "48b652c5-86f6-4006-9a50-308235f3dde9",
              "parentUUID": "c1195e2a-309e-40d8-ae8d-c46f2a8b3538",
              "isHook": false,
              "skipped": false
            }
          ],
          "suites": [],
          "passes": [
            "371abe2d-c6f6-425f-836e-a1743b4d90fb",
            "4c83e7d1-eb9d-44a0-b4a2-d570b4f47750",
            "48b652c5-86f6-4006-9a50-308235f3dde9"
          ],
          "failures": [],
          "pending": [],
          "skipped": [],
          "duration": 565,
          "root": false,
          "rootEmpty": false,
          "_timeout": 2000
        }
      ],
      "passes": [],
      "failures": [],
      "pending": [],
      "skipped": [],
      "duration": 0,
      "root": true,
      "rootEmpty": true,
      "_timeout": 2000
    }
  ],
  "meta": {
    "mocha": {
      "version": "7.0.1"
    },
    "mochawesome": {
      "options": {
        "quiet": false,
        "reportFilename": "mochawesome",
        "saveHtml": false,
        "saveJson": true,
        "consoleReporter": "spec",
        "useInlineDiffs": false,
        "code": true
      },
      "version": "6.3.1"
    },
    "marge": {
      "options": {
        "id": "default",
        "reportDir": "cypress/reports",
        "overwrite": false,
        "html": false,
        "json": true
      },
      "version": "5.2.0"
    }
  }
}