{
  "stats": {
    "suites": 5,
    "tests": 9,
    "passes": 9,
    "pending": 0,
    "failures": 0,
    "start": "2022-07-14T21:51:53.714Z",
    "end": "2022-07-14T21:52:01.926Z",
    "duration": 8212,
    "testsRegistered": 9,
    "passPercent": 100,
    "pendingPercent": 0,
    "other": 0,
    "hasOther": false,
    "skipped": 0,
    "hasSkipped": false
  },
  "results": [
    {
      "uuid": "ff461c88-88a9-4069-ba9d-2156135d0b54",
      "title": "",
      "fullFile": "cypress/integration/02-06-login_spec.js",
      "file": "cypress/integration/02-06-login_spec.js",
      "beforeHooks": [],
      "afterHooks": [],
      "tests": [],
      "suites": [
        {
          "uuid": "529d3adf-e0d2-44bb-b7fd-50c303d3d92d",
          "title": "2 - Crie todos os elementos que devem respeitar os atributos descritos no protótipo para a tela de login",
          "fullFile": "",
          "file": "",
          "beforeHooks": [],
          "afterHooks": [],
          "tests": [
            {
              "title": "Tem os data-testids email-input, password-input e login-submit-btn",
              "fullTitle": "2 - Crie todos os elementos que devem respeitar os atributos descritos no protótipo para a tela de login Tem os data-testids email-input, password-input e login-submit-btn",
              "timedOut": null,
              "duration": 678,
              "state": "passed",
              "speed": "fast",
              "pass": true,
              "fail": false,
              "pending": false,
              "context": null,
              "code": "cy.visit('http://localhost:3000/');\ncy.get('[data-testid=\"email-input\"]');\ncy.get('[data-testid=\"password-input\"]');\ncy.get('[data-testid=\"login-submit-btn\"]');",
              "err": {},
              "uuid": "86606f46-abd0-4951-898b-11727c165571",
              "parentUUID": "529d3adf-e0d2-44bb-b7fd-50c303d3d92d",
              "isHook": false,
              "skipped": false
            }
          ],
          "suites": [],
          "passes": [
            "86606f46-abd0-4951-898b-11727c165571"
          ],
          "failures": [],
          "pending": [],
          "skipped": [],
          "duration": 678,
          "root": false,
          "rootEmpty": false,
          "_timeout": 2000
        },
        {
          "uuid": "90b84322-7aa5-4c5d-b860-e9fc63e117b5",
          "title": "3 - Desenvolva a tela de maneira que a pessoa consiga escrever seu email no input de email e sua senha no input de senha",
          "fullFile": "",
          "file": "",
          "beforeHooks": [],
          "afterHooks": [],
          "tests": [
            {
              "title": "É possível escrever o email e a senha",
              "fullTitle": "3 - Desenvolva a tela de maneira que a pessoa consiga escrever seu email no input de email e sua senha no input de senha É possível escrever o email e a senha",
              "timedOut": null,
              "duration": 821,
              "state": "passed",
              "speed": "fast",
              "pass": true,
              "fail": false,
              "pending": false,
              "context": null,
              "code": "cy.visit('http://localhost:3000/');\ncy.get('[data-testid=\"email-input\"]').type('email@mail.com');\ncy.get('[data-testid=\"email-input\"]').should('have.value', 'email@mail.com');\ncy.get('[data-testid=\"password-input\"]').type('1234567');\ncy.get('[data-testid=\"password-input\"]').should('have.value', '1234567');",
              "err": {},
              "uuid": "28266105-66b7-41e9-b98d-f38a40e67d9f",
              "parentUUID": "90b84322-7aa5-4c5d-b860-e9fc63e117b5",
              "isHook": false,
              "skipped": false
            }
          ],
          "suites": [],
          "passes": [
            "28266105-66b7-41e9-b98d-f38a40e67d9f"
          ],
          "failures": [],
          "pending": [],
          "skipped": [],
          "duration": 821,
          "root": false,
          "rootEmpty": false,
          "_timeout": 2000
        },
        {
          "uuid": "f64c0675-6b3d-4c5e-ba6e-e998cc2c399d",
          "title": "4 - Desenvolva a tela de maneira que o formulário só seja válido após um email válido e uma senha de mais de 6 caracteres serem preenchidos",
          "fullFile": "",
          "file": "",
          "beforeHooks": [],
          "afterHooks": [],
          "tests": [
            {
              "title": "O botão deve estar desativado se o email for inválido",
              "fullTitle": "4 - Desenvolva a tela de maneira que o formulário só seja válido após um email válido e uma senha de mais de 6 caracteres serem preenchidos O botão deve estar desativado se o email for inválido",
              "timedOut": null,
              "duration": 1054,
              "state": "passed",
              "speed": "fast",
              "pass": true,
              "fail": false,
              "pending": false,
              "context": null,
              "code": "cy.visit('http://localhost:3000/');\ncy.get('[data-testid=\"login-submit-btn\"]').should('be.disabled');\ncy.get('[data-testid=\"email-input\"]').type('email@mail');\ncy.get('[data-testid=\"password-input\"]').type('1234567');\ncy.get('[data-testid=\"login-submit-btn\"]').should('be.disabled');\ncy.get('[data-testid=\"email-input\"]').clear().type('email.com');\ncy.get('[data-testid=\"login-submit-btn\"]').should('be.disabled');",
              "err": {},
              "uuid": "3747d4a8-ae6c-4bea-ba03-195dcf4f1aa2",
              "parentUUID": "f64c0675-6b3d-4c5e-ba6e-e998cc2c399d",
              "isHook": false,
              "skipped": false
            },
            {
              "title": "O botão deve estar desativado se a senha deve tiver 6 caracteres ou menos",
              "fullTitle": "4 - Desenvolva a tela de maneira que o formulário só seja válido após um email válido e uma senha de mais de 6 caracteres serem preenchidos O botão deve estar desativado se a senha deve tiver 6 caracteres ou menos",
              "timedOut": null,
              "duration": 753,
              "state": "passed",
              "speed": "fast",
              "pass": true,
              "fail": false,
              "pending": false,
              "context": null,
              "code": "cy.visit('http://localhost:3000/');\ncy.get('[data-testid=\"login-submit-btn\"]').should('be.disabled');\ncy.get('[data-testid=\"email-input\"]').type('email@mail.com');\ncy.get('[data-testid=\"password-input\"]').type('123456');\ncy.get('[data-testid=\"login-submit-btn\"]').should('be.disabled');",
              "err": {},
              "uuid": "ad617185-2af3-4e3d-9d6d-003b361c16f9",
              "parentUUID": "f64c0675-6b3d-4c5e-ba6e-e998cc2c399d",
              "isHook": false,
              "skipped": false
            },
            {
              "title": "O botão deve estar ativado se o email e a senha forem válidos",
              "fullTitle": "4 - Desenvolva a tela de maneira que o formulário só seja válido após um email válido e uma senha de mais de 6 caracteres serem preenchidos O botão deve estar ativado se o email e a senha forem válidos",
              "timedOut": null,
              "duration": 711,
              "state": "passed",
              "speed": "fast",
              "pass": true,
              "fail": false,
              "pending": false,
              "context": null,
              "code": "cy.visit('http://localhost:3000/');\ncy.get('[data-testid=\"login-submit-btn\"]').should('be.disabled');\ncy.get('[data-testid=\"email-input\"]').type('email@mail.com');\ncy.get('[data-testid=\"password-input\"]').type('1234567');\ncy.get('[data-testid=\"login-submit-btn\"]').should('not.be.disabled');",
              "err": {},
              "uuid": "8cc66852-000f-4fd7-9392-9868a62b4e88",
              "parentUUID": "f64c0675-6b3d-4c5e-ba6e-e998cc2c399d",
              "isHook": false,
              "skipped": false
            },
            {
              "title": "Verifica a cobertura de 45% da tela de Login",
              "fullTitle": "4 - Desenvolva a tela de maneira que o formulário só seja válido após um email válido e uma senha de mais de 6 caracteres serem preenchidos Verifica a cobertura de 45% da tela de Login",
              "timedOut": null,
              "duration": 55,
              "state": "passed",
              "speed": "fast",
              "pass": true,
              "fail": false,
              "pending": false,
              "context": null,
              "code": "cy.task('getCoverage', getId()).its('Login.functions.pct').should('be.gte', 45.00);\ncy.task('getCoverage', getId()).its('Login.lines.pct').should('be.gte', 45.00);\ncy.task('getCoverage', getId()).its('Login.branches.pct').should('be.gte', 45.00);",
              "err": {},
              "uuid": "2f71bdae-a606-4919-be70-26619e5a32a0",
              "parentUUID": "f64c0675-6b3d-4c5e-ba6e-e998cc2c399d",
              "isHook": false,
              "skipped": false
            }
          ],
          "suites": [],
          "passes": [
            "3747d4a8-ae6c-4bea-ba03-195dcf4f1aa2",
            "ad617185-2af3-4e3d-9d6d-003b361c16f9",
            "8cc66852-000f-4fd7-9392-9868a62b4e88",
            "2f71bdae-a606-4919-be70-26619e5a32a0"
          ],
          "failures": [],
          "pending": [],
          "skipped": [],
          "duration": 2573,
          "root": false,
          "rootEmpty": false,
          "_timeout": 2000
        },
        {
          "uuid": "0f209ae9-f928-4e6d-b6fc-fdd1365fc337",
          "title": "5 - Após a submissão do formulário, salve no localStorage o e-mail da pessoa usuária na chave `user` e os tokens nas chaves `mealsToken` e `cocktailsToken`",
          "fullFile": "",
          "file": "",
          "beforeHooks": [],
          "afterHooks": [],
          "tests": [
            {
              "title": "Após a submissão user, mealsToken e cocktailsToken devem estar salvos em localStorage",
              "fullTitle": "5 - Após a submissão do formulário, salve no localStorage o e-mail da pessoa usuária na chave `user` e os tokens nas chaves `mealsToken` e `cocktailsToken` Após a submissão user, mealsToken e cocktailsToken devem estar salvos em localStorage",
              "timedOut": null,
              "duration": 993,
              "state": "passed",
              "speed": "fast",
              "pass": true,
              "fail": false,
              "pending": false,
              "context": null,
              "code": "cy.visit('http://localhost:3000/', {\n  onBeforeLoad(win) {\n    win.localStorage.clear();\n  }\n});\ncy.get('[data-testid=\"login-submit-btn\"]').should('be.disabled');\ncy.window().then(win => {\n  expect(win.localStorage.getItem('mealsToken')).to.be.null;\n  expect(win.localStorage.getItem('cocktailsToken')).to.be.null;\n});\ncy.get('[data-testid=\"email-input\"]').type('email@mail.com');\ncy.get('[data-testid=\"password-input\"]').type('1234567');\ncy.get('[data-testid=\"login-submit-btn\"]').click();\ncy.window().then(win => {\n  expect(JSON.parse(win.localStorage.getItem('user'))).to.deep.eq({\n    email: 'email@mail.com'\n  });\n  expect(win.localStorage.getItem('mealsToken')).to.eq('1');\n  expect(win.localStorage.getItem('cocktailsToken')).to.eq('1');\n  win.localStorage.clear();\n});",
              "err": {},
              "uuid": "b7bebaa5-843a-4a9e-b413-e2660b72c295",
              "parentUUID": "0f209ae9-f928-4e6d-b6fc-fdd1365fc337",
              "isHook": false,
              "skipped": false
            }
          ],
          "suites": [],
          "passes": [
            "b7bebaa5-843a-4a9e-b413-e2660b72c295"
          ],
          "failures": [],
          "pending": [],
          "skipped": [],
          "duration": 993,
          "root": false,
          "rootEmpty": false,
          "_timeout": 2000
        },
        {
          "uuid": "7936a532-30a5-4469-8ccc-6823237ef046",
          "title": "6 - Redirecione a pessoa usuária para a tela principal de receitas de comidas após a submissão e validação com sucesso do login",
          "fullFile": "",
          "file": "",
          "beforeHooks": [],
          "afterHooks": [],
          "tests": [
            {
              "title": "A rota muda para a tela principal de receitas de comidas",
              "fullTitle": "6 - Redirecione a pessoa usuária para a tela principal de receitas de comidas após a submissão e validação com sucesso do login A rota muda para a tela principal de receitas de comidas",
              "timedOut": null,
              "duration": 1064,
              "state": "passed",
              "speed": "fast",
              "pass": true,
              "fail": false,
              "pending": false,
              "context": null,
              "code": "cy.visit('http://localhost:3000/', {\n  onBeforeLoad(win) {\n    win.localStorage.clear();\n  }\n});\ncy.get('[data-testid=\"login-submit-btn\"]').should('be.disabled');\ncy.window().then(win => {\n  expect(win.localStorage.getItem('user')).to.be.null;\n});\ncy.get('[data-testid=\"email-input\"]').type('email@mail.com');\ncy.get('[data-testid=\"password-input\"]').type('1234567');\ncy.get('[data-testid=\"login-submit-btn\"]').click();\ncy.location().should(loc => expect(loc.pathname).to.eq('/foods'));\ncy.window().then(win => {\n  win.localStorage.clear();\n});",
              "err": {},
              "uuid": "07e97856-4002-43aa-8703-91a6d74f69ac",
              "parentUUID": "7936a532-30a5-4469-8ccc-6823237ef046",
              "isHook": false,
              "skipped": false
            },
            {
              "title": "Verifica a cobertura de 90% da tela de Login",
              "fullTitle": "6 - Redirecione a pessoa usuária para a tela principal de receitas de comidas após a submissão e validação com sucesso do login Verifica a cobertura de 90% da tela de Login",
              "timedOut": null,
              "duration": 74,
              "state": "passed",
              "speed": "fast",
              "pass": true,
              "fail": false,
              "pending": false,
              "context": null,
              "code": "cy.task('getCoverage', getId()).its('Login.functions.pct').should('be.gte', 90.00);\ncy.task('getCoverage', getId()).its('Login.lines.pct').should('be.gte', 90.00);\ncy.task('getCoverage', getId()).its('Login.branches.pct').should('be.gte', 90.00);",
              "err": {},
              "uuid": "a20cc844-977e-43ff-950e-4ac03c6befbc",
              "parentUUID": "7936a532-30a5-4469-8ccc-6823237ef046",
              "isHook": false,
              "skipped": false
            }
          ],
          "suites": [],
          "passes": [
            "07e97856-4002-43aa-8703-91a6d74f69ac",
            "a20cc844-977e-43ff-950e-4ac03c6befbc"
          ],
          "failures": [],
          "pending": [],
          "skipped": [],
          "duration": 1138,
          "root": false,
          "rootEmpty": false,
          "_timeout": 2000
        }
      ],
      "passes": [],
      "failures": [],
      "pending": [],
      "skipped": [],
      "duration": 0,
      "root": true,
      "rootEmpty": true,
      "_timeout": 2000
    }
  ],
  "meta": {
    "mocha": {
      "version": "7.0.1"
    },
    "mochawesome": {
      "options": {
        "quiet": false,
        "reportFilename": "mochawesome",
        "saveHtml": false,
        "saveJson": true,
        "consoleReporter": "spec",
        "useInlineDiffs": false,
        "code": true
      },
      "version": "6.3.1"
    },
    "marge": {
      "options": {
        "id": "default",
        "reportDir": "cypress/reports",
        "overwrite": false,
        "html": false,
        "json": true
      },
      "version": "5.2.0"
    }
  }
}