{
  "stats": {
    "suites": 3,
    "tests": 15,
    "passes": 9,
    "pending": 0,
    "failures": 6,
    "start": "2022-07-14T22:07:36.326Z",
    "end": "2022-07-14T22:08:42.508Z",
    "duration": 66182,
    "testsRegistered": 15,
    "passPercent": 60,
    "pendingPercent": 0,
    "other": 0,
    "hasOther": false,
    "skipped": 0,
    "hasSkipped": false
  },
  "results": [
    {
      "uuid": "d5dd6cb8-7fad-420b-a536-35df7a6114ac",
      "title": "",
      "fullFile": "cypress/integration/07-09-header_spec.js",
      "file": "cypress/integration/07-09-header_spec.js",
      "beforeHooks": [],
      "afterHooks": [],
      "tests": [],
      "suites": [
        {
          "uuid": "b2d12459-3c29-414b-998f-ccce93b5c049",
          "title": "7 - Implemente o header de acordo com a necessidade de cada tela",
          "fullFile": "",
          "file": "",
          "beforeHooks": [],
          "afterHooks": [],
          "tests": [
            {
              "title": "Rota \"/\": não possui header",
              "fullTitle": "7 - Implemente o header de acordo com a necessidade de cada tela Rota \"/\": não possui header",
              "timedOut": null,
              "duration": 591,
              "state": "passed",
              "speed": "fast",
              "pass": true,
              "fail": false,
              "pending": false,
              "context": null,
              "code": "cy.visit('http://localhost:3000/');\nhasNoHeader();",
              "err": {},
              "uuid": "150ff1b9-45ce-4946-9e86-4b1830e00ce6",
              "parentUUID": "b2d12459-3c29-414b-998f-ccce93b5c049",
              "isHook": false,
              "skipped": false
            },
            {
              "title": "Rota \"/foods\": possui o header com o título \"Foods\" e os ícones de perfil e pesquisa",
              "fullTitle": "7 - Implemente o header de acordo com a necessidade de cada tela Rota \"/foods\": possui o header com o título \"Foods\" e os ícones de perfil e pesquisa",
              "timedOut": null,
              "duration": 410,
              "state": "passed",
              "speed": "fast",
              "pass": true,
              "fail": false,
              "pending": false,
              "context": null,
              "code": "cy.visit('http://localhost:3000/foods');\nhasHeader('Foods');",
              "err": {},
              "uuid": "d22782b4-6e30-44cb-b06d-8884fe321a55",
              "parentUUID": "b2d12459-3c29-414b-998f-ccce93b5c049",
              "isHook": false,
              "skipped": false
            },
            {
              "title": "Rota \"/drinks\": possui o header com o título \"Drinks\" e os ícones de perfil e pesquisa",
              "fullTitle": "7 - Implemente o header de acordo com a necessidade de cada tela Rota \"/drinks\": possui o header com o título \"Drinks\" e os ícones de perfil e pesquisa",
              "timedOut": null,
              "duration": 10264,
              "state": "failed",
              "speed": null,
              "pass": false,
              "fail": true,
              "pending": false,
              "context": null,
              "code": "cy.visit('http://localhost:3000/drinks');\nhasHeader('Drinks');",
              "err": {
                "message": "AssertionError: Timed out retrying after 10000ms: Expected to find element: `[data-testid=\"profile-top-btn\"]`, but never found it.",
                "estack": "AssertionError: Timed out retrying after 10000ms: Expected to find element: `[data-testid=\"profile-top-btn\"]`, but never found it.\n    at hasHeader (http://localhost:3000/__cypress/tests?p=cypress/integration/07-09-header_spec.js:112:47)\n    at Context.eval (http://localhost:3000/__cypress/tests?p=cypress/integration/07-09-header_spec.js:132:5)",
                "diff": null
              },
              "uuid": "c4543673-9062-4fba-b9b7-a0385f78e621",
              "parentUUID": "b2d12459-3c29-414b-998f-ccce93b5c049",
              "isHook": false,
              "skipped": false
            },
            {
              "title": "Rota \"foods/{id-da-receita}\": não possui header",
              "fullTitle": "7 - Implemente o header de acordo com a necessidade de cada tela Rota \"foods/{id-da-receita}\": não possui header",
              "timedOut": null,
              "duration": 10249,
              "state": "failed",
              "speed": null,
              "pass": false,
              "fail": true,
              "pending": false,
              "context": null,
              "code": "cy.visit('http://localhost:3000/foods/52771');\nhasNoHeader();",
              "err": {
                "message": "AssertionError: Timed out retrying after 10000ms: Expected <img> not to exist in the DOM, but it was continuously found.",
                "estack": "AssertionError: Timed out retrying after 10000ms: Expected <img> not to exist in the DOM, but it was continuously found.\n    at hasNoHeader (http://localhost:3000/__cypress/tests?p=cypress/integration/07-09-header_spec.js:106:47)\n    at Context.eval (http://localhost:3000/__cypress/tests?p=cypress/integration/07-09-header_spec.js:136:5)",
                "diff": null
              },
              "uuid": "2192a789-072a-4982-8766-6aae80d42911",
              "parentUUID": "b2d12459-3c29-414b-998f-ccce93b5c049",
              "isHook": false,
              "skipped": false
            },
            {
              "title": "Rota \"drinks/{id-da-receita}\": não possui header",
              "fullTitle": "7 - Implemente o header de acordo com a necessidade de cada tela Rota \"drinks/{id-da-receita}\": não possui header",
              "timedOut": null,
              "duration": 217,
              "state": "passed",
              "speed": "fast",
              "pass": true,
              "fail": false,
              "pending": false,
              "context": null,
              "code": "cy.visit('http://localhost:3000/drinks/178319');\nhasNoHeader();",
              "err": {},
              "uuid": "4e0b7cdb-7c11-4207-8ed5-7a5fa012fc50",
              "parentUUID": "b2d12459-3c29-414b-998f-ccce93b5c049",
              "isHook": false,
              "skipped": false
            },
            {
              "title": "Rota \"/foods/{id-da-receita}/in-progress\": não possui header",
              "fullTitle": "7 - Implemente o header de acordo com a necessidade de cada tela Rota \"/foods/{id-da-receita}/in-progress\": não possui header",
              "timedOut": null,
              "duration": 10223,
              "state": "failed",
              "speed": null,
              "pass": false,
              "fail": true,
              "pending": false,
              "context": null,
              "code": "cy.visit('http://localhost:3000/foods/52771/in-progress');\nhasNoHeader();",
              "err": {
                "message": "AssertionError: Timed out retrying after 10000ms: Expected <img> not to exist in the DOM, but it was continuously found.",
                "estack": "AssertionError: Timed out retrying after 10000ms: Expected <img> not to exist in the DOM, but it was continuously found.\n    at hasNoHeader (http://localhost:3000/__cypress/tests?p=cypress/integration/07-09-header_spec.js:106:47)\n    at Context.eval (http://localhost:3000/__cypress/tests?p=cypress/integration/07-09-header_spec.js:144:5)",
                "diff": null
              },
              "uuid": "251f0ab2-6c14-4a78-b802-c6d647f55d7c",
              "parentUUID": "b2d12459-3c29-414b-998f-ccce93b5c049",
              "isHook": false,
              "skipped": false
            },
            {
              "title": "Rota \"/drinks/{id-da-receita}/in-progress\": não possui header",
              "fullTitle": "7 - Implemente o header de acordo com a necessidade de cada tela Rota \"/drinks/{id-da-receita}/in-progress\": não possui header",
              "timedOut": null,
              "duration": 200,
              "state": "passed",
              "speed": "fast",
              "pass": true,
              "fail": false,
              "pending": false,
              "context": null,
              "code": "cy.visit('http://localhost:3000/drinks/178319/in-progress');\nhasNoHeader();",
              "err": {},
              "uuid": "5367347a-6b6f-489d-aca9-33d664feb273",
              "parentUUID": "b2d12459-3c29-414b-998f-ccce93b5c049",
              "isHook": false,
              "skipped": false
            },
            {
              "title": "Rota \"/profile\": possui o header com o título \"Profile\" e o ícone de perfil, mas sem o ícone de pesquisa",
              "fullTitle": "7 - Implemente o header de acordo com a necessidade de cada tela Rota \"/profile\": possui o header com o título \"Profile\" e o ícone de perfil, mas sem o ícone de pesquisa",
              "timedOut": null,
              "duration": 10292,
              "state": "failed",
              "speed": null,
              "pass": false,
              "fail": true,
              "pending": false,
              "context": null,
              "code": "cy.visit('http://localhost:3000/profile');\nhasHeader('Profile', false);",
              "err": {
                "message": "AssertionError: Timed out retrying after 10000ms: Expected <img> not to exist in the DOM, but it was continuously found.",
                "estack": "AssertionError: Timed out retrying after 10000ms: Expected <img> not to exist in the DOM, but it was continuously found.\n    at hasHeader (http://localhost:3000/__cypress/tests?p=cypress/integration/07-09-header_spec.js:118:48)\n    at Context.eval (http://localhost:3000/__cypress/tests?p=cypress/integration/07-09-header_spec.js:152:5)",
                "diff": null
              },
              "uuid": "f50be97f-bf15-4eb6-a28a-ea5c537fe813",
              "parentUUID": "b2d12459-3c29-414b-998f-ccce93b5c049",
              "isHook": false,
              "skipped": false
            },
            {
              "title": "Rota \"/done-recipes\": possui o header com o título \"Done Recipes\" e o ícone de perfil, mas sem o ícone de pesquisa",
              "fullTitle": "7 - Implemente o header de acordo com a necessidade de cada tela Rota \"/done-recipes\": possui o header com o título \"Done Recipes\" e o ícone de perfil, mas sem o ícone de pesquisa",
              "timedOut": null,
              "duration": 10264,
              "state": "failed",
              "speed": null,
              "pass": false,
              "fail": true,
              "pending": false,
              "context": null,
              "code": "cy.visit('http://localhost:3000/done-recipes');\nhasHeader('Done Recipes', false);",
              "err": {
                "message": "AssertionError: Timed out retrying after 10000ms: Expected to find element: `[data-testid=\"profile-top-btn\"]`, but never found it.",
                "estack": "AssertionError: Timed out retrying after 10000ms: Expected to find element: `[data-testid=\"profile-top-btn\"]`, but never found it.\n    at hasHeader (http://localhost:3000/__cypress/tests?p=cypress/integration/07-09-header_spec.js:112:47)\n    at Context.eval (http://localhost:3000/__cypress/tests?p=cypress/integration/07-09-header_spec.js:156:5)",
                "diff": null
              },
              "uuid": "f7624d11-3796-4b59-a9b3-ae6476afd2e2",
              "parentUUID": "b2d12459-3c29-414b-998f-ccce93b5c049",
              "isHook": false,
              "skipped": false
            },
            {
              "title": "Rota \"/favorite-recipes\": possui o header com o título \"Favorite Recipes\" e o ícone de perfil, mas sem o ícone de pesquisa",
              "fullTitle": "7 - Implemente o header de acordo com a necessidade de cada tela Rota \"/favorite-recipes\": possui o header com o título \"Favorite Recipes\" e o ícone de perfil, mas sem o ícone de pesquisa",
              "timedOut": null,
              "duration": 10302,
              "state": "failed",
              "speed": null,
              "pass": false,
              "fail": true,
              "pending": false,
              "context": null,
              "code": "cy.visit('http://localhost:3000/favorite-recipes');\nhasHeader('Favorite Recipes', false);",
              "err": {
                "message": "AssertionError: Timed out retrying after 10000ms: Expected to find element: `[data-testid=\"profile-top-btn\"]`, but never found it.",
                "estack": "AssertionError: Timed out retrying after 10000ms: Expected to find element: `[data-testid=\"profile-top-btn\"]`, but never found it.\n    at hasHeader (http://localhost:3000/__cypress/tests?p=cypress/integration/07-09-header_spec.js:112:47)\n    at Context.eval (http://localhost:3000/__cypress/tests?p=cypress/integration/07-09-header_spec.js:160:5)",
                "diff": null
              },
              "uuid": "6830ab11-e052-476e-9787-abf165d8ddce",
              "parentUUID": "b2d12459-3c29-414b-998f-ccce93b5c049",
              "isHook": false,
              "skipped": false
            }
          ],
          "suites": [],
          "passes": [
            "150ff1b9-45ce-4946-9e86-4b1830e00ce6",
            "d22782b4-6e30-44cb-b06d-8884fe321a55",
            "4e0b7cdb-7c11-4207-8ed5-7a5fa012fc50",
            "5367347a-6b6f-489d-aca9-33d664feb273"
          ],
          "failures": [
            "c4543673-9062-4fba-b9b7-a0385f78e621",
            "2192a789-072a-4982-8766-6aae80d42911",
            "251f0ab2-6c14-4a78-b802-c6d647f55d7c",
            "f50be97f-bf15-4eb6-a28a-ea5c537fe813",
            "f7624d11-3796-4b59-a9b3-ae6476afd2e2",
            "6830ab11-e052-476e-9787-abf165d8ddce"
          ],
          "pending": [],
          "skipped": [],
          "duration": 63012,
          "root": false,
          "rootEmpty": false,
          "_timeout": 2000
        },
        {
          "uuid": "ab537fda-daf0-4fe7-8ef7-fbc67032c650",
          "title": "8 - Redirecione a pessoa usuária para a tela de perfil ao clicar no botão de perfil",
          "fullFile": "",
          "file": "",
          "beforeHooks": [],
          "afterHooks": [],
          "tests": [
            {
              "title": "A mudança de tela ocorre corretamente",
              "fullTitle": "8 - Redirecione a pessoa usuária para a tela de perfil ao clicar no botão de perfil A mudança de tela ocorre corretamente",
              "timedOut": null,
              "duration": 387,
              "state": "passed",
              "speed": "fast",
              "pass": true,
              "fail": false,
              "pending": false,
              "context": null,
              "code": "cy.visit('http://localhost:3000/foods');\ncy.get('[data-testid=\"page-title\"]').contains('Foods');\ncy.get('[data-testid=\"profile-top-btn\"]').click();\ncy.get('[data-testid=\"page-title\"]').contains('Profile');\ncy.location().should(loc => expect(loc.pathname).to.eq('/profile'));",
              "err": {},
              "uuid": "a0379dab-d5c1-45c3-badc-059c6290f0fc",
              "parentUUID": "ab537fda-daf0-4fe7-8ef7-fbc67032c650",
              "isHook": false,
              "skipped": false
            },
            {
              "title": "Verifica a cobertura de 45% do Componente Header",
              "fullTitle": "8 - Redirecione a pessoa usuária para a tela de perfil ao clicar no botão de perfil Verifica a cobertura de 45% do Componente Header",
              "timedOut": null,
              "duration": 64,
              "state": "passed",
              "speed": "fast",
              "pass": true,
              "fail": false,
              "pending": false,
              "context": null,
              "code": "cy.task('getCoverage', getId()).its('Header.functions.pct').should('be.gte', 45.00);\ncy.task('getCoverage', getId()).its('Header.lines.pct').should('be.gte', 45.00);\ncy.task('getCoverage', getId()).its('Header.branches.pct').should('be.gte', 45.00);",
              "err": {},
              "uuid": "6a5105f0-a637-4ebe-9f05-a4b5bd7175e8",
              "parentUUID": "ab537fda-daf0-4fe7-8ef7-fbc67032c650",
              "isHook": false,
              "skipped": false
            }
          ],
          "suites": [],
          "passes": [
            "a0379dab-d5c1-45c3-badc-059c6290f0fc",
            "6a5105f0-a637-4ebe-9f05-a4b5bd7175e8"
          ],
          "failures": [],
          "pending": [],
          "skipped": [],
          "duration": 451,
          "root": false,
          "rootEmpty": false,
          "_timeout": 2000
        },
        {
          "uuid": "0553530b-68f8-454f-addd-cda24a759e3a",
          "title": "9 - Desenvolva o botão de busca que, ao ser clicado, a barra de busca deve aparecer. O mesmo serve para escondê-la",
          "fullFile": "",
          "file": "",
          "beforeHooks": [],
          "afterHooks": [],
          "tests": [
            {
              "title": "Ao clicar no botão de busca pela primeira vez a barra de busca aparece",
              "fullTitle": "9 - Desenvolva o botão de busca que, ao ser clicado, a barra de busca deve aparecer. O mesmo serve para escondê-la Ao clicar no botão de busca pela primeira vez a barra de busca aparece",
              "timedOut": null,
              "duration": 407,
              "state": "passed",
              "speed": "fast",
              "pass": true,
              "fail": false,
              "pending": false,
              "context": null,
              "code": "cy.visit('http://localhost:3000/foods');\ncy.get('[data-testid=\"search-input\"]').should('not.exist');\ncy.get('[data-testid=\"search-top-btn\"]').click();\ncy.get('[data-testid=\"search-input\"]');",
              "err": {},
              "uuid": "3d42a65c-1ddb-43be-82b9-de0d31dc1a1e",
              "parentUUID": "0553530b-68f8-454f-addd-cda24a759e3a",
              "isHook": false,
              "skipped": false
            },
            {
              "title": "Ao clicar no botão de busca pela segunda vez a barra de busca desaparece",
              "fullTitle": "9 - Desenvolva o botão de busca que, ao ser clicado, a barra de busca deve aparecer. O mesmo serve para escondê-la Ao clicar no botão de busca pela segunda vez a barra de busca desaparece",
              "timedOut": null,
              "duration": 454,
              "state": "passed",
              "speed": "fast",
              "pass": true,
              "fail": false,
              "pending": false,
              "context": null,
              "code": "cy.visit('http://localhost:3000/foods');\ncy.get('[data-testid=\"search-top-btn\"]').click();\ncy.get('[data-testid=\"search-input\"]');\ncy.get('[data-testid=\"search-top-btn\"]').click();\ncy.get('[data-testid=\"search-input\"]').should('not.exist');",
              "err": {},
              "uuid": "481d6c54-04ac-41aa-8fd8-9669b2cca92e",
              "parentUUID": "0553530b-68f8-454f-addd-cda24a759e3a",
              "isHook": false,
              "skipped": false
            },
            {
              "title": "Verifica a cobertura de 90% do Componente Header",
              "fullTitle": "9 - Desenvolva o botão de busca que, ao ser clicado, a barra de busca deve aparecer. O mesmo serve para escondê-la Verifica a cobertura de 90% do Componente Header",
              "timedOut": null,
              "duration": 53,
              "state": "passed",
              "speed": "fast",
              "pass": true,
              "fail": false,
              "pending": false,
              "context": null,
              "code": "cy.task('getCoverage', getId()).its('Header.functions.pct').should('be.gte', 90.00);\ncy.task('getCoverage', getId()).its('Header.lines.pct').should('be.gte', 90.00);\ncy.task('getCoverage', getId()).its('Header.branches.pct').should('be.gte', 90.00);",
              "err": {},
              "uuid": "76b96589-f5cc-426a-94db-b2be895bd635",
              "parentUUID": "0553530b-68f8-454f-addd-cda24a759e3a",
              "isHook": false,
              "skipped": false
            }
          ],
          "suites": [],
          "passes": [
            "3d42a65c-1ddb-43be-82b9-de0d31dc1a1e",
            "481d6c54-04ac-41aa-8fd8-9669b2cca92e",
            "76b96589-f5cc-426a-94db-b2be895bd635"
          ],
          "failures": [],
          "pending": [],
          "skipped": [],
          "duration": 914,
          "root": false,
          "rootEmpty": false,
          "_timeout": 2000
        }
      ],
      "passes": [],
      "failures": [],
      "pending": [],
      "skipped": [],
      "duration": 0,
      "root": true,
      "rootEmpty": true,
      "_timeout": 2000
    }
  ],
  "meta": {
    "mocha": {
      "version": "7.0.1"
    },
    "mochawesome": {
      "options": {
        "quiet": false,
        "reportFilename": "mochawesome",
        "saveHtml": false,
        "saveJson": true,
        "consoleReporter": "spec",
        "useInlineDiffs": false,
        "code": true
      },
      "version": "6.3.1"
    },
    "marge": {
      "options": {
        "id": "default",
        "reportDir": "cypress/reports",
        "overwrite": false,
        "html": false,
        "json": true
      },
      "version": "5.2.0"
    }
  }
}