{
  "stats": {
    "suites": 1,
    "tests": 1,
    "passes": 0,
    "pending": 0,
    "failures": 1,
    "start": "2022-07-14T21:51:36.289Z",
    "end": "2022-07-14T21:51:51.551Z",
    "duration": 15262,
    "testsRegistered": 1,
    "passPercent": 0,
    "pendingPercent": 0,
    "other": 0,
    "hasOther": false,
    "skipped": 0,
    "hasSkipped": false
  },
  "results": [
    {
      "uuid": "1fe9213e-d5d1-4ff4-9b0d-9fe9eba71090",
      "title": "",
      "fullFile": "cypress/integration/01-coverage_spec.js",
      "file": "cypress/integration/01-coverage_spec.js",
      "beforeHooks": [],
      "afterHooks": [],
      "tests": [],
      "suites": [
        {
          "uuid": "c9256a68-9689-4785-8173-1593814e07de",
          "title": "1 - Desenvolva os testes unitários de maneira que a cobertura seja de, no mínimo, 90%",
          "fullFile": "",
          "file": "",
          "beforeHooks": [],
          "afterHooks": [],
          "tests": [
            {
              "title": "Verifica a cobertura de 90% da aplicação total",
              "fullTitle": "1 - Desenvolva os testes unitários de maneira que a cobertura seja de, no mínimo, 90% Verifica a cobertura de 90% da aplicação total",
              "timedOut": null,
              "duration": 15172,
              "state": "failed",
              "speed": null,
              "pass": false,
              "fail": true,
              "pending": false,
              "context": null,
              "code": "cy.task('getCoverage', getId()).its('total.branches.pct').should('be.gte', 90.00);",
              "err": {
                "message": "AssertionError: Timed out retrying after 10000ms: expected 83.33 to be at least 90",
                "estack": "AssertionError: Timed out retrying after 10000ms: expected 83.33 to be at least 90\n    at Context.eval (http://localhost:35201/__cypress/tests?p=cypress/integration/01-coverage_spec.js:106:63)",
                "diff": "- 83.33\n+ 90\n"
              },
              "uuid": "3414b4fe-785d-4172-aa80-fcee71dd8e36",
              "parentUUID": "c9256a68-9689-4785-8173-1593814e07de",
              "isHook": false,
              "skipped": false
            }
          ],
          "suites": [],
          "passes": [],
          "failures": [
            "3414b4fe-785d-4172-aa80-fcee71dd8e36"
          ],
          "pending": [],
          "skipped": [],
          "duration": 15172,
          "root": false,
          "rootEmpty": false,
          "_timeout": 2000
        }
      ],
      "passes": [],
      "failures": [],
      "pending": [],
      "skipped": [],
      "duration": 0,
      "root": true,
      "rootEmpty": true,
      "_timeout": 2000
    }
  ],
  "meta": {
    "mocha": {
      "version": "7.0.1"
    },
    "mochawesome": {
      "options": {
        "quiet": false,
        "reportFilename": "mochawesome",
        "saveHtml": false,
        "saveJson": true,
        "consoleReporter": "spec",
        "useInlineDiffs": false,
        "code": true
      },
      "version": "6.3.1"
    },
    "marge": {
      "options": {
        "id": "default",
        "reportDir": "cypress/reports",
        "overwrite": false,
        "html": false,
        "json": true
      },
      "version": "5.2.0"
    }
  }
}