<?xml version="1.0" encoding="UTF-8"?>
<coverage generated="1658671046168" clover="3.2.0">
  <project timestamp="1658671046169" name="All files">
    <metrics statements="477" coveredstatements="477" conditionals="181" coveredconditionals="181" methods="141" coveredmethods="138" elements="799" coveredelements="796" complexity="0" loc="477" ncloc="477" packages="4" files="21" classes="21"/>
    <package name="src">
      <metrics statements="1" coveredstatements="1" conditionals="0" coveredconditionals="0" methods="1" coveredmethods="1"/>
      <file name="App.js" path="/home/portuga/trybe-projetos/sd-021-b-project-recipes-app/src/App.js">
        <metrics statements="1" coveredstatements="1" conditionals="0" coveredconditionals="0" methods="1" coveredmethods="1"/>
        <line num="14" count="76" type="stmt"/>
      </file>
    </package>
    <package name="src.components">
      <metrics statements="236" coveredstatements="236" conditionals="87" coveredconditionals="87" methods="70" coveredmethods="67"/>
      <file name="ButtonsFavorite.js" path="/home/portuga/trybe-projetos/sd-021-b-project-recipes-app/src/components/ButtonsFavorite.js">
        <metrics statements="17" coveredstatements="17" conditionals="2" coveredconditionals="2" methods="6" coveredmethods="5"/>
        <line num="7" count="15" type="stmt"/>
        <line num="10" count="18" type="stmt"/>
        <line num="12" count="18" type="stmt"/>
        <line num="13" count="1" type="stmt"/>
        <line num="14" count="1" type="stmt"/>
        <line num="15" count="1" type="stmt"/>
        <line num="16" count="1" type="stmt"/>
        <line num="17" count="1" type="stmt"/>
        <line num="18" count="1" type="stmt"/>
        <line num="21" count="18" type="stmt"/>
        <line num="22" count="1" type="stmt"/>
        <line num="23" count="2" type="stmt"/>
        <line num="24" count="1" type="stmt"/>
        <line num="25" count="1" type="stmt"/>
        <line num="28" count="18" type="stmt"/>
        <line num="33" count="1" type="stmt"/>
        <line num="51" count="15" type="stmt"/>
      </file>
      <file name="Categories.js" path="/home/portuga/trybe-projetos/sd-021-b-project-recipes-app/src/components/Categories.js">
        <metrics statements="49" coveredstatements="49" conditionals="12" coveredconditionals="12" methods="8" coveredmethods="8"/>
        <line num="6" count="15" type="stmt"/>
        <line num="7" count="15" type="stmt"/>
        <line num="9" count="15" type="stmt"/>
        <line num="10" count="15" type="stmt"/>
        <line num="13" count="220" type="stmt"/>
        <line num="14" count="220" type="stmt"/>
        <line num="15" count="220" type="stmt"/>
        <line num="16" count="220" type="stmt"/>
        <line num="17" count="220" type="stmt"/>
        <line num="19" count="220" type="stmt"/>
        <line num="20" count="42" type="stmt"/>
        <line num="21" count="42" type="stmt"/>
        <line num="22" count="37" type="stmt"/>
        <line num="23" count="37" type="stmt"/>
        <line num="24" count="37" type="stmt"/>
        <line num="26" count="42" type="stmt"/>
        <line num="29" count="220" type="stmt"/>
        <line num="30" count="21" type="cond" truecount="2" falsecount="0"/>
        <line num="31" count="9" type="stmt"/>
        <line num="32" count="9" type="stmt"/>
        <line num="33" count="9" type="stmt"/>
        <line num="34" count="9" type="stmt"/>
        <line num="36" count="12" type="stmt"/>
        <line num="37" count="12" type="stmt"/>
        <line num="38" count="12" type="stmt"/>
        <line num="39" count="12" type="stmt"/>
        <line num="43" count="220" type="stmt"/>
        <line num="44" count="19" type="stmt"/>
        <line num="45" count="19" type="stmt"/>
        <line num="46" count="19" type="stmt"/>
        <line num="47" count="19" type="stmt"/>
        <line num="49" count="19" type="cond" truecount="4" falsecount="0"/>
        <line num="50" count="7" type="stmt"/>
        <line num="51" count="7" type="stmt"/>
        <line num="52" count="12" type="cond" truecount="2" falsecount="0"/>
        <line num="53" count="1" type="stmt"/>
        <line num="54" count="1" type="stmt"/>
        <line num="55" count="11" type="cond" truecount="2" falsecount="0"/>
        <line num="56" count="10" type="stmt"/>
        <line num="57" count="10" type="stmt"/>
        <line num="59" count="1" type="stmt"/>
        <line num="60" count="1" type="stmt"/>
        <line num="64" count="220" type="stmt"/>
        <line num="70" count="2" type="stmt"/>
        <line num="71" count="2" type="cond" truecount="2" falsecount="0"/>
        <line num="79" count="890" type="stmt"/>
        <line num="80" count="890" type="stmt"/>
        <line num="85" count="19" type="stmt"/>
        <line num="95" count="15" type="stmt"/>
      </file>
      <file name="Footer.js" path="/home/portuga/trybe-projetos/sd-021-b-project-recipes-app/src/components/Footer.js">
        <metrics statements="4" coveredstatements="4" conditionals="0" coveredconditionals="0" methods="3" coveredmethods="3"/>
        <line num="7" count="50" type="stmt"/>
        <line num="8" count="50" type="stmt"/>
        <line num="18" count="1" type="stmt"/>
        <line num="24" count="1" type="stmt"/>
      </file>
      <file name="Header.js" path="/home/portuga/trybe-projetos/sd-021-b-project-recipes-app/src/components/Header.js">
        <metrics statements="6" coveredstatements="6" conditionals="4" coveredconditionals="4" methods="3" coveredmethods="3"/>
        <line num="9" count="100" type="stmt"/>
        <line num="10" count="100" type="stmt"/>
        <line num="11" count="100" type="stmt"/>
        <line num="14" count="1" type="stmt"/>
        <line num="19" count="12" type="stmt"/>
        <line num="33" count="15" type="stmt"/>
      </file>
      <file name="InteractionButtons.js" path="/home/portuga/trybe-projetos/sd-021-b-project-recipes-app/src/components/InteractionButtons.js">
        <metrics statements="42" coveredstatements="42" conditionals="20" coveredconditionals="20" methods="10" coveredmethods="9"/>
        <line num="9" count="15" type="stmt"/>
        <line num="12" count="101" type="stmt"/>
        <line num="13" count="101" type="stmt"/>
        <line num="14" count="101" type="stmt"/>
        <line num="15" count="101" type="stmt"/>
        <line num="17" count="101" type="stmt"/>
        <line num="18" count="57" type="stmt"/>
        <line num="19" count="57" type="cond" truecount="4" falsecount="0"/>
        <line num="20" count="6" type="stmt"/>
        <line num="21" count="5" type="cond" truecount="2" falsecount="0"/>
        <line num="22" count="52" type="cond" truecount="2" falsecount="0"/>
        <line num="23" count="4" type="stmt"/>
        <line num="24" count="3" type="cond" truecount="2" falsecount="0"/>
        <line num="28" count="101" type="stmt"/>
        <line num="29" count="6" type="stmt"/>
        <line num="30" count="6" type="cond" truecount="2" falsecount="0"/>
        <line num="31" count="4" type="stmt"/>
        <line num="32" count="4" type="cond" truecount="2" falsecount="0"/>
        <line num="33" count="2" type="stmt"/>
        <line num="34" count="2" type="stmt"/>
        <line num="35" count="2" type="stmt"/>
        <line num="37" count="2" type="stmt"/>
        <line num="38" count="2" type="stmt"/>
        <line num="39" count="2" type="stmt"/>
        <line num="42" count="2" type="stmt"/>
        <line num="43" count="2" type="stmt"/>
        <line num="47" count="101" type="stmt"/>
        <line num="48" count="6" type="cond" truecount="2" falsecount="0"/>
        <line num="49" count="3" type="stmt"/>
        <line num="50" count="3" type="stmt"/>
        <line num="59" count="3" type="stmt"/>
        <line num="61" count="3" type="stmt"/>
        <line num="62" count="3" type="stmt"/>
        <line num="71" count="3" type="stmt"/>
        <line num="75" count="101" type="stmt"/>
        <line num="76" count="1" type="stmt"/>
        <line num="77" count="1" type="stmt"/>
        <line num="78" count="1" type="stmt"/>
        <line num="79" count="1" type="stmt"/>
        <line num="80" count="1" type="stmt"/>
        <line num="83" count="101" type="stmt"/>
        <line num="104" count="15" type="stmt"/>
      </file>
      <file name="ListIngredients.js" path="/home/portuga/trybe-projetos/sd-021-b-project-recipes-app/src/components/ListIngredients.js">
        <metrics statements="45" coveredstatements="45" conditionals="12" coveredconditionals="12" methods="17" coveredmethods="17"/>
        <line num="7" count="151" type="stmt"/>
        <line num="8" count="151" type="stmt"/>
        <line num="9" count="151" type="stmt"/>
        <line num="10" count="151" type="stmt"/>
        <line num="11" count="151" type="stmt"/>
        <line num="12" count="151" type="cond" truecount="2" falsecount="0"/>
        <line num="13" count="151" type="stmt"/>
        <line num="15" count="151" type="stmt"/>
        <line num="16" count="14" type="stmt"/>
        <line num="17" count="14" type="stmt"/>
        <line num="18" count="361" type="stmt"/>
        <line num="19" count="120" type="stmt"/>
        <line num="20" count="14" type="stmt"/>
        <line num="21" count="54" type="stmt"/>
        <line num="22" count="54" type="stmt"/>
        <line num="24" count="14" type="stmt"/>
        <line num="27" count="151" type="stmt"/>
        <line num="28" count="40" type="stmt"/>
        <line num="29" count="40" type="stmt"/>
        <line num="30" count="173" type="stmt"/>
        <line num="31" count="40" type="cond" truecount="2" falsecount="0"/>
        <line num="32" count="1" type="stmt"/>
        <line num="36" count="3" type="stmt"/>
        <line num="39" count="1" type="stmt"/>
        <line num="41" count="39" type="stmt"/>
        <line num="48" count="39" type="stmt"/>
        <line num="52" count="151" type="stmt"/>
        <line num="53" count="97" type="stmt"/>
        <line num="54" count="97" type="cond" truecount="4" falsecount="0"/>
        <line num="55" count="83" type="stmt"/>
        <line num="56" count="83" type="stmt"/>
        <line num="57" count="83" type="stmt"/>
        <line num="58" count="7250" type="cond" truecount="2" falsecount="0"/>
        <line num="59" count="419" type="stmt"/>
        <line num="61" count="439" type="stmt"/>
        <line num="65" count="83" type="stmt"/>
        <line num="69" count="151" type="cond" truecount="2" falsecount="0"/>
        <line num="70" count="108" type="stmt"/>
        <line num="73" count="1156" type="stmt"/>
        <line num="83" count="33" type="stmt"/>
        <line num="84" count="5008" type="stmt"/>
        <line num="93" count="43" type="stmt"/>
        <line num="96" count="158" type="stmt"/>
        <line num="106" count="7" type="stmt"/>
        <line num="115" count="15" type="stmt"/>
      </file>
      <file name="Recipes.js" path="/home/portuga/trybe-projetos/sd-021-b-project-recipes-app/src/components/Recipes.js">
        <metrics statements="14" coveredstatements="14" conditionals="15" coveredconditionals="15" methods="6" coveredmethods="6"/>
        <line num="6" count="180" type="stmt"/>
        <line num="8" count="179" type="stmt"/>
        <line num="9" count="179" type="cond" truecount="2" falsecount="0"/>
        <line num="10" count="105" type="cond" truecount="4" falsecount="0"/>
        <line num="11" count="2" type="stmt"/>
        <line num="15" count="1" type="stmt"/>
        <line num="31" count="103" type="stmt"/>
        <line num="34" count="884" type="stmt"/>
        <line num="35" count="884" type="stmt"/>
        <line num="41" count="2" type="stmt"/>
        <line num="61" count="74" type="stmt"/>
        <line num="64" count="468" type="stmt"/>
        <line num="65" count="468" type="cond" truecount="2" falsecount="0"/>
        <line num="69" count="3" type="stmt"/>
      </file>
      <file name="Recommendation.js" path="/home/portuga/trybe-projetos/sd-021-b-project-recipes-app/src/components/Recommendation.js">
        <metrics statements="25" coveredstatements="25" conditionals="8" coveredconditionals="8" methods="7" coveredmethods="7"/>
        <line num="4" count="15" type="stmt"/>
        <line num="7" count="94" type="stmt"/>
        <line num="8" count="90" type="stmt"/>
        <line num="9" count="90" type="stmt"/>
        <line num="11" count="90" type="stmt"/>
        <line num="12" count="1" type="stmt"/>
        <line num="13" count="1" type="stmt"/>
        <line num="16" count="90" type="stmt"/>
        <line num="17" count="1" type="stmt"/>
        <line num="18" count="1" type="stmt"/>
        <line num="21" count="90" type="stmt"/>
        <line num="22" count="25" type="stmt"/>
        <line num="23" count="25" type="cond" truecount="2" falsecount="0"/>
        <line num="24" count="13" type="stmt"/>
        <line num="25" count="11" type="stmt"/>
        <line num="26" count="11" type="stmt"/>
        <line num="28" count="12" type="stmt"/>
        <line num="29" count="10" type="stmt"/>
        <line num="30" count="10" type="stmt"/>
        <line num="33" count="25" type="stmt"/>
        <line num="36" count="90" type="cond" truecount="2" falsecount="0"/>
        <line num="37" count="46" type="stmt"/>
        <line num="49" count="180" type="stmt"/>
        <line num="64" count="44" type="stmt"/>
        <line num="77" count="180" type="stmt"/>
      </file>
      <file name="SearchBar.js" path="/home/portuga/trybe-projetos/sd-021-b-project-recipes-app/src/components/SearchBar.js">
        <metrics statements="22" coveredstatements="22" conditionals="12" coveredconditionals="12" methods="6" coveredmethods="6"/>
        <line num="5" count="84" type="stmt"/>
        <line num="6" count="84" type="stmt"/>
        <line num="7" count="84" type="stmt"/>
        <line num="8" count="84" type="stmt"/>
        <line num="9" count="84" type="stmt"/>
        <line num="11" count="84" type="stmt"/>
        <line num="20" count="37" type="stmt"/>
        <line num="32" count="3" type="stmt"/>
        <line num="33" count="3" type="stmt"/>
        <line num="34" count="3" type="stmt"/>
        <line num="48" count="4" type="stmt"/>
        <line num="49" count="4" type="stmt"/>
        <line num="50" count="4" type="stmt"/>
        <line num="64" count="4" type="stmt"/>
        <line num="65" count="4" type="stmt"/>
        <line num="66" count="4" type="stmt"/>
        <line num="76" count="11" type="cond" truecount="2" falsecount="0"/>
        <line num="77" count="11" type="cond" truecount="2" falsecount="0"/>
        <line num="78" count="11" type="cond" truecount="4" falsecount="0"/>
        <line num="79" count="3" type="stmt"/>
        <line num="80" count="8" type="cond" truecount="4" falsecount="0"/>
        <line num="81" count="1" type="stmt"/>
      </file>
      <file name="ShareButton.js" path="/home/portuga/trybe-projetos/sd-021-b-project-recipes-app/src/components/ShareButton.js">
        <metrics statements="12" coveredstatements="12" conditionals="2" coveredconditionals="2" methods="4" coveredmethods="3"/>
        <line num="6" count="15" type="stmt"/>
        <line num="9" count="23" type="stmt"/>
        <line num="11" count="23" type="stmt"/>
        <line num="12" count="1" type="stmt"/>
        <line num="13" count="1" type="stmt"/>
        <line num="14" count="1" type="stmt"/>
        <line num="15" count="1" type="stmt"/>
        <line num="16" count="1" type="stmt"/>
        <line num="17" count="1" type="stmt"/>
        <line num="20" count="23" type="stmt"/>
        <line num="25" count="1" type="stmt"/>
        <line num="35" count="15" type="stmt"/>
      </file>
    </package>
    <package name="src.context">
      <metrics statements="63" coveredstatements="63" conditionals="28" coveredconditionals="28" methods="8" coveredmethods="8"/>
      <file name="Provider.js" path="/home/portuga/trybe-projetos/sd-021-b-project-recipes-app/src/context/Provider.js">
        <metrics statements="62" coveredstatements="62" conditionals="28" coveredconditionals="28" methods="8" coveredmethods="8"/>
        <line num="6" count="15" type="stmt"/>
        <line num="8" count="15" type="stmt"/>
        <line num="11" count="377" type="stmt"/>
        <line num="12" count="377" type="stmt"/>
        <line num="13" count="377" type="stmt"/>
        <line num="14" count="377" type="stmt"/>
        <line num="15" count="377" type="stmt"/>
        <line num="16" count="377" type="stmt"/>
        <line num="17" count="377" type="stmt"/>
        <line num="18" count="377" type="stmt"/>
        <line num="19" count="377" type="stmt"/>
        <line num="20" count="377" type="stmt"/>
        <line num="21" count="377" type="stmt"/>
        <line num="22" count="377" type="cond" truecount="2" falsecount="0"/>
        <line num="24" count="377" type="stmt"/>
        <line num="25" count="155" type="stmt"/>
        <line num="26" count="155" type="cond" truecount="4" falsecount="0"/>
        <line num="27" count="90" type="cond" truecount="2" falsecount="0"/>
        <line num="28" count="6" type="stmt"/>
        <line num="35" count="6" type="stmt"/>
        <line num="36" count="6" type="stmt"/>
        <line num="37" count="84" type="cond" truecount="2" falsecount="0"/>
        <line num="38" count="83" type="stmt"/>
        <line num="45" count="83" type="stmt"/>
        <line num="46" count="83" type="stmt"/>
        <line num="48" count="1" type="stmt"/>
        <line num="55" count="1" type="stmt"/>
        <line num="56" count="1" type="stmt"/>
        <line num="61" count="377" type="stmt"/>
        <line num="62" count="76" type="stmt"/>
        <line num="63" count="76" type="stmt"/>
        <line num="64" count="61" type="stmt"/>
        <line num="65" count="61" type="cond" truecount="2" falsecount="0"/>
        <line num="66" count="1" type="stmt"/>
        <line num="67" count="1" type="stmt"/>
        <line num="69" count="60" type="stmt"/>
        <line num="70" count="60" type="stmt"/>
        <line num="72" count="76" type="stmt"/>
        <line num="75" count="377" type="stmt"/>
        <line num="76" count="74" type="stmt"/>
        <line num="77" count="74" type="stmt"/>
        <line num="78" count="74" type="stmt"/>
        <line num="79" count="59" type="stmt"/>
        <line num="80" count="59" type="cond" truecount="2" falsecount="0"/>
        <line num="81" count="1" type="stmt"/>
        <line num="82" count="1" type="stmt"/>
        <line num="84" count="57" type="stmt"/>
        <line num="85" count="57" type="stmt"/>
        <line num="87" count="1" type="stmt"/>
        <line num="90" count="74" type="stmt"/>
        <line num="93" count="377" type="stmt"/>
        <line num="94" count="82" type="stmt"/>
        <line num="95" count="82" type="cond" truecount="4" falsecount="0"/>
        <line num="96" count="1" type="stmt"/>
        <line num="98" count="81" type="cond" truecount="4" falsecount="0"/>
        <line num="100" count="2" type="cond" truecount="2" falsecount="0"/>
        <line num="104" count="4" type="cond" truecount="2" falsecount="0"/>
        <line num="108" count="3" type="cond" truecount="2" falsecount="0"/>
        <line num="112" count="72" type="stmt"/>
        <line num="115" count="82" type="stmt"/>
        <line num="118" count="377" type="stmt"/>
        <line num="136" count="15" type="stmt"/>
      </file>
      <file name="context.js" path="/home/portuga/trybe-projetos/sd-021-b-project-recipes-app/src/context/context.js">
        <metrics statements="1" coveredstatements="1" conditionals="0" coveredconditionals="0" methods="0" coveredmethods="0"/>
        <line num="3" count="15" type="stmt"/>
      </file>
    </package>
    <package name="src.pages">
      <metrics statements="177" coveredstatements="177" conditionals="66" coveredconditionals="66" methods="62" coveredmethods="62"/>
      <file name="DoneRecipes.js" path="/home/portuga/trybe-projetos/sd-021-b-project-recipes-app/src/pages/DoneRecipes.js">
        <metrics statements="24" coveredstatements="24" conditionals="12" coveredconditionals="12" methods="11" coveredmethods="11"/>
        <line num="7" count="21" type="stmt"/>
        <line num="8" count="21" type="stmt"/>
        <line num="9" count="21" type="stmt"/>
        <line num="11" count="21" type="stmt"/>
        <line num="12" count="9" type="stmt"/>
        <line num="13" count="9" type="stmt"/>
        <line num="16" count="21" type="stmt"/>
        <line num="17" count="3" type="cond" truecount="2" falsecount="0"/>
        <line num="18" count="3" type="stmt"/>
        <line num="19" count="1" type="stmt"/>
        <line num="20" count="2" type="cond" truecount="2" falsecount="0"/>
        <line num="21" count="3" type="stmt"/>
        <line num="22" count="1" type="stmt"/>
        <line num="24" count="1" type="stmt"/>
        <line num="28" count="21" type="stmt"/>
        <line num="36" count="1" type="stmt"/>
        <line num="43" count="1" type="stmt"/>
        <line num="50" count="1" type="stmt"/>
        <line num="59" count="22" type="stmt"/>
        <line num="60" count="22" type="stmt"/>
        <line num="64" count="2" type="cond" truecount="2" falsecount="0"/>
        <line num="65" count="1" type="stmt"/>
        <line num="67" count="1" type="stmt"/>
        <line num="85" count="7" type="stmt"/>
      </file>
      <file name="Drinks.js" path="/home/portuga/trybe-projetos/sd-021-b-project-recipes-app/src/pages/Drinks.js">
        <metrics statements="1" coveredstatements="1" conditionals="0" coveredconditionals="0" methods="1" coveredmethods="1"/>
        <line num="8" count="18" type="stmt"/>
      </file>
      <file name="FavoriteRecipes.js" path="/home/portuga/trybe-projetos/sd-021-b-project-recipes-app/src/pages/FavoriteRecipes.js">
        <metrics statements="24" coveredstatements="24" conditionals="12" coveredconditionals="12" methods="10" coveredmethods="10"/>
        <line num="7" count="17" type="stmt"/>
        <line num="8" count="17" type="stmt"/>
        <line num="9" count="17" type="stmt"/>
        <line num="10" count="17" type="stmt"/>
        <line num="12" count="17" type="stmt"/>
        <line num="13" count="7" type="stmt"/>
        <line num="14" count="7" type="stmt"/>
        <line num="17" count="17" type="stmt"/>
        <line num="18" count="3" type="cond" truecount="2" falsecount="0"/>
        <line num="19" count="2" type="stmt"/>
        <line num="20" count="1" type="stmt"/>
        <line num="21" count="2" type="cond" truecount="2" falsecount="0"/>
        <line num="22" count="2" type="stmt"/>
        <line num="23" count="1" type="stmt"/>
        <line num="25" count="1" type="stmt"/>
        <line num="29" count="17" type="stmt"/>
        <line num="37" count="1" type="stmt"/>
        <line num="44" count="1" type="stmt"/>
        <line num="51" count="1" type="stmt"/>
        <line num="59" count="17" type="stmt"/>
        <line num="60" count="17" type="stmt"/>
        <line num="64" count="2" type="cond" truecount="2" falsecount="0"/>
        <line num="65" count="1" type="stmt"/>
        <line num="67" count="1" type="stmt"/>
      </file>
      <file name="Foods.js" path="/home/portuga/trybe-projetos/sd-021-b-project-recipes-app/src/pages/Foods.js">
        <metrics statements="1" coveredstatements="1" conditionals="0" coveredconditionals="0" methods="1" coveredmethods="1"/>
        <line num="8" count="26" type="stmt"/>
      </file>
      <file name="Login.js" path="/home/portuga/trybe-projetos/sd-021-b-project-recipes-app/src/pages/Login.js">
        <metrics statements="22" coveredstatements="22" conditionals="4" coveredconditionals="4" methods="7" coveredmethods="7"/>
        <line num="4" count="15" type="stmt"/>
        <line num="7" count="64" type="stmt"/>
        <line num="8" count="64" type="stmt"/>
        <line num="9" count="64" type="stmt"/>
        <line num="11" count="64" type="stmt"/>
        <line num="12" count="33" type="stmt"/>
        <line num="13" count="33" type="stmt"/>
        <line num="14" count="33" type="cond" truecount="4" falsecount="0"/>
        <line num="15" count="1" type="stmt"/>
        <line num="17" count="32" type="stmt"/>
        <line num="20" count="33" type="stmt"/>
        <line num="23" count="64" type="stmt"/>
        <line num="24" count="1" type="stmt"/>
        <line num="27" count="1" type="stmt"/>
        <line num="28" count="1" type="stmt"/>
        <line num="29" count="1" type="stmt"/>
        <line num="30" count="1" type="stmt"/>
        <line num="33" count="64" type="stmt"/>
        <line num="43" count="24" type="stmt"/>
        <line num="55" count="7" type="stmt"/>
        <line num="62" count="1" type="stmt"/>
        <line num="70" count="15" type="stmt"/>
      </file>
      <file name="Profile.js" path="/home/portuga/trybe-projetos/sd-021-b-project-recipes-app/src/pages/Profile.js">
        <metrics statements="9" coveredstatements="9" conditionals="0" coveredconditionals="0" methods="5" coveredmethods="5"/>
        <line num="7" count="8" type="stmt"/>
        <line num="8" count="8" type="stmt"/>
        <line num="10" count="8" type="stmt"/>
        <line num="11" count="4" type="stmt"/>
        <line num="14" count="8" type="stmt"/>
        <line num="22" count="1" type="stmt"/>
        <line num="29" count="1" type="stmt"/>
        <line num="37" count="1" type="stmt"/>
        <line num="38" count="1" type="stmt"/>
      </file>
      <file name="RecipeDetails.js" path="/home/portuga/trybe-projetos/sd-021-b-project-recipes-app/src/pages/RecipeDetails.js">
        <metrics statements="64" coveredstatements="64" conditionals="26" coveredconditionals="26" methods="22" coveredmethods="22"/>
        <line num="8" count="76" type="stmt"/>
        <line num="9" count="72" type="stmt"/>
        <line num="10" count="72" type="stmt"/>
        <line num="11" count="72" type="stmt"/>
        <line num="12" count="72" type="stmt"/>
        <line num="13" count="72" type="cond" truecount="2" falsecount="0"/>
        <line num="14" count="72" type="stmt"/>
        <line num="15" count="72" type="stmt"/>
        <line num="17" count="72" type="stmt"/>
        <line num="18" count="25" type="stmt"/>
        <line num="19" count="25" type="cond" truecount="2" falsecount="0"/>
        <line num="20" count="13" type="stmt"/>
        <line num="21" count="11" type="stmt"/>
        <line num="22" count="11" type="stmt"/>
        <line num="24" count="12" type="stmt"/>
        <line num="25" count="10" type="stmt"/>
        <line num="26" count="10" type="stmt"/>
        <line num="29" count="25" type="stmt"/>
        <line num="32" count="72" type="stmt"/>
        <line num="33" count="25" type="stmt"/>
        <line num="34" count="25" type="cond" truecount="4" falsecount="0"/>
        <line num="35" count="3" type="stmt"/>
        <line num="36" count="3" type="stmt"/>
        <line num="39" count="25" type="stmt"/>
        <line num="40" count="25" type="cond" truecount="4" falsecount="0"/>
        <line num="41" count="3" type="stmt"/>
        <line num="45" count="72" type="cond" truecount="2" falsecount="0"/>
        <line num="47" count="37" type="stmt"/>
        <line num="48" count="37" type="stmt"/>
        <line num="49" count="37" type="stmt"/>
        <line num="50" count="1071" type="stmt"/>
        <line num="51" count="315" type="stmt"/>
        <line num="52" count="37" type="stmt"/>
        <line num="53" count="63" type="stmt"/>
        <line num="54" count="63" type="stmt"/>
        <line num="57" count="37" type="stmt"/>
        <line num="58" count="1071" type="stmt"/>
        <line num="59" count="315" type="stmt"/>
        <line num="60" count="37" type="stmt"/>
        <line num="61" count="21" type="stmt"/>
        <line num="62" count="21" type="stmt"/>
        <line num="65" count="37" type="stmt"/>
        <line num="77" count="63" type="stmt"/>
        <line num="93" count="1" type="stmt"/>
        <line num="94" count="1" type="stmt"/>
        <line num="104" count="35" type="stmt"/>
        <line num="105" count="35" type="stmt"/>
        <line num="106" count="35" type="stmt"/>
        <line num="107" count="1077" type="stmt"/>
        <line num="108" count="420" type="stmt"/>
        <line num="109" count="35" type="stmt"/>
        <line num="110" count="267" type="stmt"/>
        <line num="111" count="267" type="stmt"/>
        <line num="114" count="35" type="stmt"/>
        <line num="115" count="1077" type="stmt"/>
        <line num="116" count="420" type="stmt"/>
        <line num="117" count="35" type="stmt"/>
        <line num="118" count="420" type="stmt"/>
        <line num="119" count="420" type="stmt"/>
        <line num="122" count="35" type="stmt"/>
        <line num="124" count="35" type="stmt"/>
        <line num="136" count="267" type="stmt"/>
        <line num="162" count="1" type="stmt"/>
        <line num="163" count="1" type="stmt"/>
      </file>
      <file name="RecipeInProgress.js" path="/home/portuga/trybe-projetos/sd-021-b-project-recipes-app/src/pages/RecipeInProgress.js">
        <metrics statements="32" coveredstatements="32" conditionals="12" coveredconditionals="12" methods="5" coveredmethods="5"/>
        <line num="7" count="91" type="stmt"/>
        <line num="8" count="90" type="stmt"/>
        <line num="9" count="90" type="stmt"/>
        <line num="10" count="90" type="stmt"/>
        <line num="11" count="90" type="stmt"/>
        <line num="13" count="90" type="stmt"/>
        <line num="14" count="7" type="stmt"/>
        <line num="15" count="7" type="cond" truecount="2" falsecount="0"/>
        <line num="16" count="4" type="stmt"/>
        <line num="17" count="4" type="stmt"/>
        <line num="18" count="4" type="stmt"/>
        <line num="20" count="3" type="stmt"/>
        <line num="21" count="3" type="stmt"/>
        <line num="22" count="3" type="stmt"/>
        <line num="25" count="7" type="stmt"/>
        <line num="28" count="90" type="cond" truecount="2" falsecount="0"/>
        <line num="30" count="28" type="stmt"/>
        <line num="32" count="28" type="stmt"/>
        <line num="44" count="28" type="stmt"/>
        <line num="65" count="2" type="stmt"/>
        <line num="66" count="2" type="stmt"/>
        <line num="67" count="2" type="cond" truecount="2" falsecount="0"/>
        <line num="68" count="1" type="stmt"/>
        <line num="70" count="1" type="stmt"/>
        <line num="83" count="62" type="stmt"/>
        <line num="85" count="62" type="stmt"/>
        <line num="97" count="62" type="stmt"/>
        <line num="118" count="2" type="stmt"/>
        <line num="119" count="2" type="stmt"/>
        <line num="120" count="2" type="cond" truecount="2" falsecount="0"/>
        <line num="121" count="1" type="stmt"/>
        <line num="123" count="1" type="stmt"/>
      </file>
    </package>
  </project>
</coverage>
