{"/home/portuga/trybe-projetos/sd-021-b-project-recipes-app/src/App.js": {"path":"/home/portuga/trybe-projetos/sd-021-b-project-recipes-app/src/App.js","statementMap":{"0":{"start":{"line":14,"column":2},"end":{"line":41,"column":4}}},"fnMap":{"0":{"name":"App","decl":{"start":{"line":13,"column":9},"end":{"line":13,"column":12}},"loc":{"start":{"line":13,"column":15},"end":{"line":42,"column":1}},"line":13}},"branchMap":{},"s":{"0":76},"f":{"0":76},"b":{},"_coverageSchema":"1a1c01bbd47fc00a2c39e90264f33305004495a9","hash":"e2b16c49b840a64eca3a3bfce4f596012f9fca1b"}
,"/home/portuga/trybe-projetos/sd-021-b-project-recipes-app/src/components/ButtonsFavorite.js": {"path":"/home/portuga/trybe-projetos/sd-021-b-project-recipes-app/src/components/ButtonsFavorite.js","statementMap":{"0":{"start":{"line":7,"column":27},"end":{"line":7,"column":31}},"1":{"start":{"line":10,"column":32},"end":{"line":10,"column":47}},"2":{"start":{"line":12,"column":19},"end":{"line":19,"column":3}},"3":{"start":{"line":13,"column":25},"end":{"line":13,"column":39}},"4":{"start":{"line":14,"column":20},"end":{"line":14,"column":40}},"5":{"start":{"line":15,"column":23},"end":{"line":15,"column":78}},"6":{"start":{"line":16,"column":4},"end":{"line":16,"column":21}},"7":{"start":{"line":17,"column":4},"end":{"line":17,"column":21}},"8":{"start":{"line":18,"column":4},"end":{"line":18,"column":60}},"9":{"start":{"line":18,"column":21},"end":{"line":18,"column":38}},"10":{"start":{"line":21,"column":25},"end":{"line":26,"column":3}},"11":{"start":{"line":22,"column":22},"end":{"line":22,"column":73}},"12":{"start":{"line":23,"column":25},"end":{"line":23,"column":72}},"13":{"start":{"line":23,"column":51},"end":{"line":23,"column":71}},"14":{"start":{"line":24,"column":4},"end":{"line":24,"column":74}},"15":{"start":{"line":25,"column":4},"end":{"line":25,"column":26}},"16":{"start":{"line":28,"column":2},"end":{"line":48,"column":4}},"17":{"start":{"line":33,"column":24},"end":{"line":33,"column":40}},"18":{"start":{"line":51,"column":0},"end":{"line":55,"column":2}}},"fnMap":{"0":{"name":"ButtonsFavorite","decl":{"start":{"line":9,"column":9},"end":{"line":9,"column":24}},"loc":{"start":{"line":9,"column":56},"end":{"line":49,"column":1}},"line":9},"1":{"name":"(anonymous_1)","decl":{"start":{"line":12,"column":19},"end":{"line":12,"column":20}},"loc":{"start":{"line":12,"column":39},"end":{"line":19,"column":3}},"line":12},"2":{"name":"(anonymous_2)","decl":{"start":{"line":18,"column":15},"end":{"line":18,"column":16}},"loc":{"start":{"line":18,"column":21},"end":{"line":18,"column":38}},"line":18},"3":{"name":"(anonymous_3)","decl":{"start":{"line":21,"column":25},"end":{"line":21,"column":26}},"loc":{"start":{"line":21,"column":31},"end":{"line":26,"column":3}},"line":21},"4":{"name":"(anonymous_4)","decl":{"start":{"line":23,"column":42},"end":{"line":23,"column":43}},"loc":{"start":{"line":23,"column":51},"end":{"line":23,"column":71}},"line":23},"5":{"name":"(anonymous_5)","decl":{"start":{"line":33,"column":18},"end":{"line":33,"column":19}},"loc":{"start":{"line":33,"column":24},"end":{"line":33,"column":40}},"line":33}},"branchMap":{"0":{"loc":{"start":{"line":38,"column":7},"end":{"line":38,"column":43}},"type":"binary-expr","locations":[{"start":{"line":38,"column":7},"end":{"line":38,"column":14}},{"start":{"line":38,"column":18},"end":{"line":38,"column":43}}],"line":38}},"s":{"0":15,"1":18,"2":18,"3":1,"4":1,"5":1,"6":1,"7":1,"8":1,"9":0,"10":18,"11":1,"12":1,"13":2,"14":1,"15":1,"16":18,"17":1,"18":15},"f":{"0":18,"1":1,"2":0,"3":1,"4":2,"5":1},"b":{"0":[18,1]},"_coverageSchema":"1a1c01bbd47fc00a2c39e90264f33305004495a9","hash":"c52c932b285092da5ef872a6658a32fc8d889372"}
,"/home/portuga/trybe-projetos/sd-021-b-project-recipes-app/src/components/Categories.js": {"path":"/home/portuga/trybe-projetos/sd-021-b-project-recipes-app/src/components/Categories.js","statementMap":{"0":{"start":{"line":6,"column":13},"end":{"line":6,"column":14}},"1":{"start":{"line":7,"column":15},"end":{"line":7,"column":17}},"2":{"start":{"line":9,"column":17},"end":{"line":9,"column":72}},"3":{"start":{"line":10,"column":18},"end":{"line":10,"column":77}},"4":{"start":{"line":13,"column":32},"end":{"line":13,"column":44}},"5":{"start":{"line":14,"column":18},"end":{"line":14,"column":30}},"6":{"start":{"line":15,"column":51},"end":{"line":15,"column":70}},"7":{"start":{"line":16,"column":40},"end":{"line":16,"column":58}},"8":{"start":{"line":17,"column":43},"end":{"line":17,"column":62}},"9":{"start":{"line":19,"column":2},"end":{"line":27,"column":22}},"10":{"start":{"line":20,"column":30},"end":{"line":25,"column":5}},"11":{"start":{"line":21,"column":23},"end":{"line":21,"column":39}},"12":{"start":{"line":22,"column":19},"end":{"line":22,"column":40}},"13":{"start":{"line":23,"column":22},"end":{"line":23,"column":51}},"14":{"start":{"line":24,"column":6},"end":{"line":24,"column":26}},"15":{"start":{"line":26,"column":4},"end":{"line":26,"column":31}},"16":{"start":{"line":29,"column":26},"end":{"line":41,"column":3}},"17":{"start":{"line":30,"column":4},"end":{"line":40,"column":5}},"18":{"start":{"line":31,"column":23},"end":{"line":31,"column":47}},"19":{"start":{"line":32,"column":19},"end":{"line":32,"column":40}},"20":{"start":{"line":33,"column":22},"end":{"line":33,"column":50}},"21":{"start":{"line":34,"column":6},"end":{"line":34,"column":25}},"22":{"start":{"line":36,"column":23},"end":{"line":36,"column":47}},"23":{"start":{"line":37,"column":19},"end":{"line":37,"column":40}},"24":{"start":{"line":38,"column":22},"end":{"line":38,"column":49}},"25":{"start":{"line":39,"column":6},"end":{"line":39,"column":24}},"26":{"start":{"line":43,"column":25},"end":{"line":62,"column":3}},"27":{"start":{"line":44,"column":4},"end":{"line":44,"column":33}},"28":{"start":{"line":45,"column":25},"end":{"line":45,"column":41}},"29":{"start":{"line":46,"column":24},"end":{"line":46,"column":97}},"30":{"start":{"line":47,"column":23},"end":{"line":47,"column":92}},"31":{"start":{"line":49,"column":4},"end":{"line":61,"column":5}},"32":{"start":{"line":50,"column":6},"end":{"line":50,"column":45}},"33":{"start":{"line":51,"column":6},"end":{"line":51,"column":36}},"34":{"start":{"line":52,"column":11},"end":{"line":61,"column":5}},"35":{"start":{"line":53,"column":6},"end":{"line":53,"column":43}},"36":{"start":{"line":54,"column":6},"end":{"line":54,"column":34}},"37":{"start":{"line":55,"column":11},"end":{"line":61,"column":5}},"38":{"start":{"line":56,"column":6},"end":{"line":56,"column":43}},"39":{"start":{"line":57,"column":6},"end":{"line":57,"column":33}},"40":{"start":{"line":59,"column":6},"end":{"line":59,"column":41}},"41":{"start":{"line":60,"column":6},"end":{"line":60,"column":31}},"42":{"start":{"line":64,"column":2},"end":{"line":92,"column":4}},"43":{"start":{"line":70,"column":31},"end":{"line":70,"column":47}},"44":{"start":{"line":71,"column":10},"end":{"line":73,"column":49}},"45":{"start":{"line":79,"column":32},"end":{"line":79,"column":38}},"46":{"start":{"line":80,"column":8},"end":{"line":89,"column":10}},"47":{"start":{"line":85,"column":28},"end":{"line":85,"column":55}},"48":{"start":{"line":95,"column":0},"end":{"line":98,"column":2}}},"fnMap":{"0":{"name":"Categories","decl":{"start":{"line":12,"column":9},"end":{"line":12,"column":19}},"loc":{"start":{"line":12,"column":39},"end":{"line":93,"column":1}},"line":12},"1":{"name":"(anonymous_1)","decl":{"start":{"line":19,"column":12},"end":{"line":19,"column":13}},"loc":{"start":{"line":19,"column":18},"end":{"line":27,"column":3}},"line":19},"2":{"name":"(anonymous_2)","decl":{"start":{"line":20,"column":30},"end":{"line":20,"column":31}},"loc":{"start":{"line":20,"column":42},"end":{"line":25,"column":5}},"line":20},"3":{"name":"(anonymous_3)","decl":{"start":{"line":29,"column":26},"end":{"line":29,"column":27}},"loc":{"start":{"line":29,"column":55},"end":{"line":41,"column":3}},"line":29},"4":{"name":"(anonymous_4)","decl":{"start":{"line":43,"column":25},"end":{"line":43,"column":26}},"loc":{"start":{"line":43,"column":42},"end":{"line":62,"column":3}},"line":43},"5":{"name":"(anonymous_5)","decl":{"start":{"line":69,"column":18},"end":{"line":69,"column":19}},"loc":{"start":{"line":69,"column":24},"end":{"line":74,"column":9}},"line":69},"6":{"name":"(anonymous_6)","decl":{"start":{"line":78,"column":19},"end":{"line":78,"column":20}},"loc":{"start":{"line":78,"column":31},"end":{"line":90,"column":7}},"line":78},"7":{"name":"(anonymous_7)","decl":{"start":{"line":85,"column":22},"end":{"line":85,"column":23}},"loc":{"start":{"line":85,"column":28},"end":{"line":85,"column":55}},"line":85}},"branchMap":{"0":{"loc":{"start":{"line":30,"column":4},"end":{"line":40,"column":5}},"type":"if","locations":[{"start":{"line":30,"column":4},"end":{"line":40,"column":5}},{"start":{"line":35,"column":11},"end":{"line":40,"column":5}}],"line":30},"1":{"loc":{"start":{"line":49,"column":4},"end":{"line":61,"column":5}},"type":"if","locations":[{"start":{"line":49,"column":4},"end":{"line":61,"column":5}},{"start":{"line":52,"column":11},"end":{"line":61,"column":5}}],"line":49},"2":{"loc":{"start":{"line":49,"column":8},"end":{"line":49,"column":62}},"type":"binary-expr","locations":[{"start":{"line":49,"column":8},"end":{"line":49,"column":30}},{"start":{"line":49,"column":34},"end":{"line":49,"column":62}}],"line":49},"3":{"loc":{"start":{"line":52,"column":11},"end":{"line":61,"column":5}},"type":"if","locations":[{"start":{"line":52,"column":11},"end":{"line":61,"column":5}},{"start":{"line":55,"column":11},"end":{"line":61,"column":5}}],"line":52},"4":{"loc":{"start":{"line":55,"column":11},"end":{"line":61,"column":5}},"type":"if","locations":[{"start":{"line":55,"column":11},"end":{"line":61,"column":5}},{"start":{"line":58,"column":11},"end":{"line":61,"column":5}}],"line":55},"5":{"loc":{"start":{"line":71,"column":17},"end":{"line":73,"column":48}},"type":"cond-expr","locations":[{"start":{"line":72,"column":14},"end":{"line":72,"column":50}},{"start":{"line":73,"column":14},"end":{"line":73,"column":48}}],"line":71}},"s":{"0":15,"1":15,"2":15,"3":15,"4":220,"5":220,"6":220,"7":220,"8":220,"9":220,"10":42,"11":42,"12":37,"13":37,"14":37,"15":42,"16":220,"17":21,"18":9,"19":9,"20":9,"21":9,"22":12,"23":12,"24":12,"25":12,"26":220,"27":19,"28":19,"29":19,"30":19,"31":19,"32":7,"33":7,"34":12,"35":1,"36":1,"37":11,"38":10,"39":10,"40":1,"41":1,"42":220,"43":2,"44":2,"45":890,"46":890,"47":19,"48":15},"f":{"0":220,"1":42,"2":42,"3":21,"4":19,"5":2,"6":890,"7":19},"b":{"0":[9,12],"1":[7,12],"2":[19,8],"3":[1,11],"4":[10,1],"5":[1,1]},"_coverageSchema":"1a1c01bbd47fc00a2c39e90264f33305004495a9","hash":"bda69e14910f707da8d172db3a2dad8429d600b4"}
,"/home/portuga/trybe-projetos/sd-021-b-project-recipes-app/src/components/Footer.js": {"path":"/home/portuga/trybe-projetos/sd-021-b-project-recipes-app/src/components/Footer.js","statementMap":{"0":{"start":{"line":7,"column":18},"end":{"line":7,"column":30}},"1":{"start":{"line":8,"column":2},"end":{"line":29,"column":4}},"2":{"start":{"line":18,"column":24},"end":{"line":18,"column":47}},"3":{"start":{"line":24,"column":24},"end":{"line":24,"column":46}}},"fnMap":{"0":{"name":"Footer","decl":{"start":{"line":6,"column":9},"end":{"line":6,"column":15}},"loc":{"start":{"line":6,"column":18},"end":{"line":30,"column":1}},"line":6},"1":{"name":"(anonymous_1)","decl":{"start":{"line":18,"column":18},"end":{"line":18,"column":19}},"loc":{"start":{"line":18,"column":24},"end":{"line":18,"column":47}},"line":18},"2":{"name":"(anonymous_2)","decl":{"start":{"line":24,"column":18},"end":{"line":24,"column":19}},"loc":{"start":{"line":24,"column":24},"end":{"line":24,"column":46}},"line":24}},"branchMap":{},"s":{"0":50,"1":50,"2":1,"3":1},"f":{"0":50,"1":1,"2":1},"b":{},"_coverageSchema":"1a1c01bbd47fc00a2c39e90264f33305004495a9","hash":"211c1a68f9033793bbbaad105d90f542d1a44e63"}
,"/home/portuga/trybe-projetos/sd-021-b-project-recipes-app/src/components/Header.js": {"path":"/home/portuga/trybe-projetos/sd-021-b-project-recipes-app/src/components/Header.js","statementMap":{"0":{"start":{"line":9,"column":18},"end":{"line":9,"column":30}},"1":{"start":{"line":10,"column":46},"end":{"line":10,"column":61}},"2":{"start":{"line":11,"column":2},"end":{"line":30,"column":4}},"3":{"start":{"line":14,"column":46},"end":{"line":14,"column":70}},"4":{"start":{"line":19,"column":48},"end":{"line":19,"column":82}},"5":{"start":{"line":33,"column":0},"end":{"line":36,"column":2}}},"fnMap":{"0":{"name":"Header","decl":{"start":{"line":8,"column":9},"end":{"line":8,"column":15}},"loc":{"start":{"line":8,"column":37},"end":{"line":31,"column":1}},"line":8},"1":{"name":"(anonymous_1)","decl":{"start":{"line":14,"column":40},"end":{"line":14,"column":41}},"loc":{"start":{"line":14,"column":46},"end":{"line":14,"column":70}},"line":14},"2":{"name":"(anonymous_2)","decl":{"start":{"line":19,"column":42},"end":{"line":19,"column":43}},"loc":{"start":{"line":19,"column":48},"end":{"line":19,"column":82}},"line":19}},"branchMap":{"0":{"loc":{"start":{"line":18,"column":9},"end":{"line":26,"column":9}},"type":"binary-expr","locations":[{"start":{"line":18,"column":9},"end":{"line":18,"column":17}},{"start":{"line":19,"column":10},"end":{"line":25,"column":19}}],"line":18},"1":{"loc":{"start":{"line":28,"column":7},"end":{"line":28,"column":38}},"type":"binary-expr","locations":[{"start":{"line":28,"column":7},"end":{"line":28,"column":21}},{"start":{"line":28,"column":25},"end":{"line":28,"column":38}}],"line":28}},"s":{"0":100,"1":100,"2":100,"3":1,"4":12,"5":15},"f":{"0":100,"1":1,"2":12},"b":{"0":[100,54],"1":[100,12]},"_coverageSchema":"1a1c01bbd47fc00a2c39e90264f33305004495a9","hash":"88035eb1bf07b2a3d7fe34a44b8dbd801be0831d"}
,"/home/portuga/trybe-projetos/sd-021-b-project-recipes-app/src/components/InteractionButtons.js": {"path":"/home/portuga/trybe-projetos/sd-021-b-project-recipes-app/src/components/InteractionButtons.js","statementMap":{"0":{"start":{"line":9,"column":27},"end":{"line":9,"column":31}},"1":{"start":{"line":12,"column":18},"end":{"line":12,"column":30}},"2":{"start":{"line":13,"column":23},"end":{"line":13,"column":39}},"3":{"start":{"line":14,"column":32},"end":{"line":14,"column":47}},"4":{"start":{"line":15,"column":30},"end":{"line":15,"column":45}},"5":{"start":{"line":17,"column":2},"end":{"line":26,"column":48}},"6":{"start":{"line":18,"column":22},"end":{"line":18,"column":73}},"7":{"start":{"line":19,"column":4},"end":{"line":25,"column":5}},"8":{"start":{"line":20,"column":25},"end":{"line":20,"column":85}},"9":{"start":{"line":20,"column":54},"end":{"line":20,"column":84}},"10":{"start":{"line":21,"column":6},"end":{"line":21,"column":38}},"11":{"start":{"line":21,"column":22},"end":{"line":21,"column":38}},"12":{"start":{"line":22,"column":11},"end":{"line":25,"column":5}},"13":{"start":{"line":23,"column":25},"end":{"line":23,"column":84}},"14":{"start":{"line":23,"column":54},"end":{"line":23,"column":83}},"15":{"start":{"line":24,"column":6},"end":{"line":24,"column":38}},"16":{"start":{"line":24,"column":22},"end":{"line":24,"column":38}},"17":{"start":{"line":28,"column":23},"end":{"line":45,"column":3}},"18":{"start":{"line":29,"column":22},"end":{"line":29,"column":73}},"19":{"start":{"line":30,"column":4},"end":{"line":44,"column":5}},"20":{"start":{"line":31,"column":25},"end":{"line":31,"column":79}},"21":{"start":{"line":31,"column":54},"end":{"line":31,"column":78}},"22":{"start":{"line":32,"column":6},"end":{"line":40,"column":7}},"23":{"start":{"line":33,"column":8},"end":{"line":33,"column":25}},"24":{"start":{"line":34,"column":29},"end":{"line":34,"column":85}},"25":{"start":{"line":34,"column":60},"end":{"line":34,"column":84}},"26":{"start":{"line":35,"column":8},"end":{"line":35,"column":78}},"27":{"start":{"line":37,"column":8},"end":{"line":37,"column":24}},"28":{"start":{"line":38,"column":29},"end":{"line":38,"column":49}},"29":{"start":{"line":39,"column":8},"end":{"line":39,"column":78}},"30":{"start":{"line":42,"column":6},"end":{"line":42,"column":22}},"31":{"start":{"line":43,"column":6},"end":{"line":43,"column":70}},"32":{"start":{"line":47,"column":21},"end":{"line":73,"column":3}},"33":{"start":{"line":48,"column":4},"end":{"line":72,"column":5}},"34":{"start":{"line":49,"column":78},"end":{"line":49,"column":84}},"35":{"start":{"line":50,"column":19},"end":{"line":58,"column":7}},"36":{"start":{"line":59,"column":6},"end":{"line":59,"column":34}},"37":{"start":{"line":61,"column":70},"end":{"line":61,"column":76}},"38":{"start":{"line":62,"column":19},"end":{"line":70,"column":7}},"39":{"start":{"line":71,"column":6},"end":{"line":71,"column":33}},"40":{"start":{"line":75,"column":19},"end":{"line":81,"column":3}},"41":{"start":{"line":76,"column":20},"end":{"line":76,"column":40}},"42":{"start":{"line":77,"column":23},"end":{"line":77,"column":58}},"43":{"start":{"line":78,"column":4},"end":{"line":78,"column":21}},"44":{"start":{"line":79,"column":4},"end":{"line":79,"column":21}},"45":{"start":{"line":80,"column":4},"end":{"line":80,"column":60}},"46":{"start":{"line":80,"column":21},"end":{"line":80,"column":38}},"47":{"start":{"line":83,"column":2},"end":{"line":101,"column":4}},"48":{"start":{"line":104,"column":0},"end":{"line":106,"column":2}}},"fnMap":{"0":{"name":"InteractionButtons","decl":{"start":{"line":11,"column":9},"end":{"line":11,"column":27}},"loc":{"start":{"line":11,"column":40},"end":{"line":102,"column":1}},"line":11},"1":{"name":"(anonymous_1)","decl":{"start":{"line":17,"column":12},"end":{"line":17,"column":13}},"loc":{"start":{"line":17,"column":18},"end":{"line":26,"column":3}},"line":17},"2":{"name":"(anonymous_2)","decl":{"start":{"line":20,"column":40},"end":{"line":20,"column":41}},"loc":{"start":{"line":20,"column":54},"end":{"line":20,"column":84}},"line":20},"3":{"name":"(anonymous_3)","decl":{"start":{"line":23,"column":40},"end":{"line":23,"column":41}},"loc":{"start":{"line":23,"column":54},"end":{"line":23,"column":83}},"line":23},"4":{"name":"(anonymous_4)","decl":{"start":{"line":28,"column":23},"end":{"line":28,"column":24}},"loc":{"start":{"line":28,"column":43},"end":{"line":45,"column":3}},"line":28},"5":{"name":"(anonymous_5)","decl":{"start":{"line":31,"column":40},"end":{"line":31,"column":41}},"loc":{"start":{"line":31,"column":54},"end":{"line":31,"column":78}},"line":31},"6":{"name":"(anonymous_6)","decl":{"start":{"line":34,"column":46},"end":{"line":34,"column":47}},"loc":{"start":{"line":34,"column":60},"end":{"line":34,"column":84}},"line":34},"7":{"name":"(anonymous_7)","decl":{"start":{"line":47,"column":21},"end":{"line":47,"column":22}},"loc":{"start":{"line":47,"column":27},"end":{"line":73,"column":3}},"line":47},"8":{"name":"(anonymous_8)","decl":{"start":{"line":75,"column":19},"end":{"line":75,"column":20}},"loc":{"start":{"line":75,"column":25},"end":{"line":81,"column":3}},"line":75},"9":{"name":"(anonymous_9)","decl":{"start":{"line":80,"column":15},"end":{"line":80,"column":16}},"loc":{"start":{"line":80,"column":21},"end":{"line":80,"column":38}},"line":80}},"branchMap":{"0":{"loc":{"start":{"line":19,"column":4},"end":{"line":25,"column":5}},"type":"if","locations":[{"start":{"line":19,"column":4},"end":{"line":25,"column":5}},{"start":{"line":22,"column":11},"end":{"line":25,"column":5}}],"line":19},"1":{"loc":{"start":{"line":19,"column":8},"end":{"line":19,"column":49}},"type":"binary-expr","locations":[{"start":{"line":19,"column":8},"end":{"line":19,"column":36}},{"start":{"line":19,"column":40},"end":{"line":19,"column":49}}],"line":19},"2":{"loc":{"start":{"line":21,"column":6},"end":{"line":21,"column":38}},"type":"if","locations":[{"start":{"line":21,"column":6},"end":{"line":21,"column":38}},{"start":{},"end":{}}],"line":21},"3":{"loc":{"start":{"line":22,"column":11},"end":{"line":25,"column":5}},"type":"if","locations":[{"start":{"line":22,"column":11},"end":{"line":25,"column":5}},{"start":{},"end":{}}],"line":22},"4":{"loc":{"start":{"line":24,"column":6},"end":{"line":24,"column":38}},"type":"if","locations":[{"start":{"line":24,"column":6},"end":{"line":24,"column":38}},{"start":{},"end":{}}],"line":24},"5":{"loc":{"start":{"line":30,"column":4},"end":{"line":44,"column":5}},"type":"if","locations":[{"start":{"line":30,"column":4},"end":{"line":44,"column":5}},{"start":{"line":41,"column":11},"end":{"line":44,"column":5}}],"line":30},"6":{"loc":{"start":{"line":32,"column":6},"end":{"line":40,"column":7}},"type":"if","locations":[{"start":{"line":32,"column":6},"end":{"line":40,"column":7}},{"start":{"line":36,"column":13},"end":{"line":40,"column":7}}],"line":32},"7":{"loc":{"start":{"line":48,"column":4},"end":{"line":72,"column":5}},"type":"if","locations":[{"start":{"line":48,"column":4},"end":{"line":72,"column":5}},{"start":{"line":60,"column":11},"end":{"line":72,"column":5}}],"line":48},"8":{"loc":{"start":{"line":92,"column":7},"end":{"line":92,"column":43}},"type":"binary-expr","locations":[{"start":{"line":92,"column":7},"end":{"line":92,"column":14}},{"start":{"line":92,"column":18},"end":{"line":92,"column":43}}],"line":92},"9":{"loc":{"start":{"line":95,"column":16},"end":{"line":95,"column":56}},"type":"cond-expr","locations":[{"start":{"line":95,"column":25},"end":{"line":95,"column":39}},{"start":{"line":95,"column":42},"end":{"line":95,"column":56}}],"line":95}},"s":{"0":15,"1":101,"2":101,"3":101,"4":101,"5":101,"6":57,"7":57,"8":5,"9":6,"10":5,"11":2,"12":52,"13":3,"14":4,"15":3,"16":1,"17":101,"18":6,"19":6,"20":4,"21":2,"22":4,"23":2,"24":2,"25":2,"26":2,"27":2,"28":2,"29":2,"30":2,"31":2,"32":101,"33":6,"34":3,"35":3,"36":3,"37":3,"38":3,"39":3,"40":101,"41":1,"42":1,"43":1,"44":1,"45":1,"46":0,"47":101,"48":15},"f":{"0":101,"1":57,"2":6,"3":4,"4":6,"5":2,"6":2,"7":6,"8":1,"9":0},"b":{"0":[5,52],"1":[57,30],"2":[2,3],"3":[3,49],"4":[1,2],"5":[4,2],"6":[2,2],"7":[3,3],"8":[101,4],"9":[8,93]},"_coverageSchema":"1a1c01bbd47fc00a2c39e90264f33305004495a9","hash":"eb1b2f105c41b3ae73d600fcbdae3d08a02a6bfe"}
,"/home/portuga/trybe-projetos/sd-021-b-project-recipes-app/src/components/ListIngredients.js": {"path":"/home/portuga/trybe-projetos/sd-021-b-project-recipes-app/src/components/ListIngredients.js","statementMap":{"0":{"start":{"line":7,"column":42},"end":{"line":7,"column":61}},"1":{"start":{"line":8,"column":18},"end":{"line":8,"column":30}},"2":{"start":{"line":9,"column":23},"end":{"line":9,"column":39}},"3":{"start":{"line":10,"column":40},"end":{"line":10,"column":52}},"4":{"start":{"line":11,"column":13},"end":{"line":11,"column":35}},"5":{"start":{"line":12,"column":15},"end":{"line":12,"column":66}},"6":{"start":{"line":13,"column":58},"end":{"line":13,"column":70}},"7":{"start":{"line":15,"column":2},"end":{"line":25,"column":15}},"8":{"start":{"line":16,"column":23},"end":{"line":16,"column":45}},"9":{"start":{"line":17,"column":31},"end":{"line":18,"column":56}},"10":{"start":{"line":18,"column":23},"end":{"line":18,"column":55}},"11":{"start":{"line":19,"column":28},"end":{"line":19,"column":70}},"12":{"start":{"line":19,"column":63},"end":{"line":19,"column":69}},"13":{"start":{"line":20,"column":27},"end":{"line":23,"column":10}},"14":{"start":{"line":21,"column":6},"end":{"line":21,"column":43}},"15":{"start":{"line":22,"column":6},"end":{"line":22,"column":17}},"16":{"start":{"line":24,"column":4},"end":{"line":24,"column":35}},"17":{"start":{"line":27,"column":23},"end":{"line":50,"column":3}},"18":{"start":{"line":28,"column":4},"end":{"line":28,"column":39}},"19":{"start":{"line":29,"column":30},"end":{"line":29,"column":83}},"20":{"start":{"line":30,"column":29},"end":{"line":30,"column":79}},"21":{"start":{"line":30,"column":69},"end":{"line":30,"column":78}},"22":{"start":{"line":31,"column":4},"end":{"line":49,"column":5}},"23":{"start":{"line":32,"column":35},"end":{"line":38,"column":7}},"24":{"start":{"line":36,"column":58},"end":{"line":36,"column":67}},"25":{"start":{"line":39,"column":6},"end":{"line":39,"column":86}},"26":{"start":{"line":41,"column":35},"end":{"line":47,"column":7}},"27":{"start":{"line":48,"column":6},"end":{"line":48,"column":86}},"28":{"start":{"line":52,"column":2},"end":{"line":67,"column":56}},"29":{"start":{"line":53,"column":30},"end":{"line":53,"column":83}},"30":{"start":{"line":54,"column":4},"end":{"line":66,"column":5}},"31":{"start":{"line":55,"column":6},"end":{"line":55,"column":59}},"32":{"start":{"line":56,"column":34},"end":{"line":64,"column":7}},"33":{"start":{"line":57,"column":8},"end":{"line":63,"column":11}},"34":{"start":{"line":58,"column":10},"end":{"line":62,"column":11}},"35":{"start":{"line":58,"column":38},"end":{"line":58,"column":78}},"36":{"start":{"line":59,"column":12},"end":{"line":59,"column":31}},"37":{"start":{"line":61,"column":12},"end":{"line":61,"column":30}},"38":{"start":{"line":65,"column":6},"end":{"line":65,"column":28}},"39":{"start":{"line":69,"column":2},"end":{"line":91,"column":3}},"40":{"start":{"line":70,"column":4},"end":{"line":90,"column":6}},"41":{"start":{"line":73,"column":10},"end":{"line":87,"column":18}},"42":{"start":{"line":83,"column":30},"end":{"line":83,"column":54}},"43":{"start":{"line":84,"column":64},"end":{"line":84,"column":80}},"44":{"start":{"line":93,"column":2},"end":{"line":112,"column":4}},"45":{"start":{"line":96,"column":8},"end":{"line":109,"column":16}},"46":{"start":{"line":106,"column":28},"end":{"line":106,"column":52}},"47":{"start":{"line":115,"column":0},"end":{"line":118,"column":2}}},"fnMap":{"0":{"name":"ListIngredients","decl":{"start":{"line":6,"column":9},"end":{"line":6,"column":24}},"loc":{"start":{"line":6,"column":50},"end":{"line":113,"column":1}},"line":6},"1":{"name":"(anonymous_1)","decl":{"start":{"line":15,"column":12},"end":{"line":15,"column":13}},"loc":{"start":{"line":15,"column":18},"end":{"line":25,"column":3}},"line":15},"2":{"name":"(anonymous_2)","decl":{"start":{"line":18,"column":14},"end":{"line":18,"column":15}},"loc":{"start":{"line":18,"column":23},"end":{"line":18,"column":55}},"line":18},"3":{"name":"(anonymous_3)","decl":{"start":{"line":19,"column":54},"end":{"line":19,"column":55}},"loc":{"start":{"line":19,"column":63},"end":{"line":19,"column":69}},"line":19},"4":{"name":"(anonymous_4)","decl":{"start":{"line":20,"column":50},"end":{"line":20,"column":51}},"loc":{"start":{"line":20,"column":71},"end":{"line":23,"column":5}},"line":20},"5":{"name":"(anonymous_5)","decl":{"start":{"line":27,"column":23},"end":{"line":27,"column":24}},"loc":{"start":{"line":27,"column":32},"end":{"line":50,"column":3}},"line":27},"6":{"name":"(anonymous_6)","decl":{"start":{"line":30,"column":62},"end":{"line":30,"column":63}},"loc":{"start":{"line":30,"column":69},"end":{"line":30,"column":78}},"line":30},"7":{"name":"(anonymous_7)","decl":{"start":{"line":36,"column":51},"end":{"line":36,"column":52}},"loc":{"start":{"line":36,"column":58},"end":{"line":36,"column":67}},"line":36},"8":{"name":"(anonymous_8)","decl":{"start":{"line":52,"column":12},"end":{"line":52,"column":13}},"loc":{"start":{"line":52,"column":18},"end":{"line":67,"column":3}},"line":52},"9":{"name":"(anonymous_9)","decl":{"start":{"line":56,"column":34},"end":{"line":56,"column":35}},"loc":{"start":{"line":56,"column":40},"end":{"line":64,"column":7}},"line":56},"10":{"name":"(anonymous_10)","decl":{"start":{"line":57,"column":28},"end":{"line":57,"column":29}},"loc":{"start":{"line":57,"column":45},"end":{"line":63,"column":9}},"line":57},"11":{"name":"(anonymous_11)","decl":{"start":{"line":58,"column":31},"end":{"line":58,"column":32}},"loc":{"start":{"line":58,"column":38},"end":{"line":58,"column":78}},"line":58},"12":{"name":"(anonymous_12)","decl":{"start":{"line":72,"column":25},"end":{"line":72,"column":26}},"loc":{"start":{"line":73,"column":10},"end":{"line":87,"column":18}},"line":73},"13":{"name":"(anonymous_13)","decl":{"start":{"line":83,"column":24},"end":{"line":83,"column":25}},"loc":{"start":{"line":83,"column":30},"end":{"line":83,"column":54}},"line":83},"14":{"name":"(anonymous_14)","decl":{"start":{"line":84,"column":57},"end":{"line":84,"column":58}},"loc":{"start":{"line":84,"column":64},"end":{"line":84,"column":80}},"line":84},"15":{"name":"(anonymous_15)","decl":{"start":{"line":95,"column":23},"end":{"line":95,"column":24}},"loc":{"start":{"line":96,"column":8},"end":{"line":109,"column":16}},"line":96},"16":{"name":"(anonymous_16)","decl":{"start":{"line":106,"column":22},"end":{"line":106,"column":23}},"loc":{"start":{"line":106,"column":28},"end":{"line":106,"column":52}},"line":106}},"branchMap":{"0":{"loc":{"start":{"line":12,"column":15},"end":{"line":12,"column":66}},"type":"cond-expr","locations":[{"start":{"line":12,"column":45},"end":{"line":12,"column":56}},{"start":{"line":12,"column":59},"end":{"line":12,"column":66}}],"line":12},"1":{"loc":{"start":{"line":31,"column":4},"end":{"line":49,"column":5}},"type":"if","locations":[{"start":{"line":31,"column":4},"end":{"line":49,"column":5}},{"start":{"line":40,"column":11},"end":{"line":49,"column":5}}],"line":31},"2":{"loc":{"start":{"line":54,"column":4},"end":{"line":66,"column":5}},"type":"if","locations":[{"start":{"line":54,"column":4},"end":{"line":66,"column":5}},{"start":{},"end":{}}],"line":54},"3":{"loc":{"start":{"line":54,"column":8},"end":{"line":54,"column":51}},"type":"binary-expr","locations":[{"start":{"line":54,"column":8},"end":{"line":54,"column":25}},{"start":{"line":54,"column":29},"end":{"line":54,"column":51}}],"line":54},"4":{"loc":{"start":{"line":58,"column":10},"end":{"line":62,"column":11}},"type":"if","locations":[{"start":{"line":58,"column":10},"end":{"line":62,"column":11}},{"start":{"line":60,"column":17},"end":{"line":62,"column":11}}],"line":58},"5":{"loc":{"start":{"line":69,"column":2},"end":{"line":91,"column":3}},"type":"if","locations":[{"start":{"line":69,"column":2},"end":{"line":91,"column":3}},{"start":{},"end":{}}],"line":69}},"s":{"0":151,"1":151,"2":151,"3":151,"4":151,"5":151,"6":151,"7":151,"8":14,"9":14,"10":361,"11":14,"12":120,"13":14,"14":54,"15":54,"16":14,"17":151,"18":40,"19":40,"20":40,"21":173,"22":40,"23":1,"24":3,"25":1,"26":39,"27":39,"28":151,"29":97,"30":97,"31":83,"32":83,"33":83,"34":858,"35":7250,"36":419,"37":439,"38":83,"39":151,"40":108,"41":1156,"42":33,"43":5008,"44":43,"45":158,"46":7,"47":15},"f":{"0":151,"1":14,"2":361,"3":120,"4":54,"5":40,"6":173,"7":3,"8":97,"9":83,"10":858,"11":7250,"12":1156,"13":33,"14":5008,"15":158,"16":7},"b":{"0":[52,99],"1":[1,39],"2":[83,14],"3":[97,91],"4":[419,439],"5":[108,43]},"_coverageSchema":"1a1c01bbd47fc00a2c39e90264f33305004495a9","hash":"0daa7cb33fbf981353d67d44d3757cc709ff2b6a"}
,"/home/portuga/trybe-projetos/sd-021-b-project-recipes-app/src/components/Recipes.js": {"path":"/home/portuga/trybe-projetos/sd-021-b-project-recipes-app/src/components/Recipes.js","statementMap":{"0":{"start":{"line":6,"column":42},"end":{"line":6,"column":61}},"1":{"start":{"line":8,"column":18},"end":{"line":8,"column":30}},"2":{"start":{"line":9,"column":2},"end":{"line":60,"column":3}},"3":{"start":{"line":10,"column":4},"end":{"line":30,"column":5}},"4":{"start":{"line":11,"column":6},"end":{"line":29,"column":8}},"5":{"start":{"line":15,"column":26},"end":{"line":15,"column":67}},"6":{"start":{"line":31,"column":4},"end":{"line":59,"column":6}},"7":{"start":{"line":34,"column":52},"end":{"line":34,"column":58}},"8":{"start":{"line":35,"column":10},"end":{"line":56,"column":12}},"9":{"start":{"line":41,"column":32},"end":{"line":41,"column":64}},"10":{"start":{"line":61,"column":2},"end":{"line":86,"column":4}},"11":{"start":{"line":64,"column":53},"end":{"line":64,"column":59}},"12":{"start":{"line":65,"column":8},"end":{"line":83,"column":10}},"13":{"start":{"line":69,"column":28},"end":{"line":69,"column":62}}},"fnMap":{"0":{"name":"Recipes","decl":{"start":{"line":5,"column":9},"end":{"line":5,"column":16}},"loc":{"start":{"line":5,"column":19},"end":{"line":87,"column":1}},"line":5},"1":{"name":"(anonymous_1)","decl":{"start":{"line":15,"column":20},"end":{"line":15,"column":21}},"loc":{"start":{"line":15,"column":26},"end":{"line":15,"column":67}},"line":15},"2":{"name":"(anonymous_2)","decl":{"start":{"line":33,"column":18},"end":{"line":33,"column":19}},"loc":{"start":{"line":33,"column":37},"end":{"line":57,"column":9}},"line":33},"3":{"name":"(anonymous_3)","decl":{"start":{"line":41,"column":26},"end":{"line":41,"column":27}},"loc":{"start":{"line":41,"column":32},"end":{"line":41,"column":64}},"line":41},"4":{"name":"(anonymous_4)","decl":{"start":{"line":63,"column":17},"end":{"line":63,"column":18}},"loc":{"start":{"line":63,"column":36},"end":{"line":84,"column":7}},"line":63},"5":{"name":"(anonymous_5)","decl":{"start":{"line":69,"column":22},"end":{"line":69,"column":23}},"loc":{"start":{"line":69,"column":28},"end":{"line":69,"column":62}},"line":69}},"branchMap":{"0":{"loc":{"start":{"line":9,"column":2},"end":{"line":60,"column":3}},"type":"if","locations":[{"start":{"line":9,"column":2},"end":{"line":60,"column":3}},{"start":{},"end":{}}],"line":9},"1":{"loc":{"start":{"line":10,"column":4},"end":{"line":30,"column":5}},"type":"if","locations":[{"start":{"line":10,"column":4},"end":{"line":30,"column":5}},{"start":{},"end":{}}],"line":10},"2":{"loc":{"start":{"line":10,"column":8},"end":{"line":10,"column":53}},"type":"binary-expr","locations":[{"start":{"line":10,"column":8},"end":{"line":10,"column":31}},{"start":{"line":10,"column":35},"end":{"line":10,"column":53}}],"line":10},"3":{"loc":{"start":{"line":32,"column":6},"end":{"line":58,"column":7}},"type":"binary-expr","locations":[{"start":{"line":32,"column":6},"end":{"line":32,"column":23}},{"start":{"line":33,"column":8},"end":{"line":57,"column":10}}],"line":32},"4":{"loc":{"start":{"line":37,"column":15},"end":{"line":38,"column":56}},"type":"binary-expr","locations":[{"start":{"line":37,"column":16},"end":{"line":37,"column":34}},{"start":{"line":37,"column":38},"end":{"line":37,"column":65}},{"start":{"line":38,"column":18},"end":{"line":38,"column":56}}],"line":37},"5":{"loc":{"start":{"line":62,"column":4},"end":{"line":85,"column":5}},"type":"binary-expr","locations":[{"start":{"line":62,"column":4},"end":{"line":62,"column":21}},{"start":{"line":63,"column":6},"end":{"line":84,"column":8}}],"line":62},"6":{"loc":{"start":{"line":65,"column":15},"end":{"line":83,"column":9}},"type":"cond-expr","locations":[{"start":{"line":65,"column":37},"end":{"line":65,"column":71}},{"start":{"line":66,"column":10},"end":{"line":82,"column":19}}],"line":65}},"s":{"0":180,"1":179,"2":179,"3":105,"4":2,"5":1,"6":103,"7":884,"8":884,"9":2,"10":74,"11":468,"12":468,"13":3},"f":{"0":180,"1":1,"2":884,"3":2,"4":468,"5":3},"b":{"0":[105,74],"1":[2,103],"2":[105,4],"3":[103,77],"4":[884,1,1],"5":[74,41],"6":[1,467]},"_coverageSchema":"1a1c01bbd47fc00a2c39e90264f33305004495a9","hash":"95fadf7853d8e540b65c7c2cd810d664f1ef700e"}
,"/home/portuga/trybe-projetos/sd-021-b-project-recipes-app/src/components/Recommendation.js": {"path":"/home/portuga/trybe-projetos/sd-021-b-project-recipes-app/src/components/Recommendation.js","statementMap":{"0":{"start":{"line":4,"column":12},"end":{"line":4,"column":13}},"1":{"start":{"line":7,"column":18},"end":{"line":7,"column":30}},"2":{"start":{"line":8,"column":32},"end":{"line":8,"column":44}},"3":{"start":{"line":9,"column":19},"end":{"line":9,"column":31}},"4":{"start":{"line":11,"column":26},"end":{"line":14,"column":3}},"5":{"start":{"line":12,"column":4},"end":{"line":12,"column":23}},"6":{"start":{"line":13,"column":4},"end":{"line":13,"column":64}},"7":{"start":{"line":16,"column":27},"end":{"line":19,"column":3}},"8":{"start":{"line":17,"column":4},"end":{"line":17,"column":23}},"9":{"start":{"line":18,"column":4},"end":{"line":18,"column":64}},"10":{"start":{"line":21,"column":2},"end":{"line":34,"column":16}},"11":{"start":{"line":22,"column":21},"end":{"line":32,"column":5}},"12":{"start":{"line":23,"column":6},"end":{"line":31,"column":7}},"13":{"start":{"line":24,"column":25},"end":{"line":24,"column":93}},"14":{"start":{"line":25,"column":21},"end":{"line":25,"column":42}},"15":{"start":{"line":26,"column":8},"end":{"line":26,"column":45}},"16":{"start":{"line":28,"column":25},"end":{"line":28,"column":97}},"17":{"start":{"line":29,"column":21},"end":{"line":29,"column":42}},"18":{"start":{"line":30,"column":8},"end":{"line":30,"column":46}},"19":{"start":{"line":33,"column":4},"end":{"line":33,"column":15}},"20":{"start":{"line":36,"column":2},"end":{"line":62,"column":3}},"21":{"start":{"line":37,"column":4},"end":{"line":61,"column":6}},"22":{"start":{"line":49,"column":14},"end":{"line":52,"column":20}},"23":{"start":{"line":64,"column":2},"end":{"line":89,"column":4}},"24":{"start":{"line":77,"column":12},"end":{"line":80,"column":18}}},"fnMap":{"0":{"name":"Recommendation","decl":{"start":{"line":6,"column":9},"end":{"line":6,"column":23}},"loc":{"start":{"line":6,"column":26},"end":{"line":90,"column":1}},"line":6},"1":{"name":"(anonymous_1)","decl":{"start":{"line":11,"column":26},"end":{"line":11,"column":27}},"loc":{"start":{"line":11,"column":33},"end":{"line":14,"column":3}},"line":11},"2":{"name":"(anonymous_2)","decl":{"start":{"line":16,"column":27},"end":{"line":16,"column":28}},"loc":{"start":{"line":16,"column":34},"end":{"line":19,"column":3}},"line":16},"3":{"name":"(anonymous_3)","decl":{"start":{"line":21,"column":12},"end":{"line":21,"column":13}},"loc":{"start":{"line":21,"column":18},"end":{"line":34,"column":3}},"line":21},"4":{"name":"(anonymous_4)","decl":{"start":{"line":22,"column":21},"end":{"line":22,"column":22}},"loc":{"start":{"line":22,"column":33},"end":{"line":32,"column":5}},"line":22},"5":{"name":"(anonymous_5)","decl":{"start":{"line":48,"column":24},"end":{"line":48,"column":25}},"loc":{"start":{"line":49,"column":14},"end":{"line":52,"column":20}},"line":49},"6":{"name":"(anonymous_6)","decl":{"start":{"line":76,"column":22},"end":{"line":76,"column":23}},"loc":{"start":{"line":77,"column":12},"end":{"line":80,"column":18}},"line":77}},"branchMap":{"0":{"loc":{"start":{"line":23,"column":6},"end":{"line":31,"column":7}},"type":"if","locations":[{"start":{"line":23,"column":6},"end":{"line":31,"column":7}},{"start":{"line":27,"column":13},"end":{"line":31,"column":7}}],"line":23},"1":{"loc":{"start":{"line":36,"column":2},"end":{"line":62,"column":3}},"type":"if","locations":[{"start":{"line":36,"column":2},"end":{"line":62,"column":3}},{"start":{},"end":{}}],"line":36},"2":{"loc":{"start":{"line":47,"column":11},"end":{"line":54,"column":11}},"type":"binary-expr","locations":[{"start":{"line":47,"column":11},"end":{"line":47,"column":29}},{"start":{"line":48,"column":12},"end":{"line":53,"column":14}}],"line":47},"3":{"loc":{"start":{"line":75,"column":9},"end":{"line":82,"column":9}},"type":"binary-expr","locations":[{"start":{"line":75,"column":9},"end":{"line":75,"column":27}},{"start":{"line":76,"column":10},"end":{"line":81,"column":12}}],"line":75}},"s":{"0":15,"1":94,"2":90,"3":90,"4":90,"5":1,"6":1,"7":90,"8":1,"9":1,"10":90,"11":25,"12":25,"13":13,"14":11,"15":11,"16":12,"17":10,"18":10,"19":25,"20":90,"21":46,"22":180,"23":44,"24":180},"f":{"0":94,"1":1,"2":1,"3":25,"4":25,"5":180,"6":180},"b":{"0":[13,12],"1":[46,44],"2":[46,30],"3":[44,30]},"_coverageSchema":"1a1c01bbd47fc00a2c39e90264f33305004495a9","hash":"5743483e99f40e5c1b686e54f09f3319ae70ef68"}
,"/home/portuga/trybe-projetos/sd-021-b-project-recipes-app/src/components/SearchBar.js": {"path":"/home/portuga/trybe-projetos/sd-021-b-project-recipes-app/src/components/SearchBar.js","statementMap":{"0":{"start":{"line":5,"column":25},"end":{"line":5,"column":44}},"1":{"start":{"line":6,"column":30},"end":{"line":6,"column":42}},"2":{"start":{"line":7,"column":38},"end":{"line":7,"column":52}},"3":{"start":{"line":8,"column":26},"end":{"line":8,"column":41}},"4":{"start":{"line":9,"column":40},"end":{"line":9,"column":55}},"5":{"start":{"line":11,"column":2},"end":{"line":88,"column":4}},"6":{"start":{"line":20,"column":37},"end":{"line":20,"column":60}},"7":{"start":{"line":32,"column":12},"end":{"line":32,"column":32}},"8":{"start":{"line":33,"column":12},"end":{"line":33,"column":27}},"9":{"start":{"line":34,"column":12},"end":{"line":34,"column":34}},"10":{"start":{"line":48,"column":12},"end":{"line":48,"column":26}},"11":{"start":{"line":49,"column":12},"end":{"line":49,"column":33}},"12":{"start":{"line":50,"column":12},"end":{"line":50,"column":34}},"13":{"start":{"line":64,"column":12},"end":{"line":64,"column":33}},"14":{"start":{"line":65,"column":12},"end":{"line":65,"column":27}},"15":{"start":{"line":66,"column":12},"end":{"line":66,"column":33}},"16":{"start":{"line":76,"column":10},"end":{"line":76,"column":71}},"17":{"start":{"line":76,"column":26},"end":{"line":76,"column":71}},"18":{"start":{"line":77,"column":10},"end":{"line":77,"column":59}},"19":{"start":{"line":77,"column":20},"end":{"line":77,"column":59}},"20":{"start":{"line":78,"column":10},"end":{"line":82,"column":11}},"21":{"start":{"line":79,"column":12},"end":{"line":79,"column":59}},"22":{"start":{"line":80,"column":17},"end":{"line":82,"column":11}},"23":{"start":{"line":81,"column":12},"end":{"line":81,"column":73}}},"fnMap":{"0":{"name":"SearchBar","decl":{"start":{"line":4,"column":9},"end":{"line":4,"column":18}},"loc":{"start":{"line":4,"column":21},"end":{"line":89,"column":1}},"line":4},"1":{"name":"(anonymous_1)","decl":{"start":{"line":20,"column":21},"end":{"line":20,"column":22}},"loc":{"start":{"line":20,"column":37},"end":{"line":20,"column":60}},"line":20},"2":{"name":"(anonymous_2)","decl":{"start":{"line":31,"column":20},"end":{"line":31,"column":21}},"loc":{"start":{"line":31,"column":26},"end":{"line":35,"column":11}},"line":31},"3":{"name":"(anonymous_3)","decl":{"start":{"line":47,"column":20},"end":{"line":47,"column":21}},"loc":{"start":{"line":47,"column":26},"end":{"line":51,"column":11}},"line":47},"4":{"name":"(anonymous_4)","decl":{"start":{"line":63,"column":20},"end":{"line":63,"column":21}},"loc":{"start":{"line":63,"column":26},"end":{"line":67,"column":11}},"line":63},"5":{"name":"(anonymous_5)","decl":{"start":{"line":75,"column":18},"end":{"line":75,"column":19}},"loc":{"start":{"line":75,"column":24},"end":{"line":83,"column":9}},"line":75}},"branchMap":{"0":{"loc":{"start":{"line":76,"column":10},"end":{"line":76,"column":71}},"type":"if","locations":[{"start":{"line":76,"column":10},"end":{"line":76,"column":71}},{"start":{},"end":{}}],"line":76},"1":{"loc":{"start":{"line":77,"column":10},"end":{"line":77,"column":59}},"type":"if","locations":[{"start":{"line":77,"column":10},"end":{"line":77,"column":59}},{"start":{},"end":{}}],"line":77},"2":{"loc":{"start":{"line":78,"column":10},"end":{"line":82,"column":11}},"type":"if","locations":[{"start":{"line":78,"column":10},"end":{"line":82,"column":11}},{"start":{"line":80,"column":17},"end":{"line":82,"column":11}}],"line":78},"3":{"loc":{"start":{"line":78,"column":14},"end":{"line":78,"column":48}},"type":"binary-expr","locations":[{"start":{"line":78,"column":14},"end":{"line":78,"column":25}},{"start":{"line":78,"column":29},"end":{"line":78,"column":48}}],"line":78},"4":{"loc":{"start":{"line":80,"column":17},"end":{"line":82,"column":11}},"type":"if","locations":[{"start":{"line":80,"column":17},"end":{"line":82,"column":11}},{"start":{},"end":{}}],"line":80},"5":{"loc":{"start":{"line":80,"column":21},"end":{"line":80,"column":53}},"type":"binary-expr","locations":[{"start":{"line":80,"column":21},"end":{"line":80,"column":32}},{"start":{"line":80,"column":36},"end":{"line":80,"column":53}}],"line":80}},"s":{"0":84,"1":84,"2":84,"3":84,"4":84,"5":84,"6":37,"7":3,"8":3,"9":3,"10":4,"11":4,"12":4,"13":4,"14":4,"15":4,"16":11,"17":3,"18":11,"19":4,"20":11,"21":3,"22":8,"23":1},"f":{"0":84,"1":37,"2":3,"3":4,"4":4,"5":11},"b":{"0":[3,8],"1":[4,7],"2":[3,8],"3":[11,4],"4":[1,7],"5":[8,1]},"_coverageSchema":"1a1c01bbd47fc00a2c39e90264f33305004495a9","hash":"e1f8cd92faa160a636f68e99126fd6ddeab46ad5"}
,"/home/portuga/trybe-projetos/sd-021-b-project-recipes-app/src/components/ShareButton.js": {"path":"/home/portuga/trybe-projetos/sd-021-b-project-recipes-app/src/components/ShareButton.js","statementMap":{"0":{"start":{"line":6,"column":27},"end":{"line":6,"column":31}},"1":{"start":{"line":9,"column":32},"end":{"line":9,"column":47}},"2":{"start":{"line":11,"column":19},"end":{"line":18,"column":3}},"3":{"start":{"line":12,"column":25},"end":{"line":12,"column":39}},"4":{"start":{"line":13,"column":20},"end":{"line":13,"column":40}},"5":{"start":{"line":14,"column":23},"end":{"line":14,"column":74}},"6":{"start":{"line":15,"column":4},"end":{"line":15,"column":21}},"7":{"start":{"line":16,"column":4},"end":{"line":16,"column":21}},"8":{"start":{"line":17,"column":4},"end":{"line":17,"column":60}},"9":{"start":{"line":17,"column":21},"end":{"line":17,"column":38}},"10":{"start":{"line":20,"column":2},"end":{"line":32,"column":4}},"11":{"start":{"line":25,"column":24},"end":{"line":25,"column":40}},"12":{"start":{"line":35,"column":0},"end":{"line":38,"column":2}}},"fnMap":{"0":{"name":"ShareButton","decl":{"start":{"line":8,"column":9},"end":{"line":8,"column":20}},"loc":{"start":{"line":8,"column":40},"end":{"line":33,"column":1}},"line":8},"1":{"name":"(anonymous_1)","decl":{"start":{"line":11,"column":19},"end":{"line":11,"column":20}},"loc":{"start":{"line":11,"column":39},"end":{"line":18,"column":3}},"line":11},"2":{"name":"(anonymous_2)","decl":{"start":{"line":17,"column":15},"end":{"line":17,"column":16}},"loc":{"start":{"line":17,"column":21},"end":{"line":17,"column":38}},"line":17},"3":{"name":"(anonymous_3)","decl":{"start":{"line":25,"column":18},"end":{"line":25,"column":19}},"loc":{"start":{"line":25,"column":24},"end":{"line":25,"column":40}},"line":25}},"branchMap":{"0":{"loc":{"start":{"line":30,"column":7},"end":{"line":30,"column":43}},"type":"binary-expr","locations":[{"start":{"line":30,"column":7},"end":{"line":30,"column":14}},{"start":{"line":30,"column":18},"end":{"line":30,"column":43}}],"line":30}},"s":{"0":15,"1":23,"2":23,"3":1,"4":1,"5":1,"6":1,"7":1,"8":1,"9":0,"10":23,"11":1,"12":15},"f":{"0":23,"1":1,"2":0,"3":1},"b":{"0":[23,1]},"_coverageSchema":"1a1c01bbd47fc00a2c39e90264f33305004495a9","hash":"24872f33cc3e79cf75490928932cb32d4dfe3f33"}
,"/home/portuga/trybe-projetos/sd-021-b-project-recipes-app/src/context/Provider.js": {"path":"/home/portuga/trybe-projetos/sd-021-b-project-recipes-app/src/context/Provider.js","statementMap":{"0":{"start":{"line":6,"column":15},"end":{"line":6,"column":17}},"1":{"start":{"line":8,"column":14},"end":{"line":8,"column":71}},"2":{"start":{"line":11,"column":30},"end":{"line":11,"column":68}},"3":{"start":{"line":12,"column":28},"end":{"line":12,"column":40}},"4":{"start":{"line":13,"column":30},"end":{"line":13,"column":42}},"5":{"start":{"line":14,"column":40},"end":{"line":14,"column":52}},"6":{"start":{"line":15,"column":32},"end":{"line":15,"column":68}},"7":{"start":{"line":16,"column":24},"end":{"line":16,"column":89}},"8":{"start":{"line":17,"column":34},"end":{"line":17,"column":103}},"9":{"start":{"line":18,"column":42},"end":{"line":18,"column":54}},"10":{"start":{"line":19,"column":18},"end":{"line":19,"column":30}},"11":{"start":{"line":20,"column":23},"end":{"line":20,"column":39}},"12":{"start":{"line":21,"column":13},"end":{"line":21,"column":35}},"13":{"start":{"line":22,"column":15},"end":{"line":22,"column":66}},"14":{"start":{"line":24,"column":2},"end":{"line":59,"column":59}},"15":{"start":{"line":25,"column":30},"end":{"line":25,"column":83}},"16":{"start":{"line":26,"column":4},"end":{"line":58,"column":5}},"17":{"start":{"line":27,"column":6},"end":{"line":57,"column":7}},"18":{"start":{"line":28,"column":37},"end":{"line":34,"column":9}},"19":{"start":{"line":35,"column":8},"end":{"line":35,"column":88}},"20":{"start":{"line":36,"column":8},"end":{"line":36,"column":38}},"21":{"start":{"line":37,"column":13},"end":{"line":57,"column":7}},"22":{"start":{"line":38,"column":37},"end":{"line":44,"column":9}},"23":{"start":{"line":45,"column":8},"end":{"line":45,"column":88}},"24":{"start":{"line":46,"column":8},"end":{"line":46,"column":38}},"25":{"start":{"line":48,"column":37},"end":{"line":54,"column":9}},"26":{"start":{"line":55,"column":8},"end":{"line":55,"column":88}},"27":{"start":{"line":56,"column":8},"end":{"line":56,"column":38}},"28":{"start":{"line":61,"column":2},"end":{"line":73,"column":12}},"29":{"start":{"line":62,"column":25},"end":{"line":71,"column":5}},"30":{"start":{"line":63,"column":23},"end":{"line":63,"column":39}},"31":{"start":{"line":64,"column":19},"end":{"line":64,"column":40}},"32":{"start":{"line":65,"column":6},"end":{"line":68,"column":7}},"33":{"start":{"line":66,"column":8},"end":{"line":66,"column":28}},"34":{"start":{"line":67,"column":8},"end":{"line":67,"column":20}},"35":{"start":{"line":69,"column":23},"end":{"line":69,"column":51}},"36":{"start":{"line":70,"column":6},"end":{"line":70,"column":25}},"37":{"start":{"line":72,"column":4},"end":{"line":72,"column":19}},"38":{"start":{"line":75,"column":2},"end":{"line":91,"column":17}},"39":{"start":{"line":76,"column":26},"end":{"line":89,"column":5}},"40":{"start":{"line":77,"column":6},"end":{"line":88,"column":7}},"41":{"start":{"line":78,"column":25},"end":{"line":78,"column":46}},"42":{"start":{"line":79,"column":21},"end":{"line":79,"column":42}},"43":{"start":{"line":80,"column":8},"end":{"line":83,"column":9}},"44":{"start":{"line":81,"column":10},"end":{"line":81,"column":30}},"45":{"start":{"line":82,"column":10},"end":{"line":82,"column":22}},"46":{"start":{"line":84,"column":26},"end":{"line":84,"column":54}},"47":{"start":{"line":85,"column":8},"end":{"line":85,"column":29}},"48":{"start":{"line":87,"column":8},"end":{"line":87,"column":28}},"49":{"start":{"line":90,"column":4},"end":{"line":90,"column":20}},"50":{"start":{"line":93,"column":2},"end":{"line":116,"column":26}},"51":{"start":{"line":94,"column":28},"end":{"line":114,"column":5}},"52":{"start":{"line":95,"column":6},"end":{"line":97,"column":7}},"53":{"start":{"line":96,"column":8},"end":{"line":96,"column":86}},"54":{"start":{"line":98,"column":6},"end":{"line":113,"column":7}},"55":{"start":{"line":100,"column":8},"end":{"line":102,"column":93}},"56":{"start":{"line":104,"column":8},"end":{"line":106,"column":93}},"57":{"start":{"line":108,"column":8},"end":{"line":110,"column":93}},"58":{"start":{"line":112,"column":8},"end":{"line":112,"column":20}},"59":{"start":{"line":115,"column":4},"end":{"line":115,"column":22}},"60":{"start":{"line":118,"column":2},"end":{"line":133,"column":4}},"61":{"start":{"line":136,"column":0},"end":{"line":138,"column":2}}},"fnMap":{"0":{"name":"Provider","decl":{"start":{"line":10,"column":9},"end":{"line":10,"column":17}},"loc":{"start":{"line":10,"column":32},"end":{"line":134,"column":1}},"line":10},"1":{"name":"(anonymous_1)","decl":{"start":{"line":24,"column":12},"end":{"line":24,"column":13}},"loc":{"start":{"line":24,"column":18},"end":{"line":59,"column":3}},"line":24},"2":{"name":"(anonymous_2)","decl":{"start":{"line":61,"column":12},"end":{"line":61,"column":13}},"loc":{"start":{"line":61,"column":18},"end":{"line":73,"column":3}},"line":61},"3":{"name":"(anonymous_3)","decl":{"start":{"line":62,"column":25},"end":{"line":62,"column":26}},"loc":{"start":{"line":62,"column":37},"end":{"line":71,"column":5}},"line":62},"4":{"name":"(anonymous_4)","decl":{"start":{"line":75,"column":12},"end":{"line":75,"column":13}},"loc":{"start":{"line":75,"column":18},"end":{"line":91,"column":3}},"line":75},"5":{"name":"(anonymous_5)","decl":{"start":{"line":76,"column":26},"end":{"line":76,"column":27}},"loc":{"start":{"line":76,"column":38},"end":{"line":89,"column":5}},"line":76},"6":{"name":"(anonymous_6)","decl":{"start":{"line":93,"column":12},"end":{"line":93,"column":13}},"loc":{"start":{"line":93,"column":18},"end":{"line":116,"column":3}},"line":93},"7":{"name":"(anonymous_7)","decl":{"start":{"line":94,"column":28},"end":{"line":94,"column":29}},"loc":{"start":{"line":94,"column":34},"end":{"line":114,"column":5}},"line":94}},"branchMap":{"0":{"loc":{"start":{"line":22,"column":15},"end":{"line":22,"column":66}},"type":"cond-expr","locations":[{"start":{"line":22,"column":45},"end":{"line":22,"column":56}},{"start":{"line":22,"column":59},"end":{"line":22,"column":66}}],"line":22},"1":{"loc":{"start":{"line":26,"column":4},"end":{"line":58,"column":5}},"type":"if","locations":[{"start":{"line":26,"column":4},"end":{"line":58,"column":5}},{"start":{},"end":{}}],"line":26},"2":{"loc":{"start":{"line":26,"column":8},"end":{"line":26,"column":46}},"type":"binary-expr","locations":[{"start":{"line":26,"column":8},"end":{"line":26,"column":10}},{"start":{"line":26,"column":14},"end":{"line":26,"column":46}}],"line":26},"3":{"loc":{"start":{"line":27,"column":6},"end":{"line":57,"column":7}},"type":"if","locations":[{"start":{"line":27,"column":6},"end":{"line":57,"column":7}},{"start":{"line":37,"column":13},"end":{"line":57,"column":7}}],"line":27},"4":{"loc":{"start":{"line":37,"column":13},"end":{"line":57,"column":7}},"type":"if","locations":[{"start":{"line":37,"column":13},"end":{"line":57,"column":7}},{"start":{"line":47,"column":13},"end":{"line":57,"column":7}}],"line":37},"5":{"loc":{"start":{"line":65,"column":6},"end":{"line":68,"column":7}},"type":"if","locations":[{"start":{"line":65,"column":6},"end":{"line":68,"column":7}},{"start":{},"end":{}}],"line":65},"6":{"loc":{"start":{"line":80,"column":8},"end":{"line":83,"column":9}},"type":"if","locations":[{"start":{"line":80,"column":8},"end":{"line":83,"column":9}},{"start":{},"end":{}}],"line":80},"7":{"loc":{"start":{"line":95,"column":6},"end":{"line":97,"column":7}},"type":"if","locations":[{"start":{"line":95,"column":6},"end":{"line":97,"column":7}},{"start":{},"end":{}}],"line":95},"8":{"loc":{"start":{"line":95,"column":10},"end":{"line":95,"column":63}},"type":"binary-expr","locations":[{"start":{"line":95,"column":10},"end":{"line":95,"column":31}},{"start":{"line":95,"column":35},"end":{"line":95,"column":63}}],"line":95},"9":{"loc":{"start":{"line":98,"column":6},"end":{"line":113,"column":7}},"type":"switch","locations":[{"start":{"line":99,"column":6},"end":{"line":102,"column":93}},{"start":{"line":103,"column":6},"end":{"line":106,"column":93}},{"start":{"line":107,"column":6},"end":{"line":110,"column":93}},{"start":{"line":111,"column":6},"end":{"line":112,"column":20}}],"line":98},"10":{"loc":{"start":{"line":100,"column":15},"end":{"line":102,"column":92}},"type":"cond-expr","locations":[{"start":{"line":101,"column":12},"end":{"line":101,"column":101}},{"start":{"line":102,"column":12},"end":{"line":102,"column":92}}],"line":100},"11":{"loc":{"start":{"line":104,"column":15},"end":{"line":106,"column":92}},"type":"cond-expr","locations":[{"start":{"line":105,"column":12},"end":{"line":105,"column":101}},{"start":{"line":106,"column":12},"end":{"line":106,"column":92}}],"line":104},"12":{"loc":{"start":{"line":108,"column":15},"end":{"line":110,"column":92}},"type":"cond-expr","locations":[{"start":{"line":109,"column":12},"end":{"line":109,"column":101}},{"start":{"line":110,"column":12},"end":{"line":110,"column":92}}],"line":108}},"s":{"0":15,"1":15,"2":377,"3":377,"4":377,"5":377,"6":377,"7":377,"8":377,"9":377,"10":377,"11":377,"12":377,"13":377,"14":377,"15":155,"16":155,"17":90,"18":6,"19":6,"20":6,"21":84,"22":83,"23":83,"24":83,"25":1,"26":1,"27":1,"28":377,"29":76,"30":76,"31":61,"32":61,"33":1,"34":1,"35":60,"36":60,"37":76,"38":377,"39":74,"40":74,"41":74,"42":59,"43":59,"44":1,"45":1,"46":57,"47":57,"48":1,"49":74,"50":377,"51":82,"52":82,"53":1,"54":81,"55":2,"56":4,"57":3,"58":72,"59":82,"60":377,"61":15},"f":{"0":377,"1":155,"2":76,"3":76,"4":74,"5":74,"6":82,"7":82},"b":{"0":[144,233],"1":[90,65],"2":[155,103],"3":[6,84],"4":[83,1],"5":[1,60],"6":[1,57],"7":[1,81],"8":[82,29],"9":[2,4,3,72],"10":[1,1],"11":[2,2],"12":[1,2]},"_coverageSchema":"1a1c01bbd47fc00a2c39e90264f33305004495a9","hash":"ef77568a20783a4b1e1cba835889d9783f5ca3bd"}
,"/home/portuga/trybe-projetos/sd-021-b-project-recipes-app/src/context/context.js": {"path":"/home/portuga/trybe-projetos/sd-021-b-project-recipes-app/src/context/context.js","statementMap":{"0":{"start":{"line":3,"column":16},"end":{"line":3,"column":31}}},"fnMap":{},"branchMap":{},"s":{"0":15},"f":{},"b":{},"_coverageSchema":"1a1c01bbd47fc00a2c39e90264f33305004495a9","hash":"287574494b8b07054763f7972affe63d55a49e30"}
,"/home/portuga/trybe-projetos/sd-021-b-project-recipes-app/src/pages/DoneRecipes.js": {"path":"/home/portuga/trybe-projetos/sd-021-b-project-recipes-app/src/pages/DoneRecipes.js","statementMap":{"0":{"start":{"line":7,"column":46},"end":{"line":7,"column":58}},"1":{"start":{"line":8,"column":54},"end":{"line":8,"column":66}},"2":{"start":{"line":9,"column":18},"end":{"line":9,"column":30}},"3":{"start":{"line":11,"column":2},"end":{"line":14,"column":26}},"4":{"start":{"line":12,"column":4},"end":{"line":12,"column":71}},"5":{"start":{"line":13,"column":4},"end":{"line":13,"column":75}},"6":{"start":{"line":16,"column":17},"end":{"line":26,"column":3}},"7":{"start":{"line":17,"column":4},"end":{"line":25,"column":5}},"8":{"start":{"line":18,"column":22},"end":{"line":18,"column":84}},"9":{"start":{"line":18,"column":60},"end":{"line":18,"column":83}},"10":{"start":{"line":19,"column":6},"end":{"line":19,"column":33}},"11":{"start":{"line":20,"column":11},"end":{"line":25,"column":5}},"12":{"start":{"line":21,"column":22},"end":{"line":21,"column":83}},"13":{"start":{"line":21,"column":60},"end":{"line":21,"column":82}},"14":{"start":{"line":22,"column":6},"end":{"line":22,"column":33}},"15":{"start":{"line":24,"column":6},"end":{"line":24,"column":44}},"16":{"start":{"line":28,"column":2},"end":{"line":98,"column":4}},"17":{"start":{"line":36,"column":28},"end":{"line":36,"column":41}},"18":{"start":{"line":43,"column":28},"end":{"line":43,"column":43}},"19":{"start":{"line":50,"column":28},"end":{"line":50,"column":44}},"20":{"start":{"line":59,"column":50},"end":{"line":59,"column":56}},"21":{"start":{"line":60,"column":10},"end":{"line":94,"column":12}},"22":{"start":{"line":64,"column":18},"end":{"line":68,"column":19}},"23":{"start":{"line":65,"column":20},"end":{"line":65,"column":50}},"24":{"start":{"line":67,"column":20},"end":{"line":67,"column":49}},"25":{"start":{"line":85,"column":16},"end":{"line":90,"column":20}}},"fnMap":{"0":{"name":"DoneRecipes","decl":{"start":{"line":6,"column":9},"end":{"line":6,"column":20}},"loc":{"start":{"line":6,"column":23},"end":{"line":99,"column":1}},"line":6},"1":{"name":"(anonymous_1)","decl":{"start":{"line":11,"column":12},"end":{"line":11,"column":13}},"loc":{"start":{"line":11,"column":18},"end":{"line":14,"column":3}},"line":11},"2":{"name":"(anonymous_2)","decl":{"start":{"line":16,"column":17},"end":{"line":16,"column":18}},"loc":{"start":{"line":16,"column":26},"end":{"line":26,"column":3}},"line":16},"3":{"name":"(anonymous_3)","decl":{"start":{"line":18,"column":48},"end":{"line":18,"column":49}},"loc":{"start":{"line":18,"column":60},"end":{"line":18,"column":83}},"line":18},"4":{"name":"(anonymous_4)","decl":{"start":{"line":21,"column":48},"end":{"line":21,"column":49}},"loc":{"start":{"line":21,"column":60},"end":{"line":21,"column":82}},"line":21},"5":{"name":"(anonymous_5)","decl":{"start":{"line":36,"column":22},"end":{"line":36,"column":23}},"loc":{"start":{"line":36,"column":28},"end":{"line":36,"column":41}},"line":36},"6":{"name":"(anonymous_6)","decl":{"start":{"line":43,"column":22},"end":{"line":43,"column":23}},"loc":{"start":{"line":43,"column":28},"end":{"line":43,"column":43}},"line":43},"7":{"name":"(anonymous_7)","decl":{"start":{"line":50,"column":22},"end":{"line":50,"column":23}},"loc":{"start":{"line":50,"column":28},"end":{"line":50,"column":44}},"line":50},"8":{"name":"(anonymous_8)","decl":{"start":{"line":57,"column":27},"end":{"line":57,"column":28}},"loc":{"start":{"line":57,"column":46},"end":{"line":95,"column":9}},"line":57},"9":{"name":"(anonymous_9)","decl":{"start":{"line":63,"column":26},"end":{"line":63,"column":27}},"loc":{"start":{"line":63,"column":32},"end":{"line":69,"column":17}},"line":63},"10":{"name":"(anonymous_10)","decl":{"start":{"line":84,"column":24},"end":{"line":84,"column":25}},"loc":{"start":{"line":85,"column":16},"end":{"line":90,"column":20}},"line":85}},"branchMap":{"0":{"loc":{"start":{"line":17,"column":4},"end":{"line":25,"column":5}},"type":"if","locations":[{"start":{"line":17,"column":4},"end":{"line":25,"column":5}},{"start":{"line":20,"column":11},"end":{"line":25,"column":5}}],"line":17},"1":{"loc":{"start":{"line":20,"column":11},"end":{"line":25,"column":5}},"type":"if","locations":[{"start":{"line":20,"column":11},"end":{"line":25,"column":5}},{"start":{"line":23,"column":11},"end":{"line":25,"column":5}}],"line":20},"2":{"loc":{"start":{"line":31,"column":7},"end":{"line":55,"column":7}},"type":"binary-expr","locations":[{"start":{"line":31,"column":7},"end":{"line":31,"column":33}},{"start":{"line":32,"column":8},"end":{"line":54,"column":14}}],"line":31},"3":{"loc":{"start":{"line":56,"column":7},"end":{"line":96,"column":7}},"type":"binary-expr","locations":[{"start":{"line":56,"column":7},"end":{"line":56,"column":33}},{"start":{"line":57,"column":8},"end":{"line":95,"column":10}}],"line":56},"4":{"loc":{"start":{"line":64,"column":18},"end":{"line":68,"column":19}},"type":"if","locations":[{"start":{"line":64,"column":18},"end":{"line":68,"column":19}},{"start":{"line":66,"column":25},"end":{"line":68,"column":19}}],"line":64},"5":{"loc":{"start":{"line":81,"column":17},"end":{"line":81,"column":83}},"type":"cond-expr","locations":[{"start":{"line":81,"column":36},"end":{"line":81,"column":50}},{"start":{"line":81,"column":53},"end":{"line":81,"column":83}}],"line":81}},"s":{"0":21,"1":21,"2":21,"3":21,"4":9,"5":9,"6":21,"7":3,"8":1,"9":3,"10":1,"11":2,"12":1,"13":3,"14":1,"15":1,"16":21,"17":1,"18":1,"19":1,"20":22,"21":22,"22":2,"23":1,"24":1,"25":7},"f":{"0":21,"1":9,"2":3,"3":3,"4":3,"5":1,"6":1,"7":1,"8":22,"9":2,"10":7},"b":{"0":[1,2],"1":[1,1],"2":[21,11],"3":[21,11],"4":[1,1],"5":[15,7]},"_coverageSchema":"1a1c01bbd47fc00a2c39e90264f33305004495a9","hash":"d70e847021ec66faadeec673799f6fccc7dbda0b"}
,"/home/portuga/trybe-projetos/sd-021-b-project-recipes-app/src/pages/Drinks.js": {"path":"/home/portuga/trybe-projetos/sd-021-b-project-recipes-app/src/pages/Drinks.js","statementMap":{"0":{"start":{"line":8,"column":2},"end":{"line":15,"column":4}}},"fnMap":{"0":{"name":"Drinks","decl":{"start":{"line":7,"column":9},"end":{"line":7,"column":15}},"loc":{"start":{"line":7,"column":18},"end":{"line":16,"column":1}},"line":7}},"branchMap":{},"s":{"0":18},"f":{"0":18},"b":{},"_coverageSchema":"1a1c01bbd47fc00a2c39e90264f33305004495a9","hash":"5e67b18353f02269d9c434361051059357694905"}
,"/home/portuga/trybe-projetos/sd-021-b-project-recipes-app/src/pages/FavoriteRecipes.js": {"path":"/home/portuga/trybe-projetos/sd-021-b-project-recipes-app/src/pages/FavoriteRecipes.js","statementMap":{"0":{"start":{"line":7,"column":40},"end":{"line":7,"column":52}},"1":{"start":{"line":8,"column":46},"end":{"line":8,"column":58}},"2":{"start":{"line":9,"column":32},"end":{"line":9,"column":47}},"3":{"start":{"line":10,"column":18},"end":{"line":10,"column":30}},"4":{"start":{"line":12,"column":2},"end":{"line":15,"column":32}},"5":{"start":{"line":13,"column":4},"end":{"line":13,"column":72}},"6":{"start":{"line":14,"column":4},"end":{"line":14,"column":75}},"7":{"start":{"line":17,"column":17},"end":{"line":27,"column":3}},"8":{"start":{"line":18,"column":4},"end":{"line":26,"column":5}},"9":{"start":{"line":19,"column":22},"end":{"line":19,"column":80}},"10":{"start":{"line":19,"column":56},"end":{"line":19,"column":79}},"11":{"start":{"line":20,"column":6},"end":{"line":20,"column":30}},"12":{"start":{"line":21,"column":11},"end":{"line":26,"column":5}},"13":{"start":{"line":22,"column":22},"end":{"line":22,"column":79}},"14":{"start":{"line":22,"column":56},"end":{"line":22,"column":78}},"15":{"start":{"line":23,"column":6},"end":{"line":23,"column":30}},"16":{"start":{"line":25,"column":6},"end":{"line":25,"column":37}},"17":{"start":{"line":29,"column":2},"end":{"line":93,"column":4}},"18":{"start":{"line":37,"column":28},"end":{"line":37,"column":41}},"19":{"start":{"line":44,"column":28},"end":{"line":44,"column":43}},"20":{"start":{"line":51,"column":28},"end":{"line":51,"column":44}},"21":{"start":{"line":59,"column":83},"end":{"line":59,"column":89}},"22":{"start":{"line":60,"column":10},"end":{"line":89,"column":12}},"23":{"start":{"line":64,"column":18},"end":{"line":68,"column":19}},"24":{"start":{"line":65,"column":20},"end":{"line":65,"column":50}},"25":{"start":{"line":67,"column":20},"end":{"line":67,"column":49}}},"fnMap":{"0":{"name":"FavoriteRecipes","decl":{"start":{"line":6,"column":9},"end":{"line":6,"column":24}},"loc":{"start":{"line":6,"column":27},"end":{"line":94,"column":1}},"line":6},"1":{"name":"(anonymous_1)","decl":{"start":{"line":12,"column":12},"end":{"line":12,"column":13}},"loc":{"start":{"line":12,"column":18},"end":{"line":15,"column":3}},"line":12},"2":{"name":"(anonymous_2)","decl":{"start":{"line":17,"column":17},"end":{"line":17,"column":18}},"loc":{"start":{"line":17,"column":26},"end":{"line":27,"column":3}},"line":17},"3":{"name":"(anonymous_3)","decl":{"start":{"line":19,"column":44},"end":{"line":19,"column":45}},"loc":{"start":{"line":19,"column":56},"end":{"line":19,"column":79}},"line":19},"4":{"name":"(anonymous_4)","decl":{"start":{"line":22,"column":44},"end":{"line":22,"column":45}},"loc":{"start":{"line":22,"column":56},"end":{"line":22,"column":78}},"line":22},"5":{"name":"(anonymous_5)","decl":{"start":{"line":37,"column":22},"end":{"line":37,"column":23}},"loc":{"start":{"line":37,"column":28},"end":{"line":37,"column":41}},"line":37},"6":{"name":"(anonymous_6)","decl":{"start":{"line":44,"column":22},"end":{"line":44,"column":23}},"loc":{"start":{"line":44,"column":28},"end":{"line":44,"column":43}},"line":44},"7":{"name":"(anonymous_7)","decl":{"start":{"line":51,"column":22},"end":{"line":51,"column":23}},"loc":{"start":{"line":51,"column":28},"end":{"line":51,"column":44}},"line":51},"8":{"name":"(anonymous_8)","decl":{"start":{"line":58,"column":24},"end":{"line":58,"column":25}},"loc":{"start":{"line":58,"column":43},"end":{"line":90,"column":9}},"line":58},"9":{"name":"(anonymous_9)","decl":{"start":{"line":63,"column":26},"end":{"line":63,"column":27}},"loc":{"start":{"line":63,"column":32},"end":{"line":69,"column":17}},"line":63}},"branchMap":{"0":{"loc":{"start":{"line":18,"column":4},"end":{"line":26,"column":5}},"type":"if","locations":[{"start":{"line":18,"column":4},"end":{"line":26,"column":5}},{"start":{"line":21,"column":11},"end":{"line":26,"column":5}}],"line":18},"1":{"loc":{"start":{"line":21,"column":11},"end":{"line":26,"column":5}},"type":"if","locations":[{"start":{"line":21,"column":11},"end":{"line":26,"column":5}},{"start":{"line":24,"column":11},"end":{"line":26,"column":5}}],"line":21},"2":{"loc":{"start":{"line":32,"column":7},"end":{"line":56,"column":7}},"type":"binary-expr","locations":[{"start":{"line":32,"column":7},"end":{"line":32,"column":30}},{"start":{"line":33,"column":8},"end":{"line":55,"column":14}}],"line":32},"3":{"loc":{"start":{"line":57,"column":7},"end":{"line":91,"column":7}},"type":"binary-expr","locations":[{"start":{"line":57,"column":7},"end":{"line":57,"column":30}},{"start":{"line":58,"column":8},"end":{"line":90,"column":10}}],"line":57},"4":{"loc":{"start":{"line":64,"column":18},"end":{"line":68,"column":19}},"type":"if","locations":[{"start":{"line":64,"column":18},"end":{"line":68,"column":19}},{"start":{"line":66,"column":25},"end":{"line":68,"column":19}}],"line":64},"5":{"loc":{"start":{"line":81,"column":17},"end":{"line":81,"column":83}},"type":"cond-expr","locations":[{"start":{"line":81,"column":36},"end":{"line":81,"column":50}},{"start":{"line":81,"column":53},"end":{"line":81,"column":83}}],"line":81}},"s":{"0":17,"1":17,"2":17,"3":17,"4":17,"5":7,"6":7,"7":17,"8":3,"9":1,"10":2,"11":1,"12":2,"13":1,"14":2,"15":1,"16":1,"17":17,"18":1,"19":1,"20":1,"21":17,"22":17,"23":2,"24":1,"25":1},"f":{"0":17,"1":7,"2":3,"3":2,"4":2,"5":1,"6":1,"7":1,"8":17,"9":2},"b":{"0":[1,2],"1":[1,1],"2":[17,10],"3":[17,10],"4":[1,1],"5":[8,9]},"_coverageSchema":"1a1c01bbd47fc00a2c39e90264f33305004495a9","hash":"2a112f6a5cdaab81d5437c5dbb768cc576198c4a"}
,"/home/portuga/trybe-projetos/sd-021-b-project-recipes-app/src/pages/Foods.js": {"path":"/home/portuga/trybe-projetos/sd-021-b-project-recipes-app/src/pages/Foods.js","statementMap":{"0":{"start":{"line":8,"column":2},"end":{"line":15,"column":4}}},"fnMap":{"0":{"name":"Foods","decl":{"start":{"line":7,"column":9},"end":{"line":7,"column":14}},"loc":{"start":{"line":7,"column":17},"end":{"line":16,"column":1}},"line":7}},"branchMap":{},"s":{"0":26},"f":{"0":26},"b":{},"_coverageSchema":"1a1c01bbd47fc00a2c39e90264f33305004495a9","hash":"1e2048dfb4b7c7115b76d11e8551a8c6a37b7b55"}
,"/home/portuga/trybe-projetos/sd-021-b-project-recipes-app/src/pages/Login.js": {"path":"/home/portuga/trybe-projetos/sd-021-b-project-recipes-app/src/pages/Login.js","statementMap":{"0":{"start":{"line":4,"column":12},"end":{"line":4,"column":13}},"1":{"start":{"line":7,"column":28},"end":{"line":7,"column":40}},"2":{"start":{"line":8,"column":34},"end":{"line":8,"column":46}},"3":{"start":{"line":9,"column":36},"end":{"line":9,"column":50}},"4":{"start":{"line":11,"column":2},"end":{"line":21,"column":24}},"5":{"start":{"line":12,"column":27},"end":{"line":19,"column":5}},"6":{"start":{"line":13,"column":25},"end":{"line":13,"column":39}},"7":{"start":{"line":14,"column":6},"end":{"line":18,"column":7}},"8":{"start":{"line":15,"column":8},"end":{"line":15,"column":28}},"9":{"start":{"line":17,"column":8},"end":{"line":17,"column":27}},"10":{"start":{"line":20,"column":4},"end":{"line":20,"column":21}},"11":{"start":{"line":23,"column":19},"end":{"line":31,"column":3}},"12":{"start":{"line":24,"column":18},"end":{"line":26,"column":5}},"13":{"start":{"line":27,"column":4},"end":{"line":27,"column":56}},"14":{"start":{"line":28,"column":4},"end":{"line":28,"column":46}},"15":{"start":{"line":29,"column":4},"end":{"line":29,"column":42}},"16":{"start":{"line":30,"column":4},"end":{"line":30,"column":27}},"17":{"start":{"line":33,"column":2},"end":{"line":67,"column":4}},"18":{"start":{"line":43,"column":28},"end":{"line":43,"column":52}},"19":{"start":{"line":55,"column":28},"end":{"line":55,"column":55}},"20":{"start":{"line":62,"column":24},"end":{"line":62,"column":34}},"21":{"start":{"line":70,"column":0},"end":{"line":72,"column":2}}},"fnMap":{"0":{"name":"Login","decl":{"start":{"line":6,"column":9},"end":{"line":6,"column":14}},"loc":{"start":{"line":6,"column":28},"end":{"line":68,"column":1}},"line":6},"1":{"name":"(anonymous_1)","decl":{"start":{"line":11,"column":12},"end":{"line":11,"column":13}},"loc":{"start":{"line":11,"column":18},"end":{"line":21,"column":3}},"line":11},"2":{"name":"(anonymous_2)","decl":{"start":{"line":12,"column":27},"end":{"line":12,"column":28}},"loc":{"start":{"line":12,"column":33},"end":{"line":19,"column":5}},"line":12},"3":{"name":"(anonymous_3)","decl":{"start":{"line":23,"column":19},"end":{"line":23,"column":20}},"loc":{"start":{"line":23,"column":25},"end":{"line":31,"column":3}},"line":23},"4":{"name":"(anonymous_4)","decl":{"start":{"line":43,"column":21},"end":{"line":43,"column":22}},"loc":{"start":{"line":43,"column":28},"end":{"line":43,"column":52}},"line":43},"5":{"name":"(anonymous_5)","decl":{"start":{"line":55,"column":21},"end":{"line":55,"column":22}},"loc":{"start":{"line":55,"column":28},"end":{"line":55,"column":55}},"line":55},"6":{"name":"(anonymous_6)","decl":{"start":{"line":62,"column":18},"end":{"line":62,"column":19}},"loc":{"start":{"line":62,"column":24},"end":{"line":62,"column":34}},"line":62}},"branchMap":{"0":{"loc":{"start":{"line":14,"column":6},"end":{"line":18,"column":7}},"type":"if","locations":[{"start":{"line":14,"column":6},"end":{"line":18,"column":7}},{"start":{"line":16,"column":13},"end":{"line":18,"column":7}}],"line":14},"1":{"loc":{"start":{"line":14,"column":10},"end":{"line":14,"column":57}},"type":"binary-expr","locations":[{"start":{"line":14,"column":10},"end":{"line":14,"column":32}},{"start":{"line":14,"column":36},"end":{"line":14,"column":57}}],"line":14}},"s":{"0":15,"1":64,"2":64,"3":64,"4":64,"5":33,"6":33,"7":33,"8":1,"9":32,"10":33,"11":64,"12":1,"13":1,"14":1,"15":1,"16":1,"17":64,"18":24,"19":7,"20":1,"21":15},"f":{"0":64,"1":33,"2":33,"3":1,"4":24,"5":7,"6":1},"b":{"0":[1,32],"1":[33,10]},"_coverageSchema":"1a1c01bbd47fc00a2c39e90264f33305004495a9","hash":"89281bca462bba52f5b584256176c252207743cf"}
,"/home/portuga/trybe-projetos/sd-021-b-project-recipes-app/src/pages/Profile.js": {"path":"/home/portuga/trybe-projetos/sd-021-b-project-recipes-app/src/pages/Profile.js","statementMap":{"0":{"start":{"line":7,"column":28},"end":{"line":7,"column":40}},"1":{"start":{"line":8,"column":18},"end":{"line":8,"column":30}},"2":{"start":{"line":10,"column":2},"end":{"line":12,"column":9}},"3":{"start":{"line":11,"column":4},"end":{"line":11,"column":55}},"4":{"start":{"line":14,"column":2},"end":{"line":46,"column":4}},"5":{"start":{"line":22,"column":26},"end":{"line":22,"column":55}},"6":{"start":{"line":29,"column":26},"end":{"line":29,"column":59}},"7":{"start":{"line":37,"column":12},"end":{"line":37,"column":40}},"8":{"start":{"line":38,"column":12},"end":{"line":38,"column":30}}},"fnMap":{"0":{"name":"Profile","decl":{"start":{"line":6,"column":9},"end":{"line":6,"column":16}},"loc":{"start":{"line":6,"column":19},"end":{"line":47,"column":1}},"line":6},"1":{"name":"(anonymous_1)","decl":{"start":{"line":10,"column":12},"end":{"line":10,"column":13}},"loc":{"start":{"line":10,"column":18},"end":{"line":12,"column":3}},"line":10},"2":{"name":"(anonymous_2)","decl":{"start":{"line":22,"column":20},"end":{"line":22,"column":21}},"loc":{"start":{"line":22,"column":26},"end":{"line":22,"column":55}},"line":22},"3":{"name":"(anonymous_3)","decl":{"start":{"line":29,"column":20},"end":{"line":29,"column":21}},"loc":{"start":{"line":29,"column":26},"end":{"line":29,"column":59}},"line":29},"4":{"name":"(anonymous_4)","decl":{"start":{"line":36,"column":20},"end":{"line":36,"column":21}},"loc":{"start":{"line":36,"column":26},"end":{"line":39,"column":11}},"line":36}},"branchMap":{},"s":{"0":8,"1":8,"2":8,"3":4,"4":8,"5":1,"6":1,"7":1,"8":1},"f":{"0":8,"1":4,"2":1,"3":1,"4":1},"b":{},"_coverageSchema":"1a1c01bbd47fc00a2c39e90264f33305004495a9","hash":"7ee80a3c78b9a87604ba09b623811ddde8571df5"}
,"/home/portuga/trybe-projetos/sd-021-b-project-recipes-app/src/pages/RecipeDetails.js": {"path":"/home/portuga/trybe-projetos/sd-021-b-project-recipes-app/src/pages/RecipeDetails.js","statementMap":{"0":{"start":{"line":8,"column":42},"end":{"line":8,"column":61}},"1":{"start":{"line":9,"column":18},"end":{"line":9,"column":30}},"2":{"start":{"line":10,"column":23},"end":{"line":10,"column":39}},"3":{"start":{"line":11,"column":30},"end":{"line":11,"column":42}},"4":{"start":{"line":12,"column":13},"end":{"line":12,"column":35}},"5":{"start":{"line":13,"column":15},"end":{"line":13,"column":66}},"6":{"start":{"line":14,"column":38},"end":{"line":14,"column":53}},"7":{"start":{"line":15,"column":34},"end":{"line":15,"column":49}},"8":{"start":{"line":17,"column":2},"end":{"line":30,"column":32}},"9":{"start":{"line":18,"column":25},"end":{"line":28,"column":5}},"10":{"start":{"line":19,"column":6},"end":{"line":27,"column":7}},"11":{"start":{"line":20,"column":25},"end":{"line":20,"column":102}},"12":{"start":{"line":21,"column":21},"end":{"line":21,"column":42}},"13":{"start":{"line":22,"column":8},"end":{"line":22,"column":34}},"14":{"start":{"line":24,"column":25},"end":{"line":24,"column":98}},"15":{"start":{"line":25,"column":21},"end":{"line":25,"column":42}},"16":{"start":{"line":26,"column":8},"end":{"line":26,"column":33}},"17":{"start":{"line":29,"column":4},"end":{"line":29,"column":19}},"18":{"start":{"line":32,"column":2},"end":{"line":43,"column":30}},"19":{"start":{"line":33,"column":30},"end":{"line":33,"column":83}},"20":{"start":{"line":34,"column":4},"end":{"line":37,"column":5}},"21":{"start":{"line":35,"column":25},"end":{"line":35,"column":39}},"22":{"start":{"line":36,"column":6},"end":{"line":36,"column":26}},"23":{"start":{"line":39,"column":24},"end":{"line":39,"column":71}},"24":{"start":{"line":40,"column":4},"end":{"line":42,"column":5}},"25":{"start":{"line":40,"column":57},"end":{"line":40,"column":78}},"26":{"start":{"line":41,"column":6},"end":{"line":41,"column":24}},"27":{"start":{"line":45,"column":2},"end":{"line":102,"column":3}},"28":{"start":{"line":47,"column":40},"end":{"line":47,"column":46}},"29":{"start":{"line":48,"column":23},"end":{"line":48,"column":45}},"30":{"start":{"line":49,"column":31},"end":{"line":50,"column":56}},"31":{"start":{"line":50,"column":23},"end":{"line":50,"column":55}},"32":{"start":{"line":51,"column":28},"end":{"line":51,"column":70}},"33":{"start":{"line":51,"column":63},"end":{"line":51,"column":69}},"34":{"start":{"line":52,"column":24},"end":{"line":55,"column":10}},"35":{"start":{"line":53,"column":6},"end":{"line":53,"column":29}},"36":{"start":{"line":54,"column":6},"end":{"line":54,"column":17}},"37":{"start":{"line":57,"column":27},"end":{"line":58,"column":53}},"38":{"start":{"line":58,"column":23},"end":{"line":58,"column":52}},"39":{"start":{"line":59,"column":24},"end":{"line":59,"column":62}},"40":{"start":{"line":59,"column":55},"end":{"line":59,"column":61}},"41":{"start":{"line":60,"column":21},"end":{"line":63,"column":10}},"42":{"start":{"line":61,"column":6},"end":{"line":61,"column":29}},"43":{"start":{"line":62,"column":6},"end":{"line":62,"column":17}},"44":{"start":{"line":65,"column":4},"end":{"line":101,"column":6}},"45":{"start":{"line":77,"column":10},"end":{"line":83,"column":14}},"46":{"start":{"line":93,"column":14},"end":{"line":93,"column":56}},"47":{"start":{"line":94,"column":14},"end":{"line":94,"column":54}},"48":{"start":{"line":104,"column":78},"end":{"line":104,"column":84}},"49":{"start":{"line":105,"column":21},"end":{"line":105,"column":43}},"50":{"start":{"line":106,"column":29},"end":{"line":107,"column":54}},"51":{"start":{"line":107,"column":21},"end":{"line":107,"column":53}},"52":{"start":{"line":108,"column":26},"end":{"line":108,"column":68}},"53":{"start":{"line":108,"column":61},"end":{"line":108,"column":67}},"54":{"start":{"line":109,"column":22},"end":{"line":112,"column":8}},"55":{"start":{"line":110,"column":4},"end":{"line":110,"column":27}},"56":{"start":{"line":111,"column":4},"end":{"line":111,"column":15}},"57":{"start":{"line":114,"column":25},"end":{"line":115,"column":51}},"58":{"start":{"line":115,"column":21},"end":{"line":115,"column":50}},"59":{"start":{"line":116,"column":22},"end":{"line":116,"column":60}},"60":{"start":{"line":116,"column":53},"end":{"line":116,"column":59}},"61":{"start":{"line":117,"column":19},"end":{"line":120,"column":8}},"62":{"start":{"line":118,"column":4},"end":{"line":118,"column":27}},"63":{"start":{"line":119,"column":4},"end":{"line":119,"column":15}},"64":{"start":{"line":122,"column":22},"end":{"line":122,"column":63}},"65":{"start":{"line":124,"column":2},"end":{"line":169,"column":4}},"66":{"start":{"line":136,"column":8},"end":{"line":141,"column":12}},"67":{"start":{"line":162,"column":12},"end":{"line":162,"column":53}},"68":{"start":{"line":163,"column":12},"end":{"line":163,"column":51}}},"fnMap":{"0":{"name":"RecipesDetails","decl":{"start":{"line":7,"column":9},"end":{"line":7,"column":23}},"loc":{"start":{"line":7,"column":26},"end":{"line":170,"column":1}},"line":7},"1":{"name":"(anonymous_1)","decl":{"start":{"line":17,"column":12},"end":{"line":17,"column":13}},"loc":{"start":{"line":17,"column":18},"end":{"line":30,"column":3}},"line":17},"2":{"name":"(anonymous_2)","decl":{"start":{"line":18,"column":25},"end":{"line":18,"column":26}},"loc":{"start":{"line":18,"column":37},"end":{"line":28,"column":5}},"line":18},"3":{"name":"(anonymous_3)","decl":{"start":{"line":32,"column":12},"end":{"line":32,"column":13}},"loc":{"start":{"line":32,"column":18},"end":{"line":43,"column":3}},"line":32},"4":{"name":"(anonymous_4)","decl":{"start":{"line":35,"column":12},"end":{"line":35,"column":13}},"loc":{"start":{"line":35,"column":25},"end":{"line":35,"column":39}},"line":35},"5":{"name":"(anonymous_5)","decl":{"start":{"line":40,"column":40},"end":{"line":40,"column":41}},"loc":{"start":{"line":40,"column":57},"end":{"line":40,"column":78}},"line":40},"6":{"name":"(anonymous_6)","decl":{"start":{"line":50,"column":14},"end":{"line":50,"column":15}},"loc":{"start":{"line":50,"column":23},"end":{"line":50,"column":55}},"line":50},"7":{"name":"(anonymous_7)","decl":{"start":{"line":51,"column":54},"end":{"line":51,"column":55}},"loc":{"start":{"line":51,"column":63},"end":{"line":51,"column":69}},"line":51},"8":{"name":"(anonymous_8)","decl":{"start":{"line":52,"column":47},"end":{"line":52,"column":48}},"loc":{"start":{"line":52,"column":61},"end":{"line":55,"column":5}},"line":52},"9":{"name":"(anonymous_9)","decl":{"start":{"line":58,"column":14},"end":{"line":58,"column":15}},"loc":{"start":{"line":58,"column":23},"end":{"line":58,"column":52}},"line":58},"10":{"name":"(anonymous_10)","decl":{"start":{"line":59,"column":46},"end":{"line":59,"column":47}},"loc":{"start":{"line":59,"column":55},"end":{"line":59,"column":61}},"line":59},"11":{"name":"(anonymous_11)","decl":{"start":{"line":60,"column":40},"end":{"line":60,"column":41}},"loc":{"start":{"line":60,"column":54},"end":{"line":63,"column":5}},"line":60},"12":{"name":"(anonymous_12)","decl":{"start":{"line":76,"column":25},"end":{"line":76,"column":26}},"loc":{"start":{"line":77,"column":10},"end":{"line":83,"column":14}},"line":77},"13":{"name":"(anonymous_13)","decl":{"start":{"line":92,"column":22},"end":{"line":92,"column":23}},"loc":{"start":{"line":92,"column":28},"end":{"line":95,"column":13}},"line":92},"14":{"name":"(anonymous_14)","decl":{"start":{"line":107,"column":12},"end":{"line":107,"column":13}},"loc":{"start":{"line":107,"column":21},"end":{"line":107,"column":53}},"line":107},"15":{"name":"(anonymous_15)","decl":{"start":{"line":108,"column":52},"end":{"line":108,"column":53}},"loc":{"start":{"line":108,"column":61},"end":{"line":108,"column":67}},"line":108},"16":{"name":"(anonymous_16)","decl":{"start":{"line":109,"column":45},"end":{"line":109,"column":46}},"loc":{"start":{"line":109,"column":59},"end":{"line":112,"column":3}},"line":109},"17":{"name":"(anonymous_17)","decl":{"start":{"line":115,"column":12},"end":{"line":115,"column":13}},"loc":{"start":{"line":115,"column":21},"end":{"line":115,"column":50}},"line":115},"18":{"name":"(anonymous_18)","decl":{"start":{"line":116,"column":44},"end":{"line":116,"column":45}},"loc":{"start":{"line":116,"column":53},"end":{"line":116,"column":59}},"line":116},"19":{"name":"(anonymous_19)","decl":{"start":{"line":117,"column":38},"end":{"line":117,"column":39}},"loc":{"start":{"line":117,"column":52},"end":{"line":120,"column":3}},"line":117},"20":{"name":"(anonymous_20)","decl":{"start":{"line":135,"column":23},"end":{"line":135,"column":24}},"loc":{"start":{"line":136,"column":8},"end":{"line":141,"column":12}},"line":136},"21":{"name":"(anonymous_21)","decl":{"start":{"line":161,"column":20},"end":{"line":161,"column":21}},"loc":{"start":{"line":161,"column":26},"end":{"line":164,"column":11}},"line":161}},"branchMap":{"0":{"loc":{"start":{"line":13,"column":15},"end":{"line":13,"column":66}},"type":"cond-expr","locations":[{"start":{"line":13,"column":45},"end":{"line":13,"column":56}},{"start":{"line":13,"column":59},"end":{"line":13,"column":66}}],"line":13},"1":{"loc":{"start":{"line":19,"column":6},"end":{"line":27,"column":7}},"type":"if","locations":[{"start":{"line":19,"column":6},"end":{"line":27,"column":7}},{"start":{"line":23,"column":13},"end":{"line":27,"column":7}}],"line":19},"2":{"loc":{"start":{"line":34,"column":4},"end":{"line":37,"column":5}},"type":"if","locations":[{"start":{"line":34,"column":4},"end":{"line":37,"column":5}},{"start":{},"end":{}}],"line":34},"3":{"loc":{"start":{"line":34,"column":8},"end":{"line":35,"column":40}},"type":"binary-expr","locations":[{"start":{"line":34,"column":8},"end":{"line":34,"column":25}},{"start":{"line":34,"column":29},"end":{"line":35,"column":40}}],"line":34},"4":{"loc":{"start":{"line":40,"column":4},"end":{"line":42,"column":5}},"type":"if","locations":[{"start":{"line":40,"column":4},"end":{"line":42,"column":5}},{"start":{},"end":{}}],"line":40},"5":{"loc":{"start":{"line":40,"column":8},"end":{"line":40,"column":79}},"type":"binary-expr","locations":[{"start":{"line":40,"column":8},"end":{"line":40,"column":19}},{"start":{"line":40,"column":23},"end":{"line":40,"column":79}}],"line":40},"6":{"loc":{"start":{"line":45,"column":2},"end":{"line":102,"column":3}},"type":"if","locations":[{"start":{"line":45,"column":2},"end":{"line":102,"column":3}},{"start":{},"end":{}}],"line":45},"7":{"loc":{"start":{"line":81,"column":31},"end":{"line":82,"column":43}},"type":"cond-expr","locations":[{"start":{"line":82,"column":16},"end":{"line":82,"column":18}},{"start":{"line":82,"column":21},"end":{"line":82,"column":43}}],"line":81},"8":{"loc":{"start":{"line":87,"column":9},"end":{"line":99,"column":9}},"type":"binary-expr","locations":[{"start":{"line":87,"column":9},"end":{"line":87,"column":18}},{"start":{"line":88,"column":10},"end":{"line":98,"column":19}}],"line":87},"9":{"loc":{"start":{"line":97,"column":13},"end":{"line":97,"column":60}},"type":"cond-expr","locations":[{"start":{"line":97,"column":26},"end":{"line":97,"column":43}},{"start":{"line":97,"column":46},"end":{"line":97,"column":60}}],"line":97},"10":{"loc":{"start":{"line":140,"column":29},"end":{"line":140,"column":70}},"type":"binary-expr","locations":[{"start":{"line":140,"column":29},"end":{"line":140,"column":44}},{"start":{"line":140,"column":48},"end":{"line":140,"column":70}}],"line":140},"11":{"loc":{"start":{"line":156,"column":7},"end":{"line":167,"column":18}},"type":"binary-expr","locations":[{"start":{"line":156,"column":7},"end":{"line":156,"column":16}},{"start":{"line":157,"column":8},"end":{"line":167,"column":17}}],"line":156},"12":{"loc":{"start":{"line":166,"column":11},"end":{"line":166,"column":58}},"type":"cond-expr","locations":[{"start":{"line":166,"column":24},"end":{"line":166,"column":41}},{"start":{"line":166,"column":44},"end":{"line":166,"column":58}}],"line":166}},"s":{"0":76,"1":72,"2":72,"3":72,"4":72,"5":72,"6":72,"7":72,"8":72,"9":25,"10":25,"11":13,"12":11,"13":11,"14":12,"15":10,"16":10,"17":25,"18":72,"19":25,"20":25,"21":3,"22":3,"23":25,"24":25,"25":6,"26":3,"27":72,"28":37,"29":37,"30":37,"31":1071,"32":37,"33":315,"34":37,"35":63,"36":63,"37":37,"38":1071,"39":37,"40":315,"41":37,"42":21,"43":21,"44":37,"45":63,"46":1,"47":1,"48":35,"49":35,"50":35,"51":1077,"52":35,"53":420,"54":35,"55":267,"56":267,"57":35,"58":1077,"59":35,"60":420,"61":35,"62":420,"63":420,"64":35,"65":35,"66":267,"67":1,"68":1},"f":{"0":76,"1":25,"2":25,"3":25,"4":3,"5":6,"6":1071,"7":315,"8":63,"9":1071,"10":315,"11":21,"12":63,"13":1,"14":1077,"15":420,"16":267,"17":1077,"18":420,"19":420,"20":267,"21":1},"b":{"0":[37,35],"1":[13,12],"2":[3,22],"3":[25,3],"4":[3,22],"5":[25,3],"6":[37,35],"7":[42,21],"8":[37,32],"9":[4,28],"10":[267,267],"11":[35,34],"12":[4,30]},"_coverageSchema":"1a1c01bbd47fc00a2c39e90264f33305004495a9","hash":"eb628f8034091e5a4eb65203d5c958a164b9f4db"}
,"/home/portuga/trybe-projetos/sd-021-b-project-recipes-app/src/pages/RecipeInProgress.js": {"path":"/home/portuga/trybe-projetos/sd-021-b-project-recipes-app/src/pages/RecipeInProgress.js","statementMap":{"0":{"start":{"line":7,"column":30},"end":{"line":7,"column":42}},"1":{"start":{"line":8,"column":18},"end":{"line":8,"column":30}},"2":{"start":{"line":9,"column":23},"end":{"line":9,"column":39}},"3":{"start":{"line":10,"column":13},"end":{"line":10,"column":35}},"4":{"start":{"line":11,"column":34},"end":{"line":11,"column":48}},"5":{"start":{"line":13,"column":2},"end":{"line":26,"column":32}},"6":{"start":{"line":14,"column":25},"end":{"line":24,"column":5}},"7":{"start":{"line":15,"column":6},"end":{"line":23,"column":7}},"8":{"start":{"line":16,"column":25},"end":{"line":16,"column":102}},"9":{"start":{"line":17,"column":21},"end":{"line":17,"column":42}},"10":{"start":{"line":18,"column":8},"end":{"line":18,"column":34}},"11":{"start":{"line":20,"column":25},"end":{"line":20,"column":98}},"12":{"start":{"line":21,"column":21},"end":{"line":21,"column":42}},"13":{"start":{"line":22,"column":8},"end":{"line":22,"column":33}},"14":{"start":{"line":25,"column":4},"end":{"line":25,"column":19}},"15":{"start":{"line":28,"column":2},"end":{"line":80,"column":3}},"16":{"start":{"line":30,"column":71},"end":{"line":30,"column":77}},"17":{"start":{"line":32,"column":31},"end":{"line":42,"column":5}},"18":{"start":{"line":44,"column":4},"end":{"line":79,"column":6}},"19":{"start":{"line":65,"column":14},"end":{"line":65,"column":44}},"20":{"start":{"line":66,"column":31},"end":{"line":66,"column":78}},"21":{"start":{"line":67,"column":14},"end":{"line":72,"column":15}},"22":{"start":{"line":68,"column":16},"end":{"line":68,"column":90}},"23":{"start":{"line":70,"column":16},"end":{"line":71,"column":69}},"24":{"start":{"line":83,"column":72},"end":{"line":83,"column":78}},"25":{"start":{"line":85,"column":28},"end":{"line":95,"column":3}},"26":{"start":{"line":97,"column":2},"end":{"line":132,"column":4}},"27":{"start":{"line":118,"column":12},"end":{"line":118,"column":42}},"28":{"start":{"line":119,"column":29},"end":{"line":119,"column":76}},"29":{"start":{"line":120,"column":12},"end":{"line":125,"column":13}},"30":{"start":{"line":121,"column":14},"end":{"line":121,"column":87}},"31":{"start":{"line":123,"column":14},"end":{"line":124,"column":66}}},"fnMap":{"0":{"name":"RecipeInProgress","decl":{"start":{"line":6,"column":9},"end":{"line":6,"column":25}},"loc":{"start":{"line":6,"column":28},"end":{"line":133,"column":1}},"line":6},"1":{"name":"(anonymous_1)","decl":{"start":{"line":13,"column":12},"end":{"line":13,"column":13}},"loc":{"start":{"line":13,"column":18},"end":{"line":26,"column":3}},"line":13},"2":{"name":"(anonymous_2)","decl":{"start":{"line":14,"column":25},"end":{"line":14,"column":26}},"loc":{"start":{"line":14,"column":37},"end":{"line":24,"column":5}},"line":14},"3":{"name":"(anonymous_3)","decl":{"start":{"line":64,"column":22},"end":{"line":64,"column":23}},"loc":{"start":{"line":64,"column":28},"end":{"line":73,"column":13}},"line":64},"4":{"name":"(anonymous_4)","decl":{"start":{"line":117,"column":20},"end":{"line":117,"column":21}},"loc":{"start":{"line":117,"column":26},"end":{"line":126,"column":11}},"line":117}},"branchMap":{"0":{"loc":{"start":{"line":15,"column":6},"end":{"line":23,"column":7}},"type":"if","locations":[{"start":{"line":15,"column":6},"end":{"line":23,"column":7}},{"start":{"line":19,"column":13},"end":{"line":23,"column":7}}],"line":15},"1":{"loc":{"start":{"line":28,"column":2},"end":{"line":80,"column":3}},"type":"if","locations":[{"start":{"line":28,"column":2},"end":{"line":80,"column":3}},{"start":{},"end":{}}],"line":28},"2":{"loc":{"start":{"line":41,"column":12},"end":{"line":41,"column":37}},"type":"binary-expr","locations":[{"start":{"line":41,"column":12},"end":{"line":41,"column":31}},{"start":{"line":41,"column":35},"end":{"line":41,"column":37}}],"line":41},"3":{"loc":{"start":{"line":67,"column":14},"end":{"line":72,"column":15}},"type":"if","locations":[{"start":{"line":67,"column":14},"end":{"line":72,"column":15}},{"start":{"line":69,"column":21},"end":{"line":72,"column":15}}],"line":67},"4":{"loc":{"start":{"line":94,"column":10},"end":{"line":94,"column":35}},"type":"binary-expr","locations":[{"start":{"line":94,"column":10},"end":{"line":94,"column":29}},{"start":{"line":94,"column":33},"end":{"line":94,"column":35}}],"line":94},"5":{"loc":{"start":{"line":120,"column":12},"end":{"line":125,"column":13}},"type":"if","locations":[{"start":{"line":120,"column":12},"end":{"line":125,"column":13}},{"start":{"line":122,"column":19},"end":{"line":125,"column":13}}],"line":120}},"s":{"0":91,"1":90,"2":90,"3":90,"4":90,"5":90,"6":7,"7":7,"8":4,"9":4,"10":4,"11":3,"12":3,"13":3,"14":7,"15":90,"16":28,"17":28,"18":28,"19":2,"20":2,"21":2,"22":1,"23":1,"24":62,"25":62,"26":62,"27":2,"28":2,"29":2,"30":1,"31":1},"f":{"0":91,"1":7,"2":7,"3":2,"4":2},"b":{"0":[4,3],"1":[28,62],"2":[28,28],"3":[1,1],"4":[62,3],"5":[1,1]},"_coverageSchema":"1a1c01bbd47fc00a2c39e90264f33305004495a9","hash":"ad7d09a228ab1a6bd6080e6676d8ef139e86a39d"}
}
