TN:
SF:src/App.js
FN:13,App
FNF:1
FNH:1
FNDA:76,App
DA:14,76
LF:1
LH:1
BRF:0
BRH:0
end_of_record
TN:
SF:src/components/ButtonsFavorite.js
FN:9,ButtonsFavorite
FN:12,(anonymous_1)
FN:18,(anonymous_2)
FN:21,(anonymous_3)
FN:23,(anonymous_4)
FN:33,(anonymous_5)
FNF:6
FNH:5
FNDA:18,ButtonsFavorite
FNDA:1,(anonymous_1)
FNDA:0,(anonymous_2)
FNDA:1,(anonymous_3)
FNDA:2,(anonymous_4)
FNDA:1,(anonymous_5)
DA:7,15
DA:10,18
DA:12,18
DA:13,1
DA:14,1
DA:15,1
DA:16,1
DA:17,1
DA:18,1
DA:21,18
DA:22,1
DA:23,2
DA:24,1
DA:25,1
DA:28,18
DA:33,1
DA:51,15
LF:17
LH:17
BRDA:38,0,0,18
BRDA:38,0,1,1
BRF:2
BRH:2
end_of_record
TN:
SF:src/components/Categories.js
FN:12,Categories
FN:19,(anonymous_1)
FN:20,(anonymous_2)
FN:29,(anonymous_3)
FN:43,(anonymous_4)
FN:69,(anonymous_5)
FN:78,(anonymous_6)
FN:85,(anonymous_7)
FNF:8
FNH:8
FNDA:220,Categories
FNDA:42,(anonymous_1)
FNDA:42,(anonymous_2)
FNDA:21,(anonymous_3)
FNDA:19,(anonymous_4)
FNDA:2,(anonymous_5)
FNDA:890,(anonymous_6)
FNDA:19,(anonymous_7)
DA:6,15
DA:7,15
DA:9,15
DA:10,15
DA:13,220
DA:14,220
DA:15,220
DA:16,220
DA:17,220
DA:19,220
DA:20,42
DA:21,42
DA:22,37
DA:23,37
DA:24,37
DA:26,42
DA:29,220
DA:30,21
DA:31,9
DA:32,9
DA:33,9
DA:34,9
DA:36,12
DA:37,12
DA:38,12
DA:39,12
DA:43,220
DA:44,19
DA:45,19
DA:46,19
DA:47,19
DA:49,19
DA:50,7
DA:51,7
DA:52,12
DA:53,1
DA:54,1
DA:55,11
DA:56,10
DA:57,10
DA:59,1
DA:60,1
DA:64,220
DA:70,2
DA:71,2
DA:79,890
DA:80,890
DA:85,19
DA:95,15
LF:49
LH:49
BRDA:30,0,0,9
BRDA:30,0,1,12
BRDA:49,1,0,7
BRDA:49,1,1,12
BRDA:49,2,0,19
BRDA:49,2,1,8
BRDA:52,3,0,1
BRDA:52,3,1,11
BRDA:55,4,0,10
BRDA:55,4,1,1
BRDA:71,5,0,1
BRDA:71,5,1,1
BRF:12
BRH:12
end_of_record
TN:
SF:src/components/Footer.js
FN:6,Footer
FN:18,(anonymous_1)
FN:24,(anonymous_2)
FNF:3
FNH:3
FNDA:50,Footer
FNDA:1,(anonymous_1)
FNDA:1,(anonymous_2)
DA:7,50
DA:8,50
DA:18,1
DA:24,1
LF:4
LH:4
BRF:0
BRH:0
end_of_record
TN:
SF:src/components/Header.js
FN:8,Header
FN:14,(anonymous_1)
FN:19,(anonymous_2)
FNF:3
FNH:3
FNDA:100,Header
FNDA:1,(anonymous_1)
FNDA:12,(anonymous_2)
DA:9,100
DA:10,100
DA:11,100
DA:14,1
DA:19,12
DA:33,15
LF:6
LH:6
BRDA:18,0,0,100
BRDA:18,0,1,54
BRDA:28,1,0,100
BRDA:28,1,1,12
BRF:4
BRH:4
end_of_record
TN:
SF:src/components/InteractionButtons.js
FN:11,InteractionButtons
FN:17,(anonymous_1)
FN:20,(anonymous_2)
FN:23,(anonymous_3)
FN:28,(anonymous_4)
FN:31,(anonymous_5)
FN:34,(anonymous_6)
FN:47,(anonymous_7)
FN:75,(anonymous_8)
FN:80,(anonymous_9)
FNF:10
FNH:9
FNDA:101,InteractionButtons
FNDA:57,(anonymous_1)
FNDA:6,(anonymous_2)
FNDA:4,(anonymous_3)
FNDA:6,(anonymous_4)
FNDA:2,(anonymous_5)
FNDA:2,(anonymous_6)
FNDA:6,(anonymous_7)
FNDA:1,(anonymous_8)
FNDA:0,(anonymous_9)
DA:9,15
DA:12,101
DA:13,101
DA:14,101
DA:15,101
DA:17,101
DA:18,57
DA:19,57
DA:20,6
DA:21,5
DA:22,52
DA:23,4
DA:24,3
DA:28,101
DA:29,6
DA:30,6
DA:31,4
DA:32,4
DA:33,2
DA:34,2
DA:35,2
DA:37,2
DA:38,2
DA:39,2
DA:42,2
DA:43,2
DA:47,101
DA:48,6
DA:49,3
DA:50,3
DA:59,3
DA:61,3
DA:62,3
DA:71,3
DA:75,101
DA:76,1
DA:77,1
DA:78,1
DA:79,1
DA:80,1
DA:83,101
DA:104,15
LF:42
LH:42
BRDA:19,0,0,5
BRDA:19,0,1,52
BRDA:19,1,0,57
BRDA:19,1,1,30
BRDA:21,2,0,2
BRDA:21,2,1,3
BRDA:22,3,0,3
BRDA:22,3,1,49
BRDA:24,4,0,1
BRDA:24,4,1,2
BRDA:30,5,0,4
BRDA:30,5,1,2
BRDA:32,6,0,2
BRDA:32,6,1,2
BRDA:48,7,0,3
BRDA:48,7,1,3
BRDA:92,8,0,101
BRDA:92,8,1,4
BRDA:95,9,0,8
BRDA:95,9,1,93
BRF:20
BRH:20
end_of_record
TN:
SF:src/components/ListIngredients.js
FN:6,ListIngredients
FN:15,(anonymous_1)
FN:18,(anonymous_2)
FN:19,(anonymous_3)
FN:20,(anonymous_4)
FN:27,(anonymous_5)
FN:30,(anonymous_6)
FN:36,(anonymous_7)
FN:52,(anonymous_8)
FN:56,(anonymous_9)
FN:57,(anonymous_10)
FN:58,(anonymous_11)
FN:72,(anonymous_12)
FN:83,(anonymous_13)
FN:84,(anonymous_14)
FN:95,(anonymous_15)
FN:106,(anonymous_16)
FNF:17
FNH:17
FNDA:151,ListIngredients
FNDA:14,(anonymous_1)
FNDA:361,(anonymous_2)
FNDA:120,(anonymous_3)
FNDA:54,(anonymous_4)
FNDA:40,(anonymous_5)
FNDA:173,(anonymous_6)
FNDA:3,(anonymous_7)
FNDA:97,(anonymous_8)
FNDA:83,(anonymous_9)
FNDA:858,(anonymous_10)
FNDA:7250,(anonymous_11)
FNDA:1156,(anonymous_12)
FNDA:33,(anonymous_13)
FNDA:5008,(anonymous_14)
FNDA:158,(anonymous_15)
FNDA:7,(anonymous_16)
DA:7,151
DA:8,151
DA:9,151
DA:10,151
DA:11,151
DA:12,151
DA:13,151
DA:15,151
DA:16,14
DA:17,14
DA:18,361
DA:19,120
DA:20,14
DA:21,54
DA:22,54
DA:24,14
DA:27,151
DA:28,40
DA:29,40
DA:30,173
DA:31,40
DA:32,1
DA:36,3
DA:39,1
DA:41,39
DA:48,39
DA:52,151
DA:53,97
DA:54,97
DA:55,83
DA:56,83
DA:57,83
DA:58,7250
DA:59,419
DA:61,439
DA:65,83
DA:69,151
DA:70,108
DA:73,1156
DA:83,33
DA:84,5008
DA:93,43
DA:96,158
DA:106,7
DA:115,15
LF:45
LH:45
BRDA:12,0,0,52
BRDA:12,0,1,99
BRDA:31,1,0,1
BRDA:31,1,1,39
BRDA:54,2,0,83
BRDA:54,2,1,14
BRDA:54,3,0,97
BRDA:54,3,1,91
BRDA:58,4,0,419
BRDA:58,4,1,439
BRDA:69,5,0,108
BRDA:69,5,1,43
BRF:12
BRH:12
end_of_record
TN:
SF:src/components/Recipes.js
FN:5,Recipes
FN:15,(anonymous_1)
FN:33,(anonymous_2)
FN:41,(anonymous_3)
FN:63,(anonymous_4)
FN:69,(anonymous_5)
FNF:6
FNH:6
FNDA:180,Recipes
FNDA:1,(anonymous_1)
FNDA:884,(anonymous_2)
FNDA:2,(anonymous_3)
FNDA:468,(anonymous_4)
FNDA:3,(anonymous_5)
DA:6,180
DA:8,179
DA:9,179
DA:10,105
DA:11,2
DA:15,1
DA:31,103
DA:34,884
DA:35,884
DA:41,2
DA:61,74
DA:64,468
DA:65,468
DA:69,3
LF:14
LH:14
BRDA:9,0,0,105
BRDA:9,0,1,74
BRDA:10,1,0,2
BRDA:10,1,1,103
BRDA:10,2,0,105
BRDA:10,2,1,4
BRDA:32,3,0,103
BRDA:32,3,1,77
BRDA:37,4,0,884
BRDA:37,4,1,1
BRDA:37,4,2,1
BRDA:62,5,0,74
BRDA:62,5,1,41
BRDA:65,6,0,1
BRDA:65,6,1,467
BRF:15
BRH:15
end_of_record
TN:
SF:src/components/Recommendation.js
FN:6,Recommendation
FN:11,(anonymous_1)
FN:16,(anonymous_2)
FN:21,(anonymous_3)
FN:22,(anonymous_4)
FN:48,(anonymous_5)
FN:76,(anonymous_6)
FNF:7
FNH:7
FNDA:94,Recommendation
FNDA:1,(anonymous_1)
FNDA:1,(anonymous_2)
FNDA:25,(anonymous_3)
FNDA:25,(anonymous_4)
FNDA:180,(anonymous_5)
FNDA:180,(anonymous_6)
DA:4,15
DA:7,94
DA:8,90
DA:9,90
DA:11,90
DA:12,1
DA:13,1
DA:16,90
DA:17,1
DA:18,1
DA:21,90
DA:22,25
DA:23,25
DA:24,13
DA:25,11
DA:26,11
DA:28,12
DA:29,10
DA:30,10
DA:33,25
DA:36,90
DA:37,46
DA:49,180
DA:64,44
DA:77,180
LF:25
LH:25
BRDA:23,0,0,13
BRDA:23,0,1,12
BRDA:36,1,0,46
BRDA:36,1,1,44
BRDA:47,2,0,46
BRDA:47,2,1,30
BRDA:75,3,0,44
BRDA:75,3,1,30
BRF:8
BRH:8
end_of_record
TN:
SF:src/components/SearchBar.js
FN:4,SearchBar
FN:20,(anonymous_1)
FN:31,(anonymous_2)
FN:47,(anonymous_3)
FN:63,(anonymous_4)
FN:75,(anonymous_5)
FNF:6
FNH:6
FNDA:84,SearchBar
FNDA:37,(anonymous_1)
FNDA:3,(anonymous_2)
FNDA:4,(anonymous_3)
FNDA:4,(anonymous_4)
FNDA:11,(anonymous_5)
DA:5,84
DA:6,84
DA:7,84
DA:8,84
DA:9,84
DA:11,84
DA:20,37
DA:32,3
DA:33,3
DA:34,3
DA:48,4
DA:49,4
DA:50,4
DA:64,4
DA:65,4
DA:66,4
DA:76,11
DA:77,11
DA:78,11
DA:79,3
DA:80,8
DA:81,1
LF:22
LH:22
BRDA:76,0,0,3
BRDA:76,0,1,8
BRDA:77,1,0,4
BRDA:77,1,1,7
BRDA:78,2,0,3
BRDA:78,2,1,8
BRDA:78,3,0,11
BRDA:78,3,1,4
BRDA:80,4,0,1
BRDA:80,4,1,7
BRDA:80,5,0,8
BRDA:80,5,1,1
BRF:12
BRH:12
end_of_record
TN:
SF:src/components/ShareButton.js
FN:8,ShareButton
FN:11,(anonymous_1)
FN:17,(anonymous_2)
FN:25,(anonymous_3)
FNF:4
FNH:3
FNDA:23,ShareButton
FNDA:1,(anonymous_1)
FNDA:0,(anonymous_2)
FNDA:1,(anonymous_3)
DA:6,15
DA:9,23
DA:11,23
DA:12,1
DA:13,1
DA:14,1
DA:15,1
DA:16,1
DA:17,1
DA:20,23
DA:25,1
DA:35,15
LF:12
LH:12
BRDA:30,0,0,23
BRDA:30,0,1,1
BRF:2
BRH:2
end_of_record
TN:
SF:src/context/Provider.js
FN:10,Provider
FN:24,(anonymous_1)
FN:61,(anonymous_2)
FN:62,(anonymous_3)
FN:75,(anonymous_4)
FN:76,(anonymous_5)
FN:93,(anonymous_6)
FN:94,(anonymous_7)
FNF:8
FNH:8
FNDA:377,Provider
FNDA:155,(anonymous_1)
FNDA:76,(anonymous_2)
FNDA:76,(anonymous_3)
FNDA:74,(anonymous_4)
FNDA:74,(anonymous_5)
FNDA:82,(anonymous_6)
FNDA:82,(anonymous_7)
DA:6,15
DA:8,15
DA:11,377
DA:12,377
DA:13,377
DA:14,377
DA:15,377
DA:16,377
DA:17,377
DA:18,377
DA:19,377
DA:20,377
DA:21,377
DA:22,377
DA:24,377
DA:25,155
DA:26,155
DA:27,90
DA:28,6
DA:35,6
DA:36,6
DA:37,84
DA:38,83
DA:45,83
DA:46,83
DA:48,1
DA:55,1
DA:56,1
DA:61,377
DA:62,76
DA:63,76
DA:64,61
DA:65,61
DA:66,1
DA:67,1
DA:69,60
DA:70,60
DA:72,76
DA:75,377
DA:76,74
DA:77,74
DA:78,74
DA:79,59
DA:80,59
DA:81,1
DA:82,1
DA:84,57
DA:85,57
DA:87,1
DA:90,74
DA:93,377
DA:94,82
DA:95,82
DA:96,1
DA:98,81
DA:100,2
DA:104,4
DA:108,3
DA:112,72
DA:115,82
DA:118,377
DA:136,15
LF:62
LH:62
BRDA:22,0,0,144
BRDA:22,0,1,233
BRDA:26,1,0,90
BRDA:26,1,1,65
BRDA:26,2,0,155
BRDA:26,2,1,103
BRDA:27,3,0,6
BRDA:27,3,1,84
BRDA:37,4,0,83
BRDA:37,4,1,1
BRDA:65,5,0,1
BRDA:65,5,1,60
BRDA:80,6,0,1
BRDA:80,6,1,57
BRDA:95,7,0,1
BRDA:95,7,1,81
BRDA:95,8,0,82
BRDA:95,8,1,29
BRDA:98,9,0,2
BRDA:98,9,1,4
BRDA:98,9,2,3
BRDA:98,9,3,72
BRDA:100,10,0,1
BRDA:100,10,1,1
BRDA:104,11,0,2
BRDA:104,11,1,2
BRDA:108,12,0,1
BRDA:108,12,1,2
BRF:28
BRH:28
end_of_record
TN:
SF:src/context/context.js
FNF:0
FNH:0
DA:3,15
LF:1
LH:1
BRF:0
BRH:0
end_of_record
TN:
SF:src/pages/DoneRecipes.js
FN:6,DoneRecipes
FN:11,(anonymous_1)
FN:16,(anonymous_2)
FN:18,(anonymous_3)
FN:21,(anonymous_4)
FN:36,(anonymous_5)
FN:43,(anonymous_6)
FN:50,(anonymous_7)
FN:57,(anonymous_8)
FN:63,(anonymous_9)
FN:84,(anonymous_10)
FNF:11
FNH:11
FNDA:21,DoneRecipes
FNDA:9,(anonymous_1)
FNDA:3,(anonymous_2)
FNDA:3,(anonymous_3)
FNDA:3,(anonymous_4)
FNDA:1,(anonymous_5)
FNDA:1,(anonymous_6)
FNDA:1,(anonymous_7)
FNDA:22,(anonymous_8)
FNDA:2,(anonymous_9)
FNDA:7,(anonymous_10)
DA:7,21
DA:8,21
DA:9,21
DA:11,21
DA:12,9
DA:13,9
DA:16,21
DA:17,3
DA:18,3
DA:19,1
DA:20,2
DA:21,3
DA:22,1
DA:24,1
DA:28,21
DA:36,1
DA:43,1
DA:50,1
DA:59,22
DA:60,22
DA:64,2
DA:65,1
DA:67,1
DA:85,7
LF:24
LH:24
BRDA:17,0,0,1
BRDA:17,0,1,2
BRDA:20,1,0,1
BRDA:20,1,1,1
BRDA:31,2,0,21
BRDA:31,2,1,11
BRDA:56,3,0,21
BRDA:56,3,1,11
BRDA:64,4,0,1
BRDA:64,4,1,1
BRDA:81,5,0,15
BRDA:81,5,1,7
BRF:12
BRH:12
end_of_record
TN:
SF:src/pages/Drinks.js
FN:7,Drinks
FNF:1
FNH:1
FNDA:18,Drinks
DA:8,18
LF:1
LH:1
BRF:0
BRH:0
end_of_record
TN:
SF:src/pages/FavoriteRecipes.js
FN:6,FavoriteRecipes
FN:12,(anonymous_1)
FN:17,(anonymous_2)
FN:19,(anonymous_3)
FN:22,(anonymous_4)
FN:37,(anonymous_5)
FN:44,(anonymous_6)
FN:51,(anonymous_7)
FN:58,(anonymous_8)
FN:63,(anonymous_9)
FNF:10
FNH:10
FNDA:17,FavoriteRecipes
FNDA:7,(anonymous_1)
FNDA:3,(anonymous_2)
FNDA:2,(anonymous_3)
FNDA:2,(anonymous_4)
FNDA:1,(anonymous_5)
FNDA:1,(anonymous_6)
FNDA:1,(anonymous_7)
FNDA:17,(anonymous_8)
FNDA:2,(anonymous_9)
DA:7,17
DA:8,17
DA:9,17
DA:10,17
DA:12,17
DA:13,7
DA:14,7
DA:17,17
DA:18,3
DA:19,2
DA:20,1
DA:21,2
DA:22,2
DA:23,1
DA:25,1
DA:29,17
DA:37,1
DA:44,1
DA:51,1
DA:59,17
DA:60,17
DA:64,2
DA:65,1
DA:67,1
LF:24
LH:24
BRDA:18,0,0,1
BRDA:18,0,1,2
BRDA:21,1,0,1
BRDA:21,1,1,1
BRDA:32,2,0,17
BRDA:32,2,1,10
BRDA:57,3,0,17
BRDA:57,3,1,10
BRDA:64,4,0,1
BRDA:64,4,1,1
BRDA:81,5,0,8
BRDA:81,5,1,9
BRF:12
BRH:12
end_of_record
TN:
SF:src/pages/Foods.js
FN:7,Foods
FNF:1
FNH:1
FNDA:26,Foods
DA:8,26
LF:1
LH:1
BRF:0
BRH:0
end_of_record
TN:
SF:src/pages/Login.js
FN:6,Login
FN:11,(anonymous_1)
FN:12,(anonymous_2)
FN:23,(anonymous_3)
FN:43,(anonymous_4)
FN:55,(anonymous_5)
FN:62,(anonymous_6)
FNF:7
FNH:7
FNDA:64,Login
FNDA:33,(anonymous_1)
FNDA:33,(anonymous_2)
FNDA:1,(anonymous_3)
FNDA:24,(anonymous_4)
FNDA:7,(anonymous_5)
FNDA:1,(anonymous_6)
DA:4,15
DA:7,64
DA:8,64
DA:9,64
DA:11,64
DA:12,33
DA:13,33
DA:14,33
DA:15,1
DA:17,32
DA:20,33
DA:23,64
DA:24,1
DA:27,1
DA:28,1
DA:29,1
DA:30,1
DA:33,64
DA:43,24
DA:55,7
DA:62,1
DA:70,15
LF:22
LH:22
BRDA:14,0,0,1
BRDA:14,0,1,32
BRDA:14,1,0,33
BRDA:14,1,1,10
BRF:4
BRH:4
end_of_record
TN:
SF:src/pages/Profile.js
FN:6,Profile
FN:10,(anonymous_1)
FN:22,(anonymous_2)
FN:29,(anonymous_3)
FN:36,(anonymous_4)
FNF:5
FNH:5
FNDA:8,Profile
FNDA:4,(anonymous_1)
FNDA:1,(anonymous_2)
FNDA:1,(anonymous_3)
FNDA:1,(anonymous_4)
DA:7,8
DA:8,8
DA:10,8
DA:11,4
DA:14,8
DA:22,1
DA:29,1
DA:37,1
DA:38,1
LF:9
LH:9
BRF:0
BRH:0
end_of_record
TN:
SF:src/pages/RecipeDetails.js
FN:7,RecipesDetails
FN:17,(anonymous_1)
FN:18,(anonymous_2)
FN:32,(anonymous_3)
FN:35,(anonymous_4)
FN:40,(anonymous_5)
FN:50,(anonymous_6)
FN:51,(anonymous_7)
FN:52,(anonymous_8)
FN:58,(anonymous_9)
FN:59,(anonymous_10)
FN:60,(anonymous_11)
FN:76,(anonymous_12)
FN:92,(anonymous_13)
FN:107,(anonymous_14)
FN:108,(anonymous_15)
FN:109,(anonymous_16)
FN:115,(anonymous_17)
FN:116,(anonymous_18)
FN:117,(anonymous_19)
FN:135,(anonymous_20)
FN:161,(anonymous_21)
FNF:22
FNH:22
FNDA:76,RecipesDetails
FNDA:25,(anonymous_1)
FNDA:25,(anonymous_2)
FNDA:25,(anonymous_3)
FNDA:3,(anonymous_4)
FNDA:6,(anonymous_5)
FNDA:1071,(anonymous_6)
FNDA:315,(anonymous_7)
FNDA:63,(anonymous_8)
FNDA:1071,(anonymous_9)
FNDA:315,(anonymous_10)
FNDA:21,(anonymous_11)
FNDA:63,(anonymous_12)
FNDA:1,(anonymous_13)
FNDA:1077,(anonymous_14)
FNDA:420,(anonymous_15)
FNDA:267,(anonymous_16)
FNDA:1077,(anonymous_17)
FNDA:420,(anonymous_18)
FNDA:420,(anonymous_19)
FNDA:267,(anonymous_20)
FNDA:1,(anonymous_21)
DA:8,76
DA:9,72
DA:10,72
DA:11,72
DA:12,72
DA:13,72
DA:14,72
DA:15,72
DA:17,72
DA:18,25
DA:19,25
DA:20,13
DA:21,11
DA:22,11
DA:24,12
DA:25,10
DA:26,10
DA:29,25
DA:32,72
DA:33,25
DA:34,25
DA:35,3
DA:36,3
DA:39,25
DA:40,25
DA:41,3
DA:45,72
DA:47,37
DA:48,37
DA:49,37
DA:50,1071
DA:51,315
DA:52,37
DA:53,63
DA:54,63
DA:57,37
DA:58,1071
DA:59,315
DA:60,37
DA:61,21
DA:62,21
DA:65,37
DA:77,63
DA:93,1
DA:94,1
DA:104,35
DA:105,35
DA:106,35
DA:107,1077
DA:108,420
DA:109,35
DA:110,267
DA:111,267
DA:114,35
DA:115,1077
DA:116,420
DA:117,35
DA:118,420
DA:119,420
DA:122,35
DA:124,35
DA:136,267
DA:162,1
DA:163,1
LF:64
LH:64
BRDA:13,0,0,37
BRDA:13,0,1,35
BRDA:19,1,0,13
BRDA:19,1,1,12
BRDA:34,2,0,3
BRDA:34,2,1,22
BRDA:34,3,0,25
BRDA:34,3,1,3
BRDA:40,4,0,3
BRDA:40,4,1,22
BRDA:40,5,0,25
BRDA:40,5,1,3
BRDA:45,6,0,37
BRDA:45,6,1,35
BRDA:81,7,0,42
BRDA:81,7,1,21
BRDA:87,8,0,37
BRDA:87,8,1,32
BRDA:97,9,0,4
BRDA:97,9,1,28
BRDA:140,10,0,267
BRDA:140,10,1,267
BRDA:156,11,0,35
BRDA:156,11,1,34
BRDA:166,12,0,4
BRDA:166,12,1,30
BRF:26
BRH:26
end_of_record
TN:
SF:src/pages/RecipeInProgress.js
FN:6,RecipeInProgress
FN:13,(anonymous_1)
FN:14,(anonymous_2)
FN:64,(anonymous_3)
FN:117,(anonymous_4)
FNF:5
FNH:5
FNDA:91,RecipeInProgress
FNDA:7,(anonymous_1)
FNDA:7,(anonymous_2)
FNDA:2,(anonymous_3)
FNDA:2,(anonymous_4)
DA:7,91
DA:8,90
DA:9,90
DA:10,90
DA:11,90
DA:13,90
DA:14,7
DA:15,7
DA:16,4
DA:17,4
DA:18,4
DA:20,3
DA:21,3
DA:22,3
DA:25,7
DA:28,90
DA:30,28
DA:32,28
DA:44,28
DA:65,2
DA:66,2
DA:67,2
DA:68,1
DA:70,1
DA:83,62
DA:85,62
DA:97,62
DA:118,2
DA:119,2
DA:120,2
DA:121,1
DA:123,1
LF:32
LH:32
BRDA:15,0,0,4
BRDA:15,0,1,3
BRDA:28,1,0,28
BRDA:28,1,1,62
BRDA:41,2,0,28
BRDA:41,2,1,28
BRDA:67,3,0,1
BRDA:67,3,1,1
BRDA:94,4,0,62
BRDA:94,4,1,3
BRDA:120,5,0,1
BRDA:120,5,1,1
BRF:12
BRH:12
end_of_record
